This file contains any messages produced by compilers while
running configure, to aid debugging if configure makes a mistake.

It was created by axis2c-src configure 1.6.0, which was
generated by GNU Autoconf 2.63.  Invocation command line was

  $ ./configure --disable-option-checking --prefix=/usr/lib64/php/modules/wsf_c --cache-file=/dev/null --srcdir=.

## --------- ##
## Platform. ##
## --------- ##

hostname = localhost.localdomain
uname -m = x86_64
uname -r = 3.19.3-200.fc21.x86_64
uname -s = Linux
uname -v = #1 SMP Thu Mar 26 21:39:42 UTC 2015

/usr/bin/uname -p = x86_64
/bin/uname -X     = unknown

/bin/arch              = x86_64
/usr/bin/arch -k       = unknown
/usr/convex/getsysinfo = unknown
/usr/bin/hostinfo      = unknown
/bin/machine           = unknown
/usr/bin/oslevel       = unknown
/bin/universe          = unknown

PATH: /usr/lib64/qt-3.3/bin
PATH: /usr/local/bin
PATH: /usr/local/sbin
PATH: /usr/bin
PATH: /usr/sbin
PATH: /bin
PATH: /sbin
PATH: /usr/local/jdk1.7.0_79/bin
PATH: /usr/local/maven/bin
PATH: /home/josh/projects/go/bin
PATH: /opt/PostgreSQL/9.4/bin
PATH: /usr/local/mybatis-migrations-3.2.0/bin
PATH: /home/josh/.local/bin
PATH: /home/josh/bin


## ----------- ##
## Core tests. ##
## ----------- ##

configure:2168: checking build system type
configure:2186: result: x86_64-unknown-linux-gnu
configure:2208: checking host system type
configure:2223: result: x86_64-unknown-linux-gnu
configure:2245: checking target system type
configure:2260: result: x86_64-unknown-linux-gnu
configure:2306: checking for a BSD-compatible install
configure:2374: result: /usr/bin/install -c
configure:2385: checking whether build environment is sane
configure:2428: result: yes
configure:2453: checking for a thread-safe mkdir -p
configure:2492: result: /usr/bin/mkdir -p
configure:2505: checking for gawk
configure:2521: found /usr/bin/gawk
configure:2532: result: gawk
configure:2543: checking whether make sets $(MAKE)
configure:2565: result: yes
configure:2744: checking how to create a ustar tar archive
configure:2757: tar --version
tar (GNU tar) 1.27.1
Copyright (C) 2013 Free Software Foundation, Inc.
License GPLv3+: GNU GPL version 3 or later <http://gnu.org/licenses/gpl.html>.
This is free software: you are free to change and redistribute it.
There is NO WARRANTY, to the extent permitted by law.

Written by John Gilmore and Jay Fenlason.
configure:2760: $? = 0
configure:2800: tardir=conftest.dir && eval tar --format=ustar -chf - "$tardir" >conftest.tar
configure:2803: $? = 0
configure:2807: tar -xf - <conftest.tar
configure:2810: $? = 0
configure:2823: result: gnutar
configure:2880: checking for gcc
configure:2896: found /usr/bin/gcc
configure:2907: result: gcc
configure:3139: checking for C compiler version
configure:3147: gcc --version >&5
gcc (GCC) 4.9.2 20150212 (Red Hat 4.9.2-6)
Copyright (C) 2014 Free Software Foundation, Inc.
This is free software; see the source for copying conditions.  There is NO
warranty; not even for MERCHANTABILITY or FITNESS FOR A PARTICULAR PURPOSE.

configure:3151: $? = 0
configure:3158: gcc -v >&5
Using built-in specs.
COLLECT_GCC=gcc
COLLECT_LTO_WRAPPER=/usr/libexec/gcc/x86_64-redhat-linux/4.9.2/lto-wrapper
Target: x86_64-redhat-linux
Configured with: ../configure --prefix=/usr --mandir=/usr/share/man --infodir=/usr/share/info --with-bugurl=http://bugzilla.redhat.com/bugzilla --enable-bootstrap --enable-shared --enable-threads=posix --enable-checking=release --enable-multilib --with-system-zlib --enable-__cxa_atexit --disable-libunwind-exceptions --enable-gnu-unique-object --enable-linker-build-id --with-linker-hash-style=gnu --enable-languages=c,c++,objc,obj-c++,fortran,ada,go,lto --enable-plugin --enable-initfini-array --disable-libgcj --with-isl=/builddir/build/BUILD/gcc-4.9.2-20150212/obj-x86_64-redhat-linux/isl-install --with-cloog=/builddir/build/BUILD/gcc-4.9.2-20150212/obj-x86_64-redhat-linux/cloog-install --enable-gnu-indirect-function --with-tune=generic --with-arch_32=i686 --build=x86_64-redhat-linux
Thread model: posix
gcc version 4.9.2 20150212 (Red Hat 4.9.2-6) (GCC) 
configure:3162: $? = 0
configure:3169: gcc -V >&5
gcc: error: unrecognized command line option '-V'
gcc: fatal error: no input files
compilation terminated.
configure:3173: $? = 4
configure:3196: checking for C compiler default output file name
configure:3218: gcc    conftest.c  >&5
configure:3222: $? = 0
configure:3260: result: a.out
configure:3279: checking whether the C compiler works
configure:3289: ./a.out
configure:3293: $? = 0
configure:3312: result: yes
configure:3319: checking whether we are cross compiling
configure:3321: result: no
configure:3324: checking for suffix of executables
configure:3331: gcc -o conftest    conftest.c  >&5
configure:3335: $? = 0
configure:3361: result: 
configure:3367: checking for suffix of object files
configure:3393: gcc -c   conftest.c >&5
configure:3397: $? = 0
configure:3422: result: o
configure:3426: checking whether we are using the GNU C compiler
configure:3455: gcc -c   conftest.c >&5
configure:3462: $? = 0
configure:3479: result: yes
configure:3488: checking whether gcc accepts -g
configure:3518: gcc -c -g  conftest.c >&5
configure:3525: $? = 0
configure:3626: result: yes
configure:3643: checking for gcc option to accept ISO C89
configure:3717: gcc  -c -g -O2  conftest.c >&5
configure:3724: $? = 0
configure:3747: result: none needed
configure:3776: checking for style of include used by make
configure:3804: result: GNU
configure:3829: checking dependency style of gcc
configure:3920: result: gcc3
configure:3993: checking for g++
configure:4009: found /usr/bin/g++
configure:4020: result: g++
configure:4047: checking for C++ compiler version
configure:4055: g++ --version >&5
g++ (GCC) 4.9.2 20150212 (Red Hat 4.9.2-6)
Copyright (C) 2014 Free Software Foundation, Inc.
This is free software; see the source for copying conditions.  There is NO
warranty; not even for MERCHANTABILITY or FITNESS FOR A PARTICULAR PURPOSE.

configure:4059: $? = 0
configure:4066: g++ -v >&5
Using built-in specs.
COLLECT_GCC=g++
COLLECT_LTO_WRAPPER=/usr/libexec/gcc/x86_64-redhat-linux/4.9.2/lto-wrapper
Target: x86_64-redhat-linux
Configured with: ../configure --prefix=/usr --mandir=/usr/share/man --infodir=/usr/share/info --with-bugurl=http://bugzilla.redhat.com/bugzilla --enable-bootstrap --enable-shared --enable-threads=posix --enable-checking=release --enable-multilib --with-system-zlib --enable-__cxa_atexit --disable-libunwind-exceptions --enable-gnu-unique-object --enable-linker-build-id --with-linker-hash-style=gnu --enable-languages=c,c++,objc,obj-c++,fortran,ada,go,lto --enable-plugin --enable-initfini-array --disable-libgcj --with-isl=/builddir/build/BUILD/gcc-4.9.2-20150212/obj-x86_64-redhat-linux/isl-install --with-cloog=/builddir/build/BUILD/gcc-4.9.2-20150212/obj-x86_64-redhat-linux/cloog-install --enable-gnu-indirect-function --with-tune=generic --with-arch_32=i686 --build=x86_64-redhat-linux
Thread model: posix
gcc version 4.9.2 20150212 (Red Hat 4.9.2-6) (GCC) 
configure:4070: $? = 0
configure:4077: g++ -V >&5
g++: error: unrecognized command line option '-V'
g++: fatal error: no input files
compilation terminated.
configure:4081: $? = 4
configure:4084: checking whether we are using the GNU C++ compiler
configure:4113: g++ -c   conftest.cpp >&5
configure:4120: $? = 0
configure:4137: result: yes
configure:4146: checking whether g++ accepts -g
configure:4176: g++ -c -g  conftest.cpp >&5
configure:4183: $? = 0
configure:4284: result: yes
configure:4309: checking dependency style of g++
configure:4400: result: gcc3
configure:4420: checking how to run the C preprocessor
configure:4460: gcc -E  conftest.c
configure:4467: $? = 0
configure:4498: gcc -E  conftest.c
conftest.c:10:28: fatal error: ac_nonexistent.h: No such file or directory
 #include <ac_nonexistent.h>
                            ^
compilation terminated.
configure:4505: $? = 1
configure: failed program was:
| /* confdefs.h.  */
| #define PACKAGE_NAME "axis2c-src"
| #define PACKAGE_TARNAME "axis2c-src"
| #define PACKAGE_VERSION "1.6.0"
| #define PACKAGE_STRING "axis2c-src 1.6.0"
| #define PACKAGE_BUGREPORT ""
| #define PACKAGE "axis2c-src"
| #define VERSION "1.6.0"
| /* end confdefs.h.  */
| #include <ac_nonexistent.h>
configure:4538: result: gcc -E
configure:4567: gcc -E  conftest.c
configure:4574: $? = 0
configure:4605: gcc -E  conftest.c
conftest.c:10:28: fatal error: ac_nonexistent.h: No such file or directory
 #include <ac_nonexistent.h>
                            ^
compilation terminated.
configure:4612: $? = 1
configure: failed program was:
| /* confdefs.h.  */
| #define PACKAGE_NAME "axis2c-src"
| #define PACKAGE_TARNAME "axis2c-src"
| #define PACKAGE_VERSION "1.6.0"
| #define PACKAGE_STRING "axis2c-src 1.6.0"
| #define PACKAGE_BUGREPORT ""
| #define PACKAGE "axis2c-src"
| #define VERSION "1.6.0"
| /* end confdefs.h.  */
| #include <ac_nonexistent.h>
configure:4723: checking for a sed that does not truncate output
configure:4779: result: /usr/bin/sed
configure:4782: checking for grep that handles long lines and -e
configure:4842: result: /usr/bin/grep
configure:4847: checking for egrep
configure:4911: result: /usr/bin/grep -E
configure:4927: checking for ld used by gcc
configure:4994: result: /usr/bin/ld
configure:5003: checking if the linker (/usr/bin/ld) is GNU ld
configure:5018: result: yes
configure:5023: checking for /usr/bin/ld option to reload object files
configure:5030: result: -r
configure:5048: checking for BSD-compatible nm
configure:5097: result: /usr/bin/nm -B
configure:5101: checking whether ln -s works
configure:5105: result: yes
configure:5112: checking how to recognize dependent libraries
configure:5298: result: pass_all
configure:5387: gcc -c -g -O2  conftest.c >&5
configure:5390: $? = 0
configure:5544: checking for ANSI C header files
configure:5574: gcc -c -g -O2  conftest.c >&5
configure:5581: $? = 0
configure:5680: gcc -o conftest -g -O2   conftest.c  >&5
configure:5684: $? = 0
configure:5690: ./conftest
configure:5694: $? = 0
configure:5712: result: yes
configure:5736: checking for sys/types.h
configure:5757: gcc -c -g -O2  conftest.c >&5
configure:5764: $? = 0
configure:5781: result: yes
configure:5736: checking for sys/stat.h
configure:5757: gcc -c -g -O2  conftest.c >&5
configure:5764: $? = 0
configure:5781: result: yes
configure:5736: checking for stdlib.h
configure:5757: gcc -c -g -O2  conftest.c >&5
configure:5764: $? = 0
configure:5781: result: yes
configure:5736: checking for string.h
configure:5757: gcc -c -g -O2  conftest.c >&5
configure:5764: $? = 0
configure:5781: result: yes
configure:5736: checking for memory.h
configure:5757: gcc -c -g -O2  conftest.c >&5
configure:5764: $? = 0
configure:5781: result: yes
configure:5736: checking for strings.h
configure:5757: gcc -c -g -O2  conftest.c >&5
configure:5764: $? = 0
configure:5781: result: yes
configure:5736: checking for inttypes.h
configure:5757: gcc -c -g -O2  conftest.c >&5
configure:5764: $? = 0
configure:5781: result: yes
configure:5736: checking for stdint.h
configure:5757: gcc -c -g -O2  conftest.c >&5
configure:5764: $? = 0
configure:5781: result: yes
configure:5736: checking for unistd.h
configure:5757: gcc -c -g -O2  conftest.c >&5
configure:5764: $? = 0
configure:5781: result: yes
configure:5811: checking dlfcn.h usability
configure:5828: gcc -c -g -O2  conftest.c >&5
configure:5835: $? = 0
configure:5849: result: yes
configure:5853: checking dlfcn.h presence
configure:5868: gcc -E  conftest.c
configure:5875: $? = 0
configure:5889: result: yes
configure:5917: checking for dlfcn.h
configure:5926: result: yes
configure:5951: checking how to run the C++ preprocessor
configure:5987: g++ -E  conftest.cpp
configure:5994: $? = 0
configure:6025: g++ -E  conftest.cpp
conftest.cpp:21:28: fatal error: ac_nonexistent.h: No such file or directory
 #include <ac_nonexistent.h>
                            ^
compilation terminated.
configure:6032: $? = 1
configure: failed program was:
| /* confdefs.h.  */
| #define PACKAGE_NAME "axis2c-src"
| #define PACKAGE_TARNAME "axis2c-src"
| #define PACKAGE_VERSION "1.6.0"
| #define PACKAGE_STRING "axis2c-src 1.6.0"
| #define PACKAGE_BUGREPORT ""
| #define PACKAGE "axis2c-src"
| #define VERSION "1.6.0"
| #define STDC_HEADERS 1
| #define HAVE_SYS_TYPES_H 1
| #define HAVE_SYS_STAT_H 1
| #define HAVE_STDLIB_H 1
| #define HAVE_STRING_H 1
| #define HAVE_MEMORY_H 1
| #define HAVE_STRINGS_H 1
| #define HAVE_INTTYPES_H 1
| #define HAVE_STDINT_H 1
| #define HAVE_UNISTD_H 1
| #define HAVE_DLFCN_H 1
| /* end confdefs.h.  */
| #include <ac_nonexistent.h>
configure:6065: result: g++ -E
configure:6094: g++ -E  conftest.cpp
configure:6101: $? = 0
configure:6132: g++ -E  conftest.cpp
conftest.cpp:21:28: fatal error: ac_nonexistent.h: No such file or directory
 #include <ac_nonexistent.h>
                            ^
compilation terminated.
configure:6139: $? = 1
configure: failed program was:
| /* confdefs.h.  */
| #define PACKAGE_NAME "axis2c-src"
| #define PACKAGE_TARNAME "axis2c-src"
| #define PACKAGE_VERSION "1.6.0"
| #define PACKAGE_STRING "axis2c-src 1.6.0"
| #define PACKAGE_BUGREPORT ""
| #define PACKAGE "axis2c-src"
| #define VERSION "1.6.0"
| #define STDC_HEADERS 1
| #define HAVE_SYS_TYPES_H 1
| #define HAVE_SYS_STAT_H 1
| #define HAVE_STDLIB_H 1
| #define HAVE_STRING_H 1
| #define HAVE_MEMORY_H 1
| #define HAVE_STRINGS_H 1
| #define HAVE_INTTYPES_H 1
| #define HAVE_STDINT_H 1
| #define HAVE_UNISTD_H 1
| #define HAVE_DLFCN_H 1
| /* end confdefs.h.  */
| #include <ac_nonexistent.h>
configure:6234: checking for g77
configure:6264: result: no
configure:6234: checking for xlf
configure:6264: result: no
configure:6234: checking for f77
configure:6264: result: no
configure:6234: checking for frt
configure:6264: result: no
configure:6234: checking for pgf77
configure:6264: result: no
configure:6234: checking for cf77
configure:6264: result: no
configure:6234: checking for fort77
configure:6264: result: no
configure:6234: checking for fl32
configure:6264: result: no
configure:6234: checking for af77
configure:6264: result: no
configure:6234: checking for xlf90
configure:6264: result: no
configure:6234: checking for f90
configure:6264: result: no
configure:6234: checking for pgf90
configure:6264: result: no
configure:6234: checking for pghpf
configure:6264: result: no
configure:6234: checking for epcf90
configure:6264: result: no
configure:6234: checking for gfortran
configure:6264: result: no
configure:6234: checking for g95
configure:6264: result: no
configure:6234: checking for xlf95
configure:6264: result: no
configure:6234: checking for f95
configure:6264: result: no
configure:6234: checking for fort
configure:6264: result: no
configure:6234: checking for ifort
configure:6264: result: no
configure:6234: checking for ifc
configure:6264: result: no
configure:6234: checking for efc
configure:6264: result: no
configure:6234: checking for pgf95
configure:6264: result: no
configure:6234: checking for lf95
configure:6264: result: no
configure:6234: checking for ftn
configure:6264: result: no
configure:6287: checking for Fortran 77 compiler version
configure:6295:  --version >&5
./configure: line 6297: --version: command not found
configure:6299: $? = 127
configure:6306:  -v >&5
./configure: line 6308: -v: command not found
configure:6310: $? = 127
configure:6317:  -V >&5
./configure: line 6319: -V: command not found
configure:6321: $? = 127
configure:6329: checking whether we are using the GNU Fortran 77 compiler
configure:6348:  -c  conftest.F >&5
./configure: line 6350: -c: command not found
configure:6355: $? = 127
configure: failed program was:
|       program main
| #ifndef __GNUC__
|        choke me
| #endif
| 
|       end
configure:6372: result: no
configure:6378: checking whether  accepts -g
configure:6395:  -c -g conftest.f >&5
./configure: line 6397: -c: command not found
configure:6402: $? = 127
configure: failed program was:
|       program main
| 
|       end
configure:6418: result: no
configure:6451: checking the maximum length of command line arguments
configure:6563: result: 1572864
configure:6575: checking command to parse /usr/bin/nm -B output from gcc object
configure:6680: gcc -c -g -O2  conftest.c >&5
configure:6683: $? = 0
configure:6687: /usr/bin/nm -B conftest.o \| sed -n -e 's/^.*[ 	]\([ABCDGIRSTW][ABCDGIRSTW]*\)[ 	][ 	]*\([_A-Za-z][_A-Za-z0-9]*\)$/\1 \2 \2/p' \> conftest.nm
configure:6690: $? = 0
configure:6742: gcc -o conftest -g -O2   conftest.c conftstm.o >&5
configure:6745: $? = 0
configure:6783: result: ok
configure:6787: checking for objdir
configure:6802: result: .libs
configure:6894: checking for ar
configure:6910: found /usr/bin/ar
configure:6921: result: ar
configure:6986: checking for ranlib
configure:7002: found /usr/bin/ranlib
configure:7013: result: ranlib
configure:7078: checking for strip
configure:7094: found /usr/bin/strip
configure:7105: result: strip
configure:7695: checking if gcc supports -fno-rtti -fno-exceptions
configure:7713: gcc -c -g -O2  -fno-rtti -fno-exceptions conftest.c >&5
cc1: warning: command line option '-fno-rtti' is valid for C++/ObjC++ but not for C
configure:7717: $? = 0
configure:7730: result: no
configure:7745: checking for gcc option to produce PIC
configure:7977: result: -fPIC
configure:7985: checking if gcc PIC flag -fPIC works
configure:8003: gcc -c -g -O2  -fPIC -DPIC conftest.c >&5
configure:8007: $? = 0
configure:8020: result: yes
configure:8048: checking if gcc static flag -static works
configure:8076: result: no
configure:8086: checking if gcc supports -c -o file.o
configure:8107: gcc -c -g -O2  -o out/conftest2.o conftest.c >&5
configure:8111: $? = 0
configure:8133: result: yes
configure:8159: checking whether the gcc linker (/usr/bin/ld -m elf_x86_64) supports shared libraries
configure:9147: result: yes
configure:9168: checking whether -lc should be explicitly linked in
configure:9173: gcc -c -g -O2  conftest.c >&5
configure:9176: $? = 0
configure:9191: gcc -shared conftest.o  -v -Wl,-soname -Wl,conftest -o conftest 2\>\&1 \| grep  -lc  \>/dev/null 2\>\&1
configure:9194: $? = 0
configure:9206: result: no
configure:9214: checking dynamic linker characteristics
configure:9818: result: GNU/Linux ld.so
configure:9842: checking how to hardcode library paths into programs
configure:9867: result: immediate
configure:9881: checking whether stripping libraries is possible
configure:9886: result: yes
configure:10716: checking if libtool supports shared libraries
configure:10718: result: yes
configure:10721: checking whether to build shared libraries
configure:10742: result: yes
configure:10745: checking whether to build static libraries
configure:10749: result: yes
configure:10843: creating libtool
configure:11436: checking for ld used by g++
configure:11503: result: /usr/bin/ld -m elf_x86_64
configure:11512: checking if the linker (/usr/bin/ld -m elf_x86_64) is GNU ld
configure:11527: result: yes
configure:11578: checking whether the g++ linker (/usr/bin/ld -m elf_x86_64) supports shared libraries
configure:12532: result: yes
configure:12549: g++ -c -g -O2  conftest.cpp >&5
configure:12552: $? = 0
configure:12708: checking for g++ option to produce PIC
configure:12992: result: -fPIC
configure:13000: checking if g++ PIC flag -fPIC works
configure:13018: g++ -c -g -O2  -fPIC -DPIC conftest.cpp >&5
configure:13022: $? = 0
configure:13035: result: yes
configure:13063: checking if g++ static flag -static works
configure:13091: result: no
configure:13101: checking if g++ supports -c -o file.o
configure:13122: g++ -c -g -O2  -o out/conftest2.o conftest.cpp >&5
configure:13126: $? = 0
configure:13148: result: yes
configure:13174: checking whether the g++ linker (/usr/bin/ld -m elf_x86_64) supports shared libraries
configure:13200: result: yes
configure:13267: checking dynamic linker characteristics
configure:13819: result: GNU/Linux ld.so
configure:13843: checking how to hardcode library paths into programs
configure:13868: result: immediate
configure:20123: checking for a BSD-compatible install
configure:20191: result: /usr/bin/install -c
configure:20202: checking whether ln -s works
configure:20206: result: yes
configure:20213: checking whether make sets $(MAKE)
configure:20235: result: yes
configure:20246: checking for ISO C99 varargs macros in C
configure:20273: gcc -c -g -O2  conftest.c >&5
configure:20280: $? = 0
configure:20294: result: yes
configure:20297: checking for GNUC varargs macros
configure:20324: gcc -c -g -O2  conftest.c >&5
configure:20331: $? = 0
configure:20345: result: yes
configure:20364: checking for dlopen in -ldl
configure:20399: gcc -o conftest -g -O2   conftest.c -ldl   >&5
configure:20406: $? = 0
configure:20427: result: yes
configure:20439: checking for inflate in -lz
configure:20474: gcc -o conftest -g -O2   conftest.c -lz  -ldl  >&5
configure:20481: $? = 0
configure:20502: result: yes
configure:20513: checking for socket in -lsocket
configure:20548: gcc -o conftest -g -O2   conftest.c -lsocket  -lz -ldl  >&5
/usr/bin/ld: cannot find -lsocket
collect2: error: ld returned 1 exit status
configure:20555: $? = 1
configure: failed program was:
| /* confdefs.h.  */
| #define PACKAGE_NAME "axis2c-src"
| #define PACKAGE_TARNAME "axis2c-src"
| #define PACKAGE_VERSION "1.6.0"
| #define PACKAGE_STRING "axis2c-src 1.6.0"
| #define PACKAGE_BUGREPORT ""
| #define PACKAGE "axis2c-src"
| #define VERSION "1.6.0"
| #define STDC_HEADERS 1
| #define HAVE_SYS_TYPES_H 1
| #define HAVE_SYS_STAT_H 1
| #define HAVE_STDLIB_H 1
| #define HAVE_STRING_H 1
| #define HAVE_MEMORY_H 1
| #define HAVE_STRINGS_H 1
| #define HAVE_INTTYPES_H 1
| #define HAVE_STDINT_H 1
| #define HAVE_UNISTD_H 1
| #define HAVE_DLFCN_H 1
| #define HAVE_ISO_VARARGS 1
| #define HAVE_GNUC_VARARGS 1
| #define HAVE_LIBDL 1
| #define HAVE_LIBZ 1
| /* end confdefs.h.  */
| 
| /* Override any GCC internal prototype to avoid an error.
|    Use char because int might match the return type of a GCC
|    builtin and then its argument prototype would still apply.  */
| #ifdef __cplusplus
| extern "C"
| #endif
| char socket ();
| int
| main ()
| {
| return socket ();
|   ;
|   return 0;
| }
configure:20576: result: no
configure:20608: checking for ANSI C header files
configure:20776: result: yes
configure:20804: checking stdio.h usability
configure:20821: gcc -c -g -O2 -D_LARGEFILE64_SOURCE -ansi -Wall  -Wno-implicit-function-declaration -g -D_GNU_SOURCE  conftest.c >&5
configure:20828: $? = 0
configure:20842: result: yes
configure:20846: checking stdio.h presence
configure:20861: gcc -E  conftest.c
configure:20868: $? = 0
configure:20882: result: yes
configure:20910: checking for stdio.h
configure:20919: result: yes
configure:20793: checking for stdlib.h
configure:20800: result: yes
configure:20793: checking for string.h
configure:20800: result: yes
configure:20950: checking sys/socket.h usability
configure:20967: gcc -c -g -O2 -D_LARGEFILE64_SOURCE -ansi -Wall  -Wno-implicit-function-declaration -g -D_GNU_SOURCE  conftest.c >&5
configure:20974: $? = 0
configure:20988: result: yes
configure:20992: checking sys/socket.h presence
configure:21007: gcc -E  conftest.c
configure:21014: $? = 0
configure:21028: result: yes
configure:21056: checking for sys/socket.h
configure:21065: result: yes
configure:21084: checking for net/if.h
configure:21117: gcc -c -g -O2 -D_LARGEFILE64_SOURCE -ansi -Wall  -Wno-implicit-function-declaration -g -D_GNU_SOURCE  conftest.c >&5
configure:21124: $? = 0
configure:21141: result: yes
configure:21158: checking for linux/if.h
configure:21183: gcc -c -g -O2 -D_LARGEFILE64_SOURCE -ansi -Wall  -Wno-implicit-function-declaration -g -D_GNU_SOURCE  conftest.c >&5
configure:21190: $? = 0
configure:21207: result: yes
configure:21236: checking net/if_types.h usability
configure:21253: gcc -c -g -O2 -D_LARGEFILE64_SOURCE -ansi -Wall  -Wno-implicit-function-declaration -g -D_GNU_SOURCE  conftest.c >&5
conftest.c:65:26: fatal error: net/if_types.h: No such file or directory
 #include <net/if_types.h>
                          ^
compilation terminated.
configure:21260: $? = 1
configure: failed program was:
| /* confdefs.h.  */
| #define PACKAGE_NAME "axis2c-src"
| #define PACKAGE_TARNAME "axis2c-src"
| #define PACKAGE_VERSION "1.6.0"
| #define PACKAGE_STRING "axis2c-src 1.6.0"
| #define PACKAGE_BUGREPORT ""
| #define PACKAGE "axis2c-src"
| #define VERSION "1.6.0"
| #define STDC_HEADERS 1
| #define HAVE_SYS_TYPES_H 1
| #define HAVE_SYS_STAT_H 1
| #define HAVE_STDLIB_H 1
| #define HAVE_STRING_H 1
| #define HAVE_MEMORY_H 1
| #define HAVE_STRINGS_H 1
| #define HAVE_INTTYPES_H 1
| #define HAVE_STDINT_H 1
| #define HAVE_UNISTD_H 1
| #define HAVE_DLFCN_H 1
| #define HAVE_ISO_VARARGS 1
| #define HAVE_GNUC_VARARGS 1
| #define HAVE_LIBDL 1
| #define HAVE_LIBZ 1
| #define STDC_HEADERS 1
| #define HAVE_STDIO_H 1
| #define HAVE_STDLIB_H 1
| #define HAVE_STRING_H 1
| #define HAVE_SYS_SOCKET_H 1
| #define HAVE_NET_IF_H 1
| #define HAVE_LINUX_IF_H 1
| /* end confdefs.h.  */
| #include <stdio.h>
| #ifdef HAVE_SYS_TYPES_H
| # include <sys/types.h>
| #endif
| #ifdef HAVE_SYS_STAT_H
| # include <sys/stat.h>
| #endif
| #ifdef STDC_HEADERS
| # include <stdlib.h>
| # include <stddef.h>
| #else
| # ifdef HAVE_STDLIB_H
| #  include <stdlib.h>
| # endif
| #endif
| #ifdef HAVE_STRING_H
| # if !defined STDC_HEADERS && defined HAVE_MEMORY_H
| #  include <memory.h>
| # endif
| # include <string.h>
| #endif
| #ifdef HAVE_STRINGS_H
| # include <strings.h>
| #endif
| #ifdef HAVE_INTTYPES_H
| # include <inttypes.h>
| #endif
| #ifdef HAVE_STDINT_H
| # include <stdint.h>
| #endif
| #ifdef HAVE_UNISTD_H
| # include <unistd.h>
| #endif
| #include <net/if_types.h>
configure:21274: result: no
configure:21278: checking net/if_types.h presence
configure:21293: gcc -E  conftest.c
conftest.c:32:26: fatal error: net/if_types.h: No such file or directory
 #include <net/if_types.h>
                          ^
compilation terminated.
configure:21300: $? = 1
configure: failed program was:
| /* confdefs.h.  */
| #define PACKAGE_NAME "axis2c-src"
| #define PACKAGE_TARNAME "axis2c-src"
| #define PACKAGE_VERSION "1.6.0"
| #define PACKAGE_STRING "axis2c-src 1.6.0"
| #define PACKAGE_BUGREPORT ""
| #define PACKAGE "axis2c-src"
| #define VERSION "1.6.0"
| #define STDC_HEADERS 1
| #define HAVE_SYS_TYPES_H 1
| #define HAVE_SYS_STAT_H 1
| #define HAVE_STDLIB_H 1
| #define HAVE_STRING_H 1
| #define HAVE_MEMORY_H 1
| #define HAVE_STRINGS_H 1
| #define HAVE_INTTYPES_H 1
| #define HAVE_STDINT_H 1
| #define HAVE_UNISTD_H 1
| #define HAVE_DLFCN_H 1
| #define HAVE_ISO_VARARGS 1
| #define HAVE_GNUC_VARARGS 1
| #define HAVE_LIBDL 1
| #define HAVE_LIBZ 1
| #define STDC_HEADERS 1
| #define HAVE_STDIO_H 1
| #define HAVE_STDLIB_H 1
| #define HAVE_STRING_H 1
| #define HAVE_SYS_SOCKET_H 1
| #define HAVE_NET_IF_H 1
| #define HAVE_LINUX_IF_H 1
| /* end confdefs.h.  */
| #include <net/if_types.h>
configure:21314: result: no
configure:21342: checking for net/if_types.h
configure:21351: result: no
configure:21382: checking net/if_dl.h usability
configure:21399: gcc -c -g -O2 -D_LARGEFILE64_SOURCE -ansi -Wall  -Wno-implicit-function-declaration -g -D_GNU_SOURCE  conftest.c >&5
conftest.c:65:23: fatal error: net/if_dl.h: No such file or directory
 #include <net/if_dl.h>
                       ^
compilation terminated.
configure:21406: $? = 1
configure: failed program was:
| /* confdefs.h.  */
| #define PACKAGE_NAME "axis2c-src"
| #define PACKAGE_TARNAME "axis2c-src"
| #define PACKAGE_VERSION "1.6.0"
| #define PACKAGE_STRING "axis2c-src 1.6.0"
| #define PACKAGE_BUGREPORT ""
| #define PACKAGE "axis2c-src"
| #define VERSION "1.6.0"
| #define STDC_HEADERS 1
| #define HAVE_SYS_TYPES_H 1
| #define HAVE_SYS_STAT_H 1
| #define HAVE_STDLIB_H 1
| #define HAVE_STRING_H 1
| #define HAVE_MEMORY_H 1
| #define HAVE_STRINGS_H 1
| #define HAVE_INTTYPES_H 1
| #define HAVE_STDINT_H 1
| #define HAVE_UNISTD_H 1
| #define HAVE_DLFCN_H 1
| #define HAVE_ISO_VARARGS 1
| #define HAVE_GNUC_VARARGS 1
| #define HAVE_LIBDL 1
| #define HAVE_LIBZ 1
| #define STDC_HEADERS 1
| #define HAVE_STDIO_H 1
| #define HAVE_STDLIB_H 1
| #define HAVE_STRING_H 1
| #define HAVE_SYS_SOCKET_H 1
| #define HAVE_NET_IF_H 1
| #define HAVE_LINUX_IF_H 1
| /* end confdefs.h.  */
| #include <stdio.h>
| #ifdef HAVE_SYS_TYPES_H
| # include <sys/types.h>
| #endif
| #ifdef HAVE_SYS_STAT_H
| # include <sys/stat.h>
| #endif
| #ifdef STDC_HEADERS
| # include <stdlib.h>
| # include <stddef.h>
| #else
| # ifdef HAVE_STDLIB_H
| #  include <stdlib.h>
| # endif
| #endif
| #ifdef HAVE_STRING_H
| # if !defined STDC_HEADERS && defined HAVE_MEMORY_H
| #  include <memory.h>
| # endif
| # include <string.h>
| #endif
| #ifdef HAVE_STRINGS_H
| # include <strings.h>
| #endif
| #ifdef HAVE_INTTYPES_H
| # include <inttypes.h>
| #endif
| #ifdef HAVE_STDINT_H
| # include <stdint.h>
| #endif
| #ifdef HAVE_UNISTD_H
| # include <unistd.h>
| #endif
| #include <net/if_dl.h>
configure:21420: result: no
configure:21424: checking net/if_dl.h presence
configure:21439: gcc -E  conftest.c
conftest.c:32:23: fatal error: net/if_dl.h: No such file or directory
 #include <net/if_dl.h>
                       ^
compilation terminated.
configure:21446: $? = 1
configure: failed program was:
| /* confdefs.h.  */
| #define PACKAGE_NAME "axis2c-src"
| #define PACKAGE_TARNAME "axis2c-src"
| #define PACKAGE_VERSION "1.6.0"
| #define PACKAGE_STRING "axis2c-src 1.6.0"
| #define PACKAGE_BUGREPORT ""
| #define PACKAGE "axis2c-src"
| #define VERSION "1.6.0"
| #define STDC_HEADERS 1
| #define HAVE_SYS_TYPES_H 1
| #define HAVE_SYS_STAT_H 1
| #define HAVE_STDLIB_H 1
| #define HAVE_STRING_H 1
| #define HAVE_MEMORY_H 1
| #define HAVE_STRINGS_H 1
| #define HAVE_INTTYPES_H 1
| #define HAVE_STDINT_H 1
| #define HAVE_UNISTD_H 1
| #define HAVE_DLFCN_H 1
| #define HAVE_ISO_VARARGS 1
| #define HAVE_GNUC_VARARGS 1
| #define HAVE_LIBDL 1
| #define HAVE_LIBZ 1
| #define STDC_HEADERS 1
| #define HAVE_STDIO_H 1
| #define HAVE_STDLIB_H 1
| #define HAVE_STRING_H 1
| #define HAVE_SYS_SOCKET_H 1
| #define HAVE_NET_IF_H 1
| #define HAVE_LINUX_IF_H 1
| /* end confdefs.h.  */
| #include <net/if_dl.h>
configure:21460: result: no
configure:21488: checking for net/if_dl.h
configure:21497: result: no
configure:21529: checking sys/appleapiopts.h usability
configure:21546: gcc -c -g -O2 -D_LARGEFILE64_SOURCE -ansi -Wall  -Wno-implicit-function-declaration -g -D_GNU_SOURCE  conftest.c >&5
conftest.c:65:30: fatal error: sys/appleapiopts.h: No such file or directory
 #include <sys/appleapiopts.h>
                              ^
compilation terminated.
configure:21553: $? = 1
configure: failed program was:
| /* confdefs.h.  */
| #define PACKAGE_NAME "axis2c-src"
| #define PACKAGE_TARNAME "axis2c-src"
| #define PACKAGE_VERSION "1.6.0"
| #define PACKAGE_STRING "axis2c-src 1.6.0"
| #define PACKAGE_BUGREPORT ""
| #define PACKAGE "axis2c-src"
| #define VERSION "1.6.0"
| #define STDC_HEADERS 1
| #define HAVE_SYS_TYPES_H 1
| #define HAVE_SYS_STAT_H 1
| #define HAVE_STDLIB_H 1
| #define HAVE_STRING_H 1
| #define HAVE_MEMORY_H 1
| #define HAVE_STRINGS_H 1
| #define HAVE_INTTYPES_H 1
| #define HAVE_STDINT_H 1
| #define HAVE_UNISTD_H 1
| #define HAVE_DLFCN_H 1
| #define HAVE_ISO_VARARGS 1
| #define HAVE_GNUC_VARARGS 1
| #define HAVE_LIBDL 1
| #define HAVE_LIBZ 1
| #define STDC_HEADERS 1
| #define HAVE_STDIO_H 1
| #define HAVE_STDLIB_H 1
| #define HAVE_STRING_H 1
| #define HAVE_SYS_SOCKET_H 1
| #define HAVE_NET_IF_H 1
| #define HAVE_LINUX_IF_H 1
| /* end confdefs.h.  */
| #include <stdio.h>
| #ifdef HAVE_SYS_TYPES_H
| # include <sys/types.h>
| #endif
| #ifdef HAVE_SYS_STAT_H
| # include <sys/stat.h>
| #endif
| #ifdef STDC_HEADERS
| # include <stdlib.h>
| # include <stddef.h>
| #else
| # ifdef HAVE_STDLIB_H
| #  include <stdlib.h>
| # endif
| #endif
| #ifdef HAVE_STRING_H
| # if !defined STDC_HEADERS && defined HAVE_MEMORY_H
| #  include <memory.h>
| # endif
| # include <string.h>
| #endif
| #ifdef HAVE_STRINGS_H
| # include <strings.h>
| #endif
| #ifdef HAVE_INTTYPES_H
| # include <inttypes.h>
| #endif
| #ifdef HAVE_STDINT_H
| # include <stdint.h>
| #endif
| #ifdef HAVE_UNISTD_H
| # include <unistd.h>
| #endif
| #include <sys/appleapiopts.h>
configure:21567: result: no
configure:21571: checking sys/appleapiopts.h presence
configure:21586: gcc -E  conftest.c
conftest.c:32:30: fatal error: sys/appleapiopts.h: No such file or directory
 #include <sys/appleapiopts.h>
                              ^
compilation terminated.
configure:21593: $? = 1
configure: failed program was:
| /* confdefs.h.  */
| #define PACKAGE_NAME "axis2c-src"
| #define PACKAGE_TARNAME "axis2c-src"
| #define PACKAGE_VERSION "1.6.0"
| #define PACKAGE_STRING "axis2c-src 1.6.0"
| #define PACKAGE_BUGREPORT ""
| #define PACKAGE "axis2c-src"
| #define VERSION "1.6.0"
| #define STDC_HEADERS 1
| #define HAVE_SYS_TYPES_H 1
| #define HAVE_SYS_STAT_H 1
| #define HAVE_STDLIB_H 1
| #define HAVE_STRING_H 1
| #define HAVE_MEMORY_H 1
| #define HAVE_STRINGS_H 1
| #define HAVE_INTTYPES_H 1
| #define HAVE_STDINT_H 1
| #define HAVE_UNISTD_H 1
| #define HAVE_DLFCN_H 1
| #define HAVE_ISO_VARARGS 1
| #define HAVE_GNUC_VARARGS 1
| #define HAVE_LIBDL 1
| #define HAVE_LIBZ 1
| #define STDC_HEADERS 1
| #define HAVE_STDIO_H 1
| #define HAVE_STDLIB_H 1
| #define HAVE_STRING_H 1
| #define HAVE_SYS_SOCKET_H 1
| #define HAVE_NET_IF_H 1
| #define HAVE_LINUX_IF_H 1
| /* end confdefs.h.  */
| #include <sys/appleapiopts.h>
configure:21607: result: no
configure:21635: checking for sys/appleapiopts.h
configure:21644: result: no
configure:21662: checking whether to use archive
configure:21692: result: no
configure:21700: checking whether to build guththila xml parser library
configure:21717: result: yes
configure:21729: checking whether to build libxml2 xml parser library
configure:21780: checking for pkg-config
configure:21798: found /usr/bin/pkg-config
configure:21810: result: /usr/bin/pkg-config
configure:21835: checking pkg-config is at least version 0.9.0
configure:21838: result: yes
configure:21973: result: no
configure:21980: checking whether to build tcp transport
configure:21997: result: no
configure:22003: checking whether to build udp transport
configure:22020: result: no
configure:22026: checking whether to use apache2 as server transport
configure:22053: result: no
configure:22059: checking whether to use apr. Note that if you build with apache2 you might need to do this.
configure:22084: result: no
configure:22090: checking whether to build tests
configure:22108: result: no
configure:22116: checking whether to enable trace
configure:22133: result: no
configure:22140: checking whether to enable multi threading
configure:22158: result: yes
configure:22165: checking whether to use openssl
configure:22184: result: yes
configure:22195: checking whether to use libcurl
configure:22214: result: no
configure:22221: checking whether to use XMPP as a transport
configure:22252: result: no
configure:22258: checking whether to use gssapi
configure:22277: result: no
configure:22524: creating ./config.status

## ---------------------- ##
## Running config.status. ##
## ---------------------- ##

This file was extended by axis2c-src config.status 1.6.0, which was
generated by GNU Autoconf 2.63.  Invocation command line was

  CONFIG_FILES    = 
  CONFIG_HEADERS  = 
  CONFIG_LINKS    = 
  CONFIG_COMMANDS = 
  $ ./config.status 

on localhost.localdomain

config.status:883: creating Makefile
config.status:883: creating src/Makefile
config.status:883: creating src/core/Makefile
config.status:883: creating src/core/description/Makefile
config.status:883: creating src/core/context/Makefile
config.status:883: creating src/core/engine/Makefile
config.status:883: creating src/core/addr/Makefile
config.status:883: creating src/core/phaseresolver/Makefile
config.status:883: creating src/core/transport/Makefile
config.status:883: creating src/core/transport/http/Makefile
config.status:883: creating src/core/transport/http/common/Makefile
config.status:883: creating src/core/transport/http/util/Makefile
config.status:883: creating src/core/transport/http/sender/Makefile
config.status:883: creating src/core/transport/http/sender/ssl/Makefile
config.status:883: creating src/core/transport/http/sender/libcurl/Makefile
config.status:883: creating src/core/transport/http/receiver/Makefile
config.status:883: creating src/core/transport/http/server/simple_axis2_server/Makefile
config.status:883: creating src/core/transport/http/server/Makefile
config.status:883: creating src/core/transport/tcp/Makefile
config.status:883: creating src/core/transport/tcp/sender/Makefile
config.status:883: creating src/core/transport/tcp/receiver/Makefile
config.status:883: creating src/core/transport/tcp/server/Makefile
config.status:883: creating src/core/transport/tcp/server/simple_tcp_server/Makefile
config.status:883: creating src/core/transport/xmpp/Makefile
config.status:883: creating src/core/transport/xmpp/sender/Makefile
config.status:883: creating src/core/transport/xmpp/receiver/Makefile
config.status:883: creating src/core/transport/xmpp/server/Makefile
config.status:883: creating src/core/transport/xmpp/server/simple_xmpp_server/Makefile
config.status:883: creating src/core/transport/udp/Makefile
config.status:883: creating src/core/transport/udp/sender/Makefile
config.status:883: creating src/core/transport/udp/receiver/Makefile
config.status:883: creating src/core/transport/udp/server/Makefile
config.status:883: creating src/core/deployment/Makefile
config.status:883: creating src/core/clientapi/Makefile
config.status:883: creating src/core/receivers/Makefile
config.status:883: creating src/core/util/Makefile
config.status:883: creating src/modules/Makefile
config.status:883: creating src/modules/mod_addr/Makefile
config.status:883: creating src/modules/mod_log/Makefile
config.status:883: creating ides/Makefile
config.status:883: creating include/Makefile
config.status:883: creating axis2c.pc
config.status:883: creating config.h
config.status:1105: config.h is unchanged
config.status:1157: executing depfiles commands
configure:23956: === configuring in util (/home/josh/Downloads/wso2-wsf-php-src-2.1.0/wsf_c/axis2c/util)
configure:24059: running /bin/sh ./configure --disable-option-checking '--prefix=/usr/lib64/php/modules/wsf_c'  --cache-file=/dev/null --srcdir=.
configure:23956: === configuring in axiom (/home/josh/Downloads/wso2-wsf-php-src-2.1.0/wsf_c/axis2c/axiom)
configure:24059: running /bin/sh ./configure --disable-option-checking '--prefix=/usr/lib64/php/modules/wsf_c'  --cache-file=/dev/null --srcdir=.
configure:23956: === configuring in neethi (/home/josh/Downloads/wso2-wsf-php-src-2.1.0/wsf_c/axis2c/neethi)
configure:24059: running /bin/sh ./configure --disable-option-checking '--prefix=/usr/lib64/php/modules/wsf_c'  --cache-file=/dev/null --srcdir=.
configure:23956: === configuring in guththila (/home/josh/Downloads/wso2-wsf-php-src-2.1.0/wsf_c/axis2c/guththila)
configure:24059: running /bin/sh ./configure --disable-option-checking '--prefix=/usr/lib64/php/modules/wsf_c'  --cache-file=/dev/null --srcdir=.

## ---------------- ##
## Cache variables. ##
## ---------------- ##

ac_cv_build=x86_64-unknown-linux-gnu
ac_cv_c_compiler_gnu=yes
ac_cv_cxx_compiler_gnu=yes
ac_cv_env_CCC_set=
ac_cv_env_CCC_value=
ac_cv_env_CC_set=
ac_cv_env_CC_value=
ac_cv_env_CFLAGS_set=
ac_cv_env_CFLAGS_value=
ac_cv_env_CPPFLAGS_set=
ac_cv_env_CPPFLAGS_value=
ac_cv_env_CPP_set=
ac_cv_env_CPP_value=
ac_cv_env_CXXCPP_set=
ac_cv_env_CXXCPP_value=
ac_cv_env_CXXFLAGS_set=
ac_cv_env_CXXFLAGS_value=
ac_cv_env_CXX_set=
ac_cv_env_CXX_value=
ac_cv_env_F77_set=
ac_cv_env_F77_value=
ac_cv_env_FFLAGS_set=
ac_cv_env_FFLAGS_value=
ac_cv_env_LDFLAGS_set=
ac_cv_env_LDFLAGS_value=
ac_cv_env_LIBS_set=
ac_cv_env_LIBS_value=
ac_cv_env_PARSER_CFLAGS_set=
ac_cv_env_PARSER_CFLAGS_value=
ac_cv_env_PARSER_LIBS_set=
ac_cv_env_PARSER_LIBS_value=
ac_cv_env_PKG_CONFIG_set=
ac_cv_env_PKG_CONFIG_value=
ac_cv_env_build_alias_set=
ac_cv_env_build_alias_value=
ac_cv_env_host_alias_set=
ac_cv_env_host_alias_value=
ac_cv_env_target_alias_set=
ac_cv_env_target_alias_value=
ac_cv_f77_compiler_gnu=no
ac_cv_header_dlfcn_h=yes
ac_cv_header_inttypes_h=yes
ac_cv_header_linux_if_h=yes
ac_cv_header_memory_h=yes
ac_cv_header_net_if_dl_h=no
ac_cv_header_net_if_h=yes
ac_cv_header_net_if_types_h=no
ac_cv_header_stdc=yes
ac_cv_header_stdint_h=yes
ac_cv_header_stdio_h=yes
ac_cv_header_stdlib_h=yes
ac_cv_header_string_h=yes
ac_cv_header_strings_h=yes
ac_cv_header_sys_appleapiopts_h=no
ac_cv_header_sys_socket_h=yes
ac_cv_header_sys_stat_h=yes
ac_cv_header_sys_types_h=yes
ac_cv_header_unistd_h=yes
ac_cv_host=x86_64-unknown-linux-gnu
ac_cv_lib_dl_dlopen=yes
ac_cv_lib_socket_socket=no
ac_cv_lib_z_inflate=yes
ac_cv_objext=o
ac_cv_path_EGREP='/usr/bin/grep -E'
ac_cv_path_GREP=/usr/bin/grep
ac_cv_path_ac_pt_PKG_CONFIG=/usr/bin/pkg-config
ac_cv_path_install='/usr/bin/install -c'
ac_cv_path_mkdir=/usr/bin/mkdir
ac_cv_prog_AWK=gawk
ac_cv_prog_CPP='gcc -E'
ac_cv_prog_CXXCPP='g++ -E'
ac_cv_prog_ac_ct_AR=ar
ac_cv_prog_ac_ct_CC=gcc
ac_cv_prog_ac_ct_CXX=g++
ac_cv_prog_ac_ct_RANLIB=ranlib
ac_cv_prog_ac_ct_STRIP=strip
ac_cv_prog_cc_c89=
ac_cv_prog_cc_g=yes
ac_cv_prog_cxx_g=yes
ac_cv_prog_f77_g=no
ac_cv_prog_make_make_set=yes
ac_cv_target=x86_64-unknown-linux-gnu
am_cv_CC_dependencies_compiler_type=gcc3
am_cv_CXX_dependencies_compiler_type=gcc3
am_cv_prog_tar_ustar=gnutar
lt_cv_deplibs_check_method=pass_all
lt_cv_file_magic_cmd='$MAGIC_CMD'
lt_cv_file_magic_test_file=
lt_cv_ld_reload_flag=-r
lt_cv_objdir=.libs
lt_cv_path_LD=/usr/bin/ld
lt_cv_path_LDCXX='/usr/bin/ld -m elf_x86_64'
lt_cv_path_NM='/usr/bin/nm -B'
lt_cv_path_SED=/usr/bin/sed
lt_cv_prog_compiler_c_o=yes
lt_cv_prog_compiler_c_o_CXX=yes
lt_cv_prog_compiler_pic_works=yes
lt_cv_prog_compiler_pic_works_CXX=yes
lt_cv_prog_compiler_rtti_exceptions=no
lt_cv_prog_compiler_static_works=no
lt_cv_prog_compiler_static_works_CXX=no
lt_cv_prog_gnu_ld=yes
lt_cv_prog_gnu_ldcxx=yes
lt_cv_sys_global_symbol_pipe='sed -n -e '\''s/^.*[ 	]\([ABCDGIRSTW][ABCDGIRSTW]*\)[ 	][ 	]*\([_A-Za-z][_A-Za-z0-9]*\)$/\1 \2 \2/p'\'''
lt_cv_sys_global_symbol_to_c_name_address='sed -n -e '\''s/^: \([^ ]*\) $/  {\"\1\", (lt_ptr) 0},/p'\'' -e '\''s/^[BCDEGRST] \([^ ]*\) \([^ ]*\)$/  {"\2", (lt_ptr) \&\2},/p'\'''
lt_cv_sys_global_symbol_to_cdecl='sed -n -e '\''s/^. .* \(.*\)$/extern int \1;/p'\'''
lt_cv_sys_lib_dlsearch_path_spec='/usr/lib64 /lib64 /usr/lib64/atlas /usr/lib64/iscsi /usr/lib64/llvm /usr/lib64/mysql /usr/lib64/qt-3.3/lib '
lt_cv_sys_lib_search_path_spec='/usr/lib64 /lib64 /usr/local/lib64'
lt_cv_sys_max_cmd_len=1572864
lt_lt_cv_prog_compiler_c_o='"yes"'
lt_lt_cv_prog_compiler_c_o_CXX='"yes"'
lt_lt_cv_sys_global_symbol_pipe='"sed -n -e '\''s/^.*[ 	]\\([ABCDGIRSTW][ABCDGIRSTW]*\\)[ 	][ 	]*\\([_A-Za-z][_A-Za-z0-9]*\\)\$/\\1 \\2 \\2/p'\''"'
lt_lt_cv_sys_global_symbol_to_c_name_address='"sed -n -e '\''s/^: \\([^ ]*\\) \$/  {\\\"\\1\\\", (lt_ptr) 0},/p'\'' -e '\''s/^[BCDEGRST] \\([^ ]*\\) \\([^ ]*\\)\$/  {\"\\2\", (lt_ptr) \\&\\2},/p'\''"'
lt_lt_cv_sys_global_symbol_to_cdecl='"sed -n -e '\''s/^. .* \\(.*\\)\$/extern int \\1;/p'\''"'

## ----------------- ##
## Output variables. ##
## ----------------- ##

ACLOCAL='${SHELL} /home/josh/Downloads/wso2-wsf-php-src-2.1.0/wsf_c/axis2c/missing --run aclocal-1.10'
AMDEPBACKSLASH='\'
AMDEP_FALSE='#'
AMDEP_TRUE=''
AMTAR='${SHELL} /home/josh/Downloads/wso2-wsf-php-src-2.1.0/wsf_c/axis2c/missing --run tar'
APACHE2BUILD=''
APACHE2INC=''
APRINC=''
AR='ar'
AUTOCONF='${SHELL} /home/josh/Downloads/wso2-wsf-php-src-2.1.0/wsf_c/axis2c/missing --run autoconf'
AUTOHEADER='${SHELL} /home/josh/Downloads/wso2-wsf-php-src-2.1.0/wsf_c/axis2c/missing --run autoheader'
AUTOMAKE='${SHELL} /home/josh/Downloads/wso2-wsf-php-src-2.1.0/wsf_c/axis2c/missing --run automake-1.10'
AWK='gawk'
AXIS2_LIBCURL_ENABLED_FALSE=''
AXIS2_LIBCURL_ENABLED_TRUE='#'
AXIS2_SSL_ENABLED_FALSE='#'
AXIS2_SSL_ENABLED_TRUE=''
AXIS2_XMPP_ENABLED_FALSE=''
AXIS2_XMPP_ENABLED_TRUE='#'
AXIS2_XMPP_GSSAPI_FALSE=''
AXIS2_XMPP_GSSAPI_TRUE='#'
CC='gcc'
CCDEPMODE='depmode=gcc3'
CFLAGS='-g -O2 -D_LARGEFILE64_SOURCE -ansi -Wall  -Wno-implicit-function-declaration -g -D_GNU_SOURCE -DAXIS2_SVR_MULTI_THREADED -DAXIS2_SSL_ENABLED'
CPP='gcc -E'
CPPFLAGS=''
CXX='g++'
CXXCPP='g++ -E'
CXXDEPMODE='depmode=gcc3'
CXXFLAGS='-g -O2'
CYGPATH_W='echo'
DEFS='-DHAVE_CONFIG_H'
DEPDIR='.deps'
DICLIENT_DIR=''
DSYMUTIL=''
ECHO='echo'
ECHO_C=''
ECHO_N='-n'
ECHO_T=''
EGREP='/usr/bin/grep -E'
EXEEXT=''
F77=''
FFLAGS=''
GREP='/usr/bin/grep'
GUTHTHILA_DIR='guththila'
GUTHTHILA_LIBS='/guththila/src/'
IKSEMELINC=''
IKSEMELLIB=''
INSTALL_DATA='${INSTALL} -m 644'
INSTALL_PROGRAM='${INSTALL}'
INSTALL_SCRIPT='${INSTALL}'
INSTALL_STRIP_PROGRAM='$(install_sh) -c -s'
LDFLAGS=' -lpthread'
LIBOBJS=''
LIBS='-lz -ldl '
LIBTOOL='$(SHELL) $(top_builddir)/libtool'
LN_S='ln -s'
LTLIBOBJS=''
MAKEINFO='${SHELL} /home/josh/Downloads/wso2-wsf-php-src-2.1.0/wsf_c/axis2c/missing --run makeinfo'
MKDIR_P='/usr/bin/mkdir -p'
NMEDIT=''
OBJEXT='o'
OPENSSLINC='-I/usr/include/openssl'
OPENSSLLIB=''
PACKAGE='axis2c-src'
PACKAGE_BUGREPORT=''
PACKAGE_NAME='axis2c-src'
PACKAGE_STRING='axis2c-src 1.6.0'
PACKAGE_TARNAME='axis2c-src'
PACKAGE_VERSION='1.6.0'
PARSER_CFLAGS=''
PARSER_DIR=''
PARSER_LIBS=''
PATH_SEPARATOR=':'
PKG_CONFIG='/usr/bin/pkg-config'
RANLIB='ranlib'
SAMPLES=''
SED='/usr/bin/sed'
SET_MAKE=''
SHELL='/bin/sh'
STRIP='strip'
TCP_DIR=''
TESTDIR=''
UDP_DIR=''
VERSION='1.6.0'
VERSION_NO='6:0:6'
WRAPPER_DIR='guththila'
XMPP_DIR=''
ZLIBBUILD=''
ac_ct_CC='gcc'
ac_ct_CXX='g++'
ac_ct_F77=''
am__fastdepCC_FALSE='#'
am__fastdepCC_TRUE=''
am__fastdepCXX_FALSE='#'
am__fastdepCXX_TRUE=''
am__include='include'
am__isrc=''
am__leading_dot='.'
am__quote=''
am__tar='tar --format=ustar -chf - "$$tardir"'
am__untar='tar -xf -'
bindir='${exec_prefix}/bin'
build='x86_64-unknown-linux-gnu'
build_alias=''
build_cpu='x86_64'
build_os='linux-gnu'
build_vendor='unknown'
datadir='${datarootdir}'
datarootdir='${prefix}/share'
docdir='${datarootdir}/doc/${PACKAGE_TARNAME}'
dvidir='${docdir}'
exec_prefix='${prefix}'
host='x86_64-unknown-linux-gnu'
host_alias=''
host_cpu='x86_64'
host_os='linux-gnu'
host_vendor='unknown'
htmldir='${docdir}'
includedir='${prefix}/include'
infodir='${datarootdir}/info'
install_sh='$(SHELL) /home/josh/Downloads/wso2-wsf-php-src-2.1.0/wsf_c/axis2c/install-sh'
libdir='${exec_prefix}/lib'
libexecdir='${exec_prefix}/libexec'
localedir='${datarootdir}/locale'
localstatedir='${prefix}/var'
mandir='${datarootdir}/man'
mkdir_p='/usr/bin/mkdir -p'
oldincludedir='/usr/include'
pdfdir='${docdir}'
prefix='/usr/lib64/php/modules/wsf_c'
program_transform_name='s,x,x,'
psdir='${docdir}'
sbindir='${exec_prefix}/sbin'
sharedstatedir='${prefix}/com'
subdirs=' util axiom neethi guththila'
sysconfdir='${prefix}/etc'
target='x86_64-unknown-linux-gnu'
target_alias=''
target_cpu='x86_64'
target_os='linux-gnu'
target_vendor='unknown'

## ----------- ##
## confdefs.h. ##
## ----------- ##

#define PACKAGE_NAME "axis2c-src"
#define PACKAGE_TARNAME "axis2c-src"
#define PACKAGE_VERSION "1.6.0"
#define PACKAGE_STRING "axis2c-src 1.6.0"
#define PACKAGE_BUGREPORT ""
#define PACKAGE "axis2c-src"
#define VERSION "1.6.0"
#define STDC_HEADERS 1
#define HAVE_SYS_TYPES_H 1
#define HAVE_SYS_STAT_H 1
#define HAVE_STDLIB_H 1
#define HAVE_STRING_H 1
#define HAVE_MEMORY_H 1
#define HAVE_STRINGS_H 1
#define HAVE_INTTYPES_H 1
#define HAVE_STDINT_H 1
#define HAVE_UNISTD_H 1
#define HAVE_DLFCN_H 1
#define HAVE_ISO_VARARGS 1
#define HAVE_GNUC_VARARGS 1
#define HAVE_LIBDL 1
#define HAVE_LIBZ 1
#define STDC_HEADERS 1
#define HAVE_STDIO_H 1
#define HAVE_STDLIB_H 1
#define HAVE_STRING_H 1
#define HAVE_SYS_SOCKET_H 1
#define HAVE_NET_IF_H 1
#define HAVE_LINUX_IF_H 1

configure: exit 0
