This file contains any messages produced by compilers while
running configure, to aid debugging if configure makes a mistake.

It was created by wso2-wsf-php-src configure 2.1.0, which was
generated by GNU Autoconf 2.63.  Invocation command line was

  $ ./configure 

## --------- ##
## Platform. ##
## --------- ##

hostname = localhost.localdomain
uname -m = x86_64
uname -r = 3.19.3-200.fc21.x86_64
uname -s = Linux
uname -v = #1 SMP Thu Mar 26 21:39:42 UTC 2015

/usr/bin/uname -p = x86_64
/bin/uname -X     = unknown

/bin/arch              = x86_64
/usr/bin/arch -k       = unknown
/usr/convex/getsysinfo = unknown
/usr/bin/hostinfo      = unknown
/bin/machine           = unknown
/usr/bin/oslevel       = unknown
/bin/universe          = unknown

PATH: /usr/lib64/qt-3.3/bin
PATH: /usr/local/bin
PATH: /usr/local/sbin
PATH: /usr/bin
PATH: /usr/sbin
PATH: /bin
PATH: /sbin
PATH: /usr/local/jdk1.7.0_79/bin
PATH: /usr/local/maven/bin
PATH: /home/josh/projects/go/bin
PATH: /opt/PostgreSQL/9.4/bin
PATH: /usr/local/mybatis-migrations-3.2.0/bin
PATH: /home/josh/.local/bin
PATH: /home/josh/bin


## ----------- ##
## Core tests. ##
## ----------- ##

configure:2126: checking build system type
configure:2144: result: x86_64-unknown-linux-gnu
configure:2166: checking host system type
configure:2181: result: x86_64-unknown-linux-gnu
configure:2203: checking target system type
configure:2218: result: x86_64-unknown-linux-gnu
configure:2264: checking for a BSD-compatible install
configure:2332: result: /usr/bin/install -c
configure:2343: checking whether build environment is sane
configure:2386: result: yes
configure:2411: checking for a thread-safe mkdir -p
configure:2450: result: /usr/bin/mkdir -p
configure:2463: checking for gawk
configure:2479: found /usr/bin/gawk
configure:2490: result: gawk
configure:2501: checking whether make sets $(MAKE)
configure:2523: result: yes
configure:2702: checking how to create a ustar tar archive
configure:2715: tar --version
tar (GNU tar) 1.27.1
Copyright (C) 2013 Free Software Foundation, Inc.
License GPLv3+: GNU GPL version 3 or later <http://gnu.org/licenses/gpl.html>.
This is free software: you are free to change and redistribute it.
There is NO WARRANTY, to the extent permitted by law.

Written by John Gilmore and Jay Fenlason.
configure:2718: $? = 0
configure:2758: tardir=conftest.dir && eval tar --format=ustar -chf - "$tardir" >conftest.tar
configure:2761: $? = 0
configure:2765: tar -xf - <conftest.tar
configure:2768: $? = 0
configure:2781: result: gnutar
configure:2838: checking for gcc
configure:2854: found /usr/bin/gcc
configure:2865: result: gcc
configure:3097: checking for C compiler version
configure:3105: gcc --version >&5
gcc (GCC) 4.9.2 20150212 (Red Hat 4.9.2-6)
Copyright (C) 2014 Free Software Foundation, Inc.
This is free software; see the source for copying conditions.  There is NO
warranty; not even for MERCHANTABILITY or FITNESS FOR A PARTICULAR PURPOSE.

configure:3109: $? = 0
configure:3116: gcc -v >&5
Using built-in specs.
COLLECT_GCC=gcc
COLLECT_LTO_WRAPPER=/usr/libexec/gcc/x86_64-redhat-linux/4.9.2/lto-wrapper
Target: x86_64-redhat-linux
Configured with: ../configure --prefix=/usr --mandir=/usr/share/man --infodir=/usr/share/info --with-bugurl=http://bugzilla.redhat.com/bugzilla --enable-bootstrap --enable-shared --enable-threads=posix --enable-checking=release --enable-multilib --with-system-zlib --enable-__cxa_atexit --disable-libunwind-exceptions --enable-gnu-unique-object --enable-linker-build-id --with-linker-hash-style=gnu --enable-languages=c,c++,objc,obj-c++,fortran,ada,go,lto --enable-plugin --enable-initfini-array --disable-libgcj --with-isl=/builddir/build/BUILD/gcc-4.9.2-20150212/obj-x86_64-redhat-linux/isl-install --with-cloog=/builddir/build/BUILD/gcc-4.9.2-20150212/obj-x86_64-redhat-linux/cloog-install --enable-gnu-indirect-function --with-tune=generic --with-arch_32=i686 --build=x86_64-redhat-linux
Thread model: posix
gcc version 4.9.2 20150212 (Red Hat 4.9.2-6) (GCC) 
configure:3120: $? = 0
configure:3127: gcc -V >&5
gcc: error: unrecognized command line option '-V'
gcc: fatal error: no input files
compilation terminated.
configure:3131: $? = 4
configure:3154: checking for C compiler default output file name
configure:3176: gcc    conftest.c  >&5
configure:3180: $? = 0
configure:3218: result: a.out
configure:3237: checking whether the C compiler works
configure:3247: ./a.out
configure:3251: $? = 0
configure:3270: result: yes
configure:3277: checking whether we are cross compiling
configure:3279: result: no
configure:3282: checking for suffix of executables
configure:3289: gcc -o conftest    conftest.c  >&5
configure:3293: $? = 0
configure:3319: result: 
configure:3325: checking for suffix of object files
configure:3351: gcc -c   conftest.c >&5
configure:3355: $? = 0
configure:3380: result: o
configure:3384: checking whether we are using the GNU C compiler
configure:3413: gcc -c   conftest.c >&5
configure:3420: $? = 0
configure:3437: result: yes
configure:3446: checking whether gcc accepts -g
configure:3476: gcc -c -g  conftest.c >&5
configure:3483: $? = 0
configure:3584: result: yes
configure:3601: checking for gcc option to accept ISO C89
configure:3675: gcc  -c -g -O2  conftest.c >&5
configure:3682: $? = 0
configure:3705: result: none needed
configure:3734: checking for style of include used by make
configure:3762: result: GNU
configure:3787: checking dependency style of gcc
configure:3878: result: none
configure:3951: checking for g++
configure:3967: found /usr/bin/g++
configure:3978: result: g++
configure:4005: checking for C++ compiler version
configure:4013: g++ --version >&5
g++ (GCC) 4.9.2 20150212 (Red Hat 4.9.2-6)
Copyright (C) 2014 Free Software Foundation, Inc.
This is free software; see the source for copying conditions.  There is NO
warranty; not even for MERCHANTABILITY or FITNESS FOR A PARTICULAR PURPOSE.

configure:4017: $? = 0
configure:4024: g++ -v >&5
Using built-in specs.
COLLECT_GCC=g++
COLLECT_LTO_WRAPPER=/usr/libexec/gcc/x86_64-redhat-linux/4.9.2/lto-wrapper
Target: x86_64-redhat-linux
Configured with: ../configure --prefix=/usr --mandir=/usr/share/man --infodir=/usr/share/info --with-bugurl=http://bugzilla.redhat.com/bugzilla --enable-bootstrap --enable-shared --enable-threads=posix --enable-checking=release --enable-multilib --with-system-zlib --enable-__cxa_atexit --disable-libunwind-exceptions --enable-gnu-unique-object --enable-linker-build-id --with-linker-hash-style=gnu --enable-languages=c,c++,objc,obj-c++,fortran,ada,go,lto --enable-plugin --enable-initfini-array --disable-libgcj --with-isl=/builddir/build/BUILD/gcc-4.9.2-20150212/obj-x86_64-redhat-linux/isl-install --with-cloog=/builddir/build/BUILD/gcc-4.9.2-20150212/obj-x86_64-redhat-linux/cloog-install --enable-gnu-indirect-function --with-tune=generic --with-arch_32=i686 --build=x86_64-redhat-linux
Thread model: posix
gcc version 4.9.2 20150212 (Red Hat 4.9.2-6) (GCC) 
configure:4028: $? = 0
configure:4035: g++ -V >&5
g++: error: unrecognized command line option '-V'
g++: fatal error: no input files
compilation terminated.
configure:4039: $? = 4
configure:4042: checking whether we are using the GNU C++ compiler
configure:4071: g++ -c   conftest.cpp >&5
configure:4078: $? = 0
configure:4095: result: yes
configure:4104: checking whether g++ accepts -g
configure:4134: g++ -c -g  conftest.cpp >&5
configure:4141: $? = 0
configure:4242: result: yes
configure:4267: checking dependency style of g++
configure:4358: result: none
configure:4378: checking how to run the C preprocessor
configure:4418: gcc -E  conftest.c
configure:4425: $? = 0
configure:4456: gcc -E  conftest.c
conftest.c:10:28: fatal error: ac_nonexistent.h: No such file or directory
 #include <ac_nonexistent.h>
                            ^
compilation terminated.
configure:4463: $? = 1
configure: failed program was:
| /* confdefs.h.  */
| #define PACKAGE_NAME "wso2-wsf-php-src"
| #define PACKAGE_TARNAME "wso2-wsf-php-src"
| #define PACKAGE_VERSION "2.1.0"
| #define PACKAGE_STRING "wso2-wsf-php-src 2.1.0"
| #define PACKAGE_BUGREPORT ""
| #define PACKAGE "wso2-wsf-php-src"
| #define VERSION "2.1.0"
| /* end confdefs.h.  */
| #include <ac_nonexistent.h>
configure:4496: result: gcc -E
configure:4525: gcc -E  conftest.c
configure:4532: $? = 0
configure:4563: gcc -E  conftest.c
conftest.c:10:28: fatal error: ac_nonexistent.h: No such file or directory
 #include <ac_nonexistent.h>
                            ^
compilation terminated.
configure:4570: $? = 1
configure: failed program was:
| /* confdefs.h.  */
| #define PACKAGE_NAME "wso2-wsf-php-src"
| #define PACKAGE_TARNAME "wso2-wsf-php-src"
| #define PACKAGE_VERSION "2.1.0"
| #define PACKAGE_STRING "wso2-wsf-php-src 2.1.0"
| #define PACKAGE_BUGREPORT ""
| #define PACKAGE "wso2-wsf-php-src"
| #define VERSION "2.1.0"
| /* end confdefs.h.  */
| #include <ac_nonexistent.h>
configure:4681: checking for a sed that does not truncate output
configure:4737: result: /usr/bin/sed
configure:4740: checking for grep that handles long lines and -e
configure:4800: result: /usr/bin/grep
configure:4805: checking for egrep
configure:4869: result: /usr/bin/grep -E
configure:4885: checking for ld used by gcc
configure:4952: result: /usr/bin/ld
configure:4961: checking if the linker (/usr/bin/ld) is GNU ld
configure:4976: result: yes
configure:4981: checking for /usr/bin/ld option to reload object files
configure:4988: result: -r
configure:5006: checking for BSD-compatible nm
configure:5055: result: /usr/bin/nm -B
configure:5059: checking whether ln -s works
configure:5063: result: yes
configure:5070: checking how to recognize dependent libraries
configure:5256: result: pass_all
configure:5345: gcc -c -g -O2  conftest.c >&5
configure:5348: $? = 0
configure:5502: checking for ANSI C header files
configure:5532: gcc -c -g -O2  conftest.c >&5
configure:5539: $? = 0
configure:5638: gcc -o conftest -g -O2   conftest.c  >&5
configure:5642: $? = 0
configure:5648: ./conftest
configure:5652: $? = 0
configure:5670: result: yes
configure:5694: checking for sys/types.h
configure:5715: gcc -c -g -O2  conftest.c >&5
configure:5722: $? = 0
configure:5739: result: yes
configure:5694: checking for sys/stat.h
configure:5715: gcc -c -g -O2  conftest.c >&5
configure:5722: $? = 0
configure:5739: result: yes
configure:5694: checking for stdlib.h
configure:5715: gcc -c -g -O2  conftest.c >&5
configure:5722: $? = 0
configure:5739: result: yes
configure:5694: checking for string.h
configure:5715: gcc -c -g -O2  conftest.c >&5
configure:5722: $? = 0
configure:5739: result: yes
configure:5694: checking for memory.h
configure:5715: gcc -c -g -O2  conftest.c >&5
configure:5722: $? = 0
configure:5739: result: yes
configure:5694: checking for strings.h
configure:5715: gcc -c -g -O2  conftest.c >&5
configure:5722: $? = 0
configure:5739: result: yes
configure:5694: checking for inttypes.h
configure:5715: gcc -c -g -O2  conftest.c >&5
configure:5722: $? = 0
configure:5739: result: yes
configure:5694: checking for stdint.h
configure:5715: gcc -c -g -O2  conftest.c >&5
configure:5722: $? = 0
configure:5739: result: yes
configure:5694: checking for unistd.h
configure:5715: gcc -c -g -O2  conftest.c >&5
configure:5722: $? = 0
configure:5739: result: yes
configure:5769: checking dlfcn.h usability
configure:5786: gcc -c -g -O2  conftest.c >&5
configure:5793: $? = 0
configure:5807: result: yes
configure:5811: checking dlfcn.h presence
configure:5826: gcc -E  conftest.c
configure:5833: $? = 0
configure:5847: result: yes
configure:5875: checking for dlfcn.h
configure:5884: result: yes
configure:5909: checking how to run the C++ preprocessor
configure:5945: g++ -E  conftest.cpp
configure:5952: $? = 0
configure:5983: g++ -E  conftest.cpp
conftest.cpp:21:28: fatal error: ac_nonexistent.h: No such file or directory
 #include <ac_nonexistent.h>
                            ^
compilation terminated.
configure:5990: $? = 1
configure: failed program was:
| /* confdefs.h.  */
| #define PACKAGE_NAME "wso2-wsf-php-src"
| #define PACKAGE_TARNAME "wso2-wsf-php-src"
| #define PACKAGE_VERSION "2.1.0"
| #define PACKAGE_STRING "wso2-wsf-php-src 2.1.0"
| #define PACKAGE_BUGREPORT ""
| #define PACKAGE "wso2-wsf-php-src"
| #define VERSION "2.1.0"
| #define STDC_HEADERS 1
| #define HAVE_SYS_TYPES_H 1
| #define HAVE_SYS_STAT_H 1
| #define HAVE_STDLIB_H 1
| #define HAVE_STRING_H 1
| #define HAVE_MEMORY_H 1
| #define HAVE_STRINGS_H 1
| #define HAVE_INTTYPES_H 1
| #define HAVE_STDINT_H 1
| #define HAVE_UNISTD_H 1
| #define HAVE_DLFCN_H 1
| /* end confdefs.h.  */
| #include <ac_nonexistent.h>
configure:6023: result: g++ -E
configure:6052: g++ -E  conftest.cpp
configure:6059: $? = 0
configure:6090: g++ -E  conftest.cpp
conftest.cpp:21:28: fatal error: ac_nonexistent.h: No such file or directory
 #include <ac_nonexistent.h>
                            ^
compilation terminated.
configure:6097: $? = 1
configure: failed program was:
| /* confdefs.h.  */
| #define PACKAGE_NAME "wso2-wsf-php-src"
| #define PACKAGE_TARNAME "wso2-wsf-php-src"
| #define PACKAGE_VERSION "2.1.0"
| #define PACKAGE_STRING "wso2-wsf-php-src 2.1.0"
| #define PACKAGE_BUGREPORT ""
| #define PACKAGE "wso2-wsf-php-src"
| #define VERSION "2.1.0"
| #define STDC_HEADERS 1
| #define HAVE_SYS_TYPES_H 1
| #define HAVE_SYS_STAT_H 1
| #define HAVE_STDLIB_H 1
| #define HAVE_STRING_H 1
| #define HAVE_MEMORY_H 1
| #define HAVE_STRINGS_H 1
| #define HAVE_INTTYPES_H 1
| #define HAVE_STDINT_H 1
| #define HAVE_UNISTD_H 1
| #define HAVE_DLFCN_H 1
| /* end confdefs.h.  */
| #include <ac_nonexistent.h>
configure:6192: checking for g77
configure:6222: result: no
configure:6192: checking for xlf
configure:6222: result: no
configure:6192: checking for f77
configure:6222: result: no
configure:6192: checking for frt
configure:6222: result: no
configure:6192: checking for pgf77
configure:6222: result: no
configure:6192: checking for cf77
configure:6222: result: no
configure:6192: checking for fort77
configure:6222: result: no
configure:6192: checking for fl32
configure:6222: result: no
configure:6192: checking for af77
configure:6222: result: no
configure:6192: checking for xlf90
configure:6222: result: no
configure:6192: checking for f90
configure:6222: result: no
configure:6192: checking for pgf90
configure:6222: result: no
configure:6192: checking for pghpf
configure:6222: result: no
configure:6192: checking for epcf90
configure:6222: result: no
configure:6192: checking for gfortran
configure:6222: result: no
configure:6192: checking for g95
configure:6222: result: no
configure:6192: checking for xlf95
configure:6222: result: no
configure:6192: checking for f95
configure:6222: result: no
configure:6192: checking for fort
configure:6222: result: no
configure:6192: checking for ifort
configure:6222: result: no
configure:6192: checking for ifc
configure:6222: result: no
configure:6192: checking for efc
configure:6222: result: no
configure:6192: checking for pgf95
configure:6222: result: no
configure:6192: checking for lf95
configure:6222: result: no
configure:6192: checking for ftn
configure:6222: result: no
configure:6245: checking for Fortran 77 compiler version
configure:6253:  --version >&5
./configure: line 6255: --version: command not found
configure:6257: $? = 127
configure:6264:  -v >&5
./configure: line 6266: -v: command not found
configure:6268: $? = 127
configure:6275:  -V >&5
./configure: line 6277: -V: command not found
configure:6279: $? = 127
configure:6287: checking whether we are using the GNU Fortran 77 compiler
configure:6306:  -c  conftest.F >&5
./configure: line 6308: -c: command not found
configure:6313: $? = 127
configure: failed program was:
|       program main
| #ifndef __GNUC__
|        choke me
| #endif
| 
|       end
configure:6330: result: no
configure:6336: checking whether  accepts -g
configure:6353:  -c -g conftest.f >&5
./configure: line 6355: -c: command not found
configure:6360: $? = 127
configure: failed program was:
|       program main
| 
|       end
configure:6376: result: no
configure:6409: checking the maximum length of command line arguments
configure:6521: result: 1572864
configure:6533: checking command to parse /usr/bin/nm -B output from gcc object
configure:6638: gcc -c -g -O2  conftest.c >&5
configure:6641: $? = 0
configure:6645: /usr/bin/nm -B conftest.o \| sed -n -e 's/^.*[ 	]\([ABCDGIRSTW][ABCDGIRSTW]*\)[ 	][ 	]*\([_A-Za-z][_A-Za-z0-9]*\)$/\1 \2 \2/p' \> conftest.nm
configure:6648: $? = 0
configure:6700: gcc -o conftest -g -O2   conftest.c conftstm.o >&5
configure:6703: $? = 0
configure:6741: result: ok
configure:6745: checking for objdir
configure:6760: result: .libs
configure:6852: checking for ar
configure:6868: found /usr/bin/ar
configure:6879: result: ar
configure:6944: checking for ranlib
configure:6960: found /usr/bin/ranlib
configure:6971: result: ranlib
configure:7036: checking for strip
configure:7052: found /usr/bin/strip
configure:7063: result: strip
configure:7653: checking if gcc supports -fno-rtti -fno-exceptions
configure:7671: gcc -c -g -O2  -fno-rtti -fno-exceptions conftest.c >&5
cc1: warning: command line option '-fno-rtti' is valid for C++/ObjC++ but not for C
configure:7675: $? = 0
configure:7688: result: no
configure:7703: checking for gcc option to produce PIC
configure:7935: result: -fPIC
configure:7943: checking if gcc PIC flag -fPIC works
configure:7961: gcc -c -g -O2  -fPIC -DPIC conftest.c >&5
configure:7965: $? = 0
configure:7978: result: yes
configure:8006: checking if gcc static flag -static works
configure:8034: result: no
configure:8044: checking if gcc supports -c -o file.o
configure:8065: gcc -c -g -O2  -o out/conftest2.o conftest.c >&5
configure:8069: $? = 0
configure:8091: result: yes
configure:8117: checking whether the gcc linker (/usr/bin/ld -m elf_x86_64) supports shared libraries
configure:9105: result: yes
configure:9126: checking whether -lc should be explicitly linked in
configure:9131: gcc -c -g -O2  conftest.c >&5
configure:9134: $? = 0
configure:9149: gcc -shared conftest.o  -v -Wl,-soname -Wl,conftest -o conftest 2\>\&1 \| grep  -lc  \>/dev/null 2\>\&1
configure:9152: $? = 0
configure:9164: result: no
configure:9172: checking dynamic linker characteristics
configure:9776: result: GNU/Linux ld.so
configure:9800: checking how to hardcode library paths into programs
configure:9825: result: immediate
configure:9839: checking whether stripping libraries is possible
configure:9844: result: yes
configure:10674: checking if libtool supports shared libraries
configure:10676: result: yes
configure:10679: checking whether to build shared libraries
configure:10700: result: yes
configure:10703: checking whether to build static libraries
configure:10707: result: yes
configure:10801: creating libtool
configure:11394: checking for ld used by g++
configure:11461: result: /usr/bin/ld -m elf_x86_64
configure:11470: checking if the linker (/usr/bin/ld -m elf_x86_64) is GNU ld
configure:11485: result: yes
configure:11536: checking whether the g++ linker (/usr/bin/ld -m elf_x86_64) supports shared libraries
configure:12490: result: yes
configure:12507: g++ -c -g -O2  conftest.cpp >&5
configure:12510: $? = 0
configure:12666: checking for g++ option to produce PIC
configure:12950: result: -fPIC
configure:12958: checking if g++ PIC flag -fPIC works
configure:12976: g++ -c -g -O2  -fPIC -DPIC conftest.cpp >&5
configure:12980: $? = 0
configure:12993: result: yes
configure:13021: checking if g++ static flag -static works
configure:13049: result: no
configure:13059: checking if g++ supports -c -o file.o
configure:13080: g++ -c -g -O2  -o out/conftest2.o conftest.cpp >&5
configure:13084: $? = 0
configure:13106: result: yes
configure:13132: checking whether the g++ linker (/usr/bin/ld -m elf_x86_64) supports shared libraries
configure:13158: result: yes
configure:13225: checking dynamic linker characteristics
configure:13777: result: GNU/Linux ld.so
configure:13801: checking how to hardcode library paths into programs
configure:13826: result: immediate
configure:20081: checking for a BSD-compatible install
configure:20149: result: /usr/bin/install -c
configure:20160: checking whether ln -s works
configure:20164: result: yes
configure:20171: checking whether make sets $(MAKE)
configure:20193: result: yes
configure:20207: checking for dlopen in -ldl
configure:20242: gcc -o conftest -g -O2   conftest.c -ldl   >&5
configure:20249: $? = 0
configure:20270: result: yes
configure:20282: checking for inflate in -lz
configure:20317: gcc -o conftest -g -O2   conftest.c -lz  -ldl  >&5
configure:20324: $? = 0
configure:20345: result: yes
configure:20375: checking for ANSI C header files
configure:20543: result: yes
configure:20571: checking stdio.h usability
configure:20588: gcc -c -g -O2 -D_LARGEFILE64_SOURCE -ansi -Wall -Wno-implicit-function-declaration   conftest.c >&5
configure:20595: $? = 0
configure:20609: result: yes
configure:20613: checking stdio.h presence
configure:20628: gcc -E  conftest.c
configure:20635: $? = 0
configure:20649: result: yes
configure:20677: checking for stdio.h
configure:20686: result: yes
configure:20560: checking for stdlib.h
configure:20567: result: yes
configure:20560: checking for string.h
configure:20567: result: yes
configure:20717: checking sys/socket.h usability
configure:20734: gcc -c -g -O2 -D_LARGEFILE64_SOURCE -ansi -Wall -Wno-implicit-function-declaration   conftest.c >&5
configure:20741: $? = 0
configure:20755: result: yes
configure:20759: checking sys/socket.h presence
configure:20774: gcc -E  conftest.c
configure:20781: $? = 0
configure:20795: result: yes
configure:20823: checking for sys/socket.h
configure:20832: result: yes
configure:20851: checking for net/if.h
configure:20884: gcc -c -g -O2 -D_LARGEFILE64_SOURCE -ansi -Wall -Wno-implicit-function-declaration   conftest.c >&5
configure:20891: $? = 0
configure:20908: result: yes
configure:20925: checking for linux/if.h
configure:20950: gcc -c -g -O2 -D_LARGEFILE64_SOURCE -ansi -Wall -Wno-implicit-function-declaration   conftest.c >&5
configure:20957: $? = 0
configure:20974: result: yes
configure:21003: checking net/if_types.h usability
configure:21020: gcc -c -g -O2 -D_LARGEFILE64_SOURCE -ansi -Wall -Wno-implicit-function-declaration   conftest.c >&5
conftest.c:63:26: fatal error: net/if_types.h: No such file or directory
 #include <net/if_types.h>
                          ^
compilation terminated.
configure:21027: $? = 1
configure: failed program was:
| /* confdefs.h.  */
| #define PACKAGE_NAME "wso2-wsf-php-src"
| #define PACKAGE_TARNAME "wso2-wsf-php-src"
| #define PACKAGE_VERSION "2.1.0"
| #define PACKAGE_STRING "wso2-wsf-php-src 2.1.0"
| #define PACKAGE_BUGREPORT ""
| #define PACKAGE "wso2-wsf-php-src"
| #define VERSION "2.1.0"
| #define STDC_HEADERS 1
| #define HAVE_SYS_TYPES_H 1
| #define HAVE_SYS_STAT_H 1
| #define HAVE_STDLIB_H 1
| #define HAVE_STRING_H 1
| #define HAVE_MEMORY_H 1
| #define HAVE_STRINGS_H 1
| #define HAVE_INTTYPES_H 1
| #define HAVE_STDINT_H 1
| #define HAVE_UNISTD_H 1
| #define HAVE_DLFCN_H 1
| #define HAVE_LIBDL 1
| #define HAVE_LIBZ 1
| #define STDC_HEADERS 1
| #define HAVE_STDIO_H 1
| #define HAVE_STDLIB_H 1
| #define HAVE_STRING_H 1
| #define HAVE_SYS_SOCKET_H 1
| #define HAVE_NET_IF_H 1
| #define HAVE_LINUX_IF_H 1
| /* end confdefs.h.  */
| #include <stdio.h>
| #ifdef HAVE_SYS_TYPES_H
| # include <sys/types.h>
| #endif
| #ifdef HAVE_SYS_STAT_H
| # include <sys/stat.h>
| #endif
| #ifdef STDC_HEADERS
| # include <stdlib.h>
| # include <stddef.h>
| #else
| # ifdef HAVE_STDLIB_H
| #  include <stdlib.h>
| # endif
| #endif
| #ifdef HAVE_STRING_H
| # if !defined STDC_HEADERS && defined HAVE_MEMORY_H
| #  include <memory.h>
| # endif
| # include <string.h>
| #endif
| #ifdef HAVE_STRINGS_H
| # include <strings.h>
| #endif
| #ifdef HAVE_INTTYPES_H
| # include <inttypes.h>
| #endif
| #ifdef HAVE_STDINT_H
| # include <stdint.h>
| #endif
| #ifdef HAVE_UNISTD_H
| # include <unistd.h>
| #endif
| #include <net/if_types.h>
configure:21041: result: no
configure:21045: checking net/if_types.h presence
configure:21060: gcc -E  conftest.c
conftest.c:30:26: fatal error: net/if_types.h: No such file or directory
 #include <net/if_types.h>
                          ^
compilation terminated.
configure:21067: $? = 1
configure: failed program was:
| /* confdefs.h.  */
| #define PACKAGE_NAME "wso2-wsf-php-src"
| #define PACKAGE_TARNAME "wso2-wsf-php-src"
| #define PACKAGE_VERSION "2.1.0"
| #define PACKAGE_STRING "wso2-wsf-php-src 2.1.0"
| #define PACKAGE_BUGREPORT ""
| #define PACKAGE "wso2-wsf-php-src"
| #define VERSION "2.1.0"
| #define STDC_HEADERS 1
| #define HAVE_SYS_TYPES_H 1
| #define HAVE_SYS_STAT_H 1
| #define HAVE_STDLIB_H 1
| #define HAVE_STRING_H 1
| #define HAVE_MEMORY_H 1
| #define HAVE_STRINGS_H 1
| #define HAVE_INTTYPES_H 1
| #define HAVE_STDINT_H 1
| #define HAVE_UNISTD_H 1
| #define HAVE_DLFCN_H 1
| #define HAVE_LIBDL 1
| #define HAVE_LIBZ 1
| #define STDC_HEADERS 1
| #define HAVE_STDIO_H 1
| #define HAVE_STDLIB_H 1
| #define HAVE_STRING_H 1
| #define HAVE_SYS_SOCKET_H 1
| #define HAVE_NET_IF_H 1
| #define HAVE_LINUX_IF_H 1
| /* end confdefs.h.  */
| #include <net/if_types.h>
configure:21081: result: no
configure:21109: checking for net/if_types.h
configure:21118: result: no
configure:21149: checking net/if_dl.h usability
configure:21166: gcc -c -g -O2 -D_LARGEFILE64_SOURCE -ansi -Wall -Wno-implicit-function-declaration   conftest.c >&5
conftest.c:63:23: fatal error: net/if_dl.h: No such file or directory
 #include <net/if_dl.h>
                       ^
compilation terminated.
configure:21173: $? = 1
configure: failed program was:
| /* confdefs.h.  */
| #define PACKAGE_NAME "wso2-wsf-php-src"
| #define PACKAGE_TARNAME "wso2-wsf-php-src"
| #define PACKAGE_VERSION "2.1.0"
| #define PACKAGE_STRING "wso2-wsf-php-src 2.1.0"
| #define PACKAGE_BUGREPORT ""
| #define PACKAGE "wso2-wsf-php-src"
| #define VERSION "2.1.0"
| #define STDC_HEADERS 1
| #define HAVE_SYS_TYPES_H 1
| #define HAVE_SYS_STAT_H 1
| #define HAVE_STDLIB_H 1
| #define HAVE_STRING_H 1
| #define HAVE_MEMORY_H 1
| #define HAVE_STRINGS_H 1
| #define HAVE_INTTYPES_H 1
| #define HAVE_STDINT_H 1
| #define HAVE_UNISTD_H 1
| #define HAVE_DLFCN_H 1
| #define HAVE_LIBDL 1
| #define HAVE_LIBZ 1
| #define STDC_HEADERS 1
| #define HAVE_STDIO_H 1
| #define HAVE_STDLIB_H 1
| #define HAVE_STRING_H 1
| #define HAVE_SYS_SOCKET_H 1
| #define HAVE_NET_IF_H 1
| #define HAVE_LINUX_IF_H 1
| /* end confdefs.h.  */
| #include <stdio.h>
| #ifdef HAVE_SYS_TYPES_H
| # include <sys/types.h>
| #endif
| #ifdef HAVE_SYS_STAT_H
| # include <sys/stat.h>
| #endif
| #ifdef STDC_HEADERS
| # include <stdlib.h>
| # include <stddef.h>
| #else
| # ifdef HAVE_STDLIB_H
| #  include <stdlib.h>
| # endif
| #endif
| #ifdef HAVE_STRING_H
| # if !defined STDC_HEADERS && defined HAVE_MEMORY_H
| #  include <memory.h>
| # endif
| # include <string.h>
| #endif
| #ifdef HAVE_STRINGS_H
| # include <strings.h>
| #endif
| #ifdef HAVE_INTTYPES_H
| # include <inttypes.h>
| #endif
| #ifdef HAVE_STDINT_H
| # include <stdint.h>
| #endif
| #ifdef HAVE_UNISTD_H
| # include <unistd.h>
| #endif
| #include <net/if_dl.h>
configure:21187: result: no
configure:21191: checking net/if_dl.h presence
configure:21206: gcc -E  conftest.c
conftest.c:30:23: fatal error: net/if_dl.h: No such file or directory
 #include <net/if_dl.h>
                       ^
compilation terminated.
configure:21213: $? = 1
configure: failed program was:
| /* confdefs.h.  */
| #define PACKAGE_NAME "wso2-wsf-php-src"
| #define PACKAGE_TARNAME "wso2-wsf-php-src"
| #define PACKAGE_VERSION "2.1.0"
| #define PACKAGE_STRING "wso2-wsf-php-src 2.1.0"
| #define PACKAGE_BUGREPORT ""
| #define PACKAGE "wso2-wsf-php-src"
| #define VERSION "2.1.0"
| #define STDC_HEADERS 1
| #define HAVE_SYS_TYPES_H 1
| #define HAVE_SYS_STAT_H 1
| #define HAVE_STDLIB_H 1
| #define HAVE_STRING_H 1
| #define HAVE_MEMORY_H 1
| #define HAVE_STRINGS_H 1
| #define HAVE_INTTYPES_H 1
| #define HAVE_STDINT_H 1
| #define HAVE_UNISTD_H 1
| #define HAVE_DLFCN_H 1
| #define HAVE_LIBDL 1
| #define HAVE_LIBZ 1
| #define STDC_HEADERS 1
| #define HAVE_STDIO_H 1
| #define HAVE_STDLIB_H 1
| #define HAVE_STRING_H 1
| #define HAVE_SYS_SOCKET_H 1
| #define HAVE_NET_IF_H 1
| #define HAVE_LINUX_IF_H 1
| /* end confdefs.h.  */
| #include <net/if_dl.h>
configure:21227: result: no
configure:21255: checking for net/if_dl.h
configure:21264: result: no
configure:21296: checking sys/appleapiopts.h usability
configure:21313: gcc -c -g -O2 -D_LARGEFILE64_SOURCE -ansi -Wall -Wno-implicit-function-declaration   conftest.c >&5
conftest.c:63:30: fatal error: sys/appleapiopts.h: No such file or directory
 #include <sys/appleapiopts.h>
                              ^
compilation terminated.
configure:21320: $? = 1
configure: failed program was:
| /* confdefs.h.  */
| #define PACKAGE_NAME "wso2-wsf-php-src"
| #define PACKAGE_TARNAME "wso2-wsf-php-src"
| #define PACKAGE_VERSION "2.1.0"
| #define PACKAGE_STRING "wso2-wsf-php-src 2.1.0"
| #define PACKAGE_BUGREPORT ""
| #define PACKAGE "wso2-wsf-php-src"
| #define VERSION "2.1.0"
| #define STDC_HEADERS 1
| #define HAVE_SYS_TYPES_H 1
| #define HAVE_SYS_STAT_H 1
| #define HAVE_STDLIB_H 1
| #define HAVE_STRING_H 1
| #define HAVE_MEMORY_H 1
| #define HAVE_STRINGS_H 1
| #define HAVE_INTTYPES_H 1
| #define HAVE_STDINT_H 1
| #define HAVE_UNISTD_H 1
| #define HAVE_DLFCN_H 1
| #define HAVE_LIBDL 1
| #define HAVE_LIBZ 1
| #define STDC_HEADERS 1
| #define HAVE_STDIO_H 1
| #define HAVE_STDLIB_H 1
| #define HAVE_STRING_H 1
| #define HAVE_SYS_SOCKET_H 1
| #define HAVE_NET_IF_H 1
| #define HAVE_LINUX_IF_H 1
| /* end confdefs.h.  */
| #include <stdio.h>
| #ifdef HAVE_SYS_TYPES_H
| # include <sys/types.h>
| #endif
| #ifdef HAVE_SYS_STAT_H
| # include <sys/stat.h>
| #endif
| #ifdef STDC_HEADERS
| # include <stdlib.h>
| # include <stddef.h>
| #else
| # ifdef HAVE_STDLIB_H
| #  include <stdlib.h>
| # endif
| #endif
| #ifdef HAVE_STRING_H
| # if !defined STDC_HEADERS && defined HAVE_MEMORY_H
| #  include <memory.h>
| # endif
| # include <string.h>
| #endif
| #ifdef HAVE_STRINGS_H
| # include <strings.h>
| #endif
| #ifdef HAVE_INTTYPES_H
| # include <inttypes.h>
| #endif
| #ifdef HAVE_STDINT_H
| # include <stdint.h>
| #endif
| #ifdef HAVE_UNISTD_H
| # include <unistd.h>
| #endif
| #include <sys/appleapiopts.h>
configure:21334: result: no
configure:21338: checking sys/appleapiopts.h presence
configure:21353: gcc -E  conftest.c
conftest.c:30:30: fatal error: sys/appleapiopts.h: No such file or directory
 #include <sys/appleapiopts.h>
                              ^
compilation terminated.
configure:21360: $? = 1
configure: failed program was:
| /* confdefs.h.  */
| #define PACKAGE_NAME "wso2-wsf-php-src"
| #define PACKAGE_TARNAME "wso2-wsf-php-src"
| #define PACKAGE_VERSION "2.1.0"
| #define PACKAGE_STRING "wso2-wsf-php-src 2.1.0"
| #define PACKAGE_BUGREPORT ""
| #define PACKAGE "wso2-wsf-php-src"
| #define VERSION "2.1.0"
| #define STDC_HEADERS 1
| #define HAVE_SYS_TYPES_H 1
| #define HAVE_SYS_STAT_H 1
| #define HAVE_STDLIB_H 1
| #define HAVE_STRING_H 1
| #define HAVE_MEMORY_H 1
| #define HAVE_STRINGS_H 1
| #define HAVE_INTTYPES_H 1
| #define HAVE_STDINT_H 1
| #define HAVE_UNISTD_H 1
| #define HAVE_DLFCN_H 1
| #define HAVE_LIBDL 1
| #define HAVE_LIBZ 1
| #define STDC_HEADERS 1
| #define HAVE_STDIO_H 1
| #define HAVE_STDLIB_H 1
| #define HAVE_STRING_H 1
| #define HAVE_SYS_SOCKET_H 1
| #define HAVE_NET_IF_H 1
| #define HAVE_LINUX_IF_H 1
| /* end confdefs.h.  */
| #include <sys/appleapiopts.h>
configure:21374: result: no
configure:21402: checking for sys/appleapiopts.h
configure:21411: result: no
configure:21428: checking whether to build rampart 
configure:21450: result: yes
configure:21456: checking whether to build libxml2 xml parser library
configure:21507: checking for pkg-config
configure:21525: found /usr/bin/pkg-config
configure:21537: result: /usr/bin/pkg-config
configure:21562: checking pkg-config is at least version 0.9.0
configure:21565: result: yes
configure:21700: result: no
configure:21710: checking whether to build guththila xml parser library
configure:21734: result: no
configure:21740: checking whether to use apache2 as server transport
configure:21767: result: no
configure:21773: checking whether to use apr. Note that if you build with apache2 you might need to do this.
configure:21798: result: no
configure:21804: checking whether to build tests
configure:21822: result: no
configure:21831: checking whether to enable trace
configure:21848: result: no
configure:21855: checking whether to enable multi threading
configure:21873: result: yes
configure:21880: checking whether to use openssl
configure:21899: result: yes
configure:21908: checking whether to build dynamic invocation client library
configure:21926: result: yes
configure:21935: result: 
configure:22100: creating ./config.status

## ---------------------- ##
## Running config.status. ##
## ---------------------- ##

This file was extended by wso2-wsf-php-src config.status 2.1.0, which was
generated by GNU Autoconf 2.63.  Invocation command line was

  CONFIG_FILES    = 
  CONFIG_HEADERS  = 
  CONFIG_LINKS    = 
  CONFIG_COMMANDS = 
  $ ./config.status 

on localhost.localdomain

config.status:829: creating Makefile
config.status:829: creating config.h
config.status:1051: config.h is unchanged
config.status:1103: executing depfiles commands
config.status:1103: executing wsf commands
config.status:1103: executing php commands
configure:23495: === configuring in src (/home/josh/Downloads/wso2-wsf-php-src-2.1.0/src)
configure:23598: running /bin/sh ./configure --disable-option-checking '--prefix=/usr/lib64/php/modules/wsf_c'  --cache-file=/dev/null --srcdir=.
configure:23495: === configuring in wsf_c (/home/josh/Downloads/wso2-wsf-php-src-2.1.0/wsf_c)
configure:23598: running /bin/sh ./configure --disable-option-checking '--prefix=/usr/lib64/php/modules/wsf_c'  --cache-file=/dev/null --srcdir=.
configure:23495: === configuring in src (/home/josh/Downloads/wso2-wsf-php-src-2.1.0/src)
configure:23598: running /bin/sh ./configure --disable-option-checking '--prefix=/usr/lib64/php/modules/wsf_c'  --cache-file=/dev/null --srcdir=.

## ---------------- ##
## Cache variables. ##
## ---------------- ##

ac_cv_build=x86_64-unknown-linux-gnu
ac_cv_c_compiler_gnu=yes
ac_cv_cxx_compiler_gnu=yes
ac_cv_env_CCC_set=
ac_cv_env_CCC_value=
ac_cv_env_CC_set=
ac_cv_env_CC_value=
ac_cv_env_CFLAGS_set=
ac_cv_env_CFLAGS_value=
ac_cv_env_CPPFLAGS_set=
ac_cv_env_CPPFLAGS_value=
ac_cv_env_CPP_set=
ac_cv_env_CPP_value=
ac_cv_env_CXXCPP_set=
ac_cv_env_CXXCPP_value=
ac_cv_env_CXXFLAGS_set=
ac_cv_env_CXXFLAGS_value=
ac_cv_env_CXX_set=
ac_cv_env_CXX_value=
ac_cv_env_F77_set=
ac_cv_env_F77_value=
ac_cv_env_FFLAGS_set=
ac_cv_env_FFLAGS_value=
ac_cv_env_LDFLAGS_set=
ac_cv_env_LDFLAGS_value=
ac_cv_env_LIBS_set=
ac_cv_env_LIBS_value=
ac_cv_env_PARSER_CFLAGS_set=
ac_cv_env_PARSER_CFLAGS_value=
ac_cv_env_PARSER_LIBS_set=
ac_cv_env_PARSER_LIBS_value=
ac_cv_env_PKG_CONFIG_set=
ac_cv_env_PKG_CONFIG_value=
ac_cv_env_build_alias_set=
ac_cv_env_build_alias_value=
ac_cv_env_host_alias_set=
ac_cv_env_host_alias_value=
ac_cv_env_target_alias_set=
ac_cv_env_target_alias_value=
ac_cv_f77_compiler_gnu=no
ac_cv_header_dlfcn_h=yes
ac_cv_header_inttypes_h=yes
ac_cv_header_linux_if_h=yes
ac_cv_header_memory_h=yes
ac_cv_header_net_if_dl_h=no
ac_cv_header_net_if_h=yes
ac_cv_header_net_if_types_h=no
ac_cv_header_stdc=yes
ac_cv_header_stdint_h=yes
ac_cv_header_stdio_h=yes
ac_cv_header_stdlib_h=yes
ac_cv_header_string_h=yes
ac_cv_header_strings_h=yes
ac_cv_header_sys_appleapiopts_h=no
ac_cv_header_sys_socket_h=yes
ac_cv_header_sys_stat_h=yes
ac_cv_header_sys_types_h=yes
ac_cv_header_unistd_h=yes
ac_cv_host=x86_64-unknown-linux-gnu
ac_cv_lib_dl_dlopen=yes
ac_cv_lib_z_inflate=yes
ac_cv_objext=o
ac_cv_path_EGREP='/usr/bin/grep -E'
ac_cv_path_GREP=/usr/bin/grep
ac_cv_path_ac_pt_PKG_CONFIG=/usr/bin/pkg-config
ac_cv_path_install='/usr/bin/install -c'
ac_cv_path_mkdir=/usr/bin/mkdir
ac_cv_prog_AWK=gawk
ac_cv_prog_CPP='gcc -E'
ac_cv_prog_CXXCPP='g++ -E'
ac_cv_prog_ac_ct_AR=ar
ac_cv_prog_ac_ct_CC=gcc
ac_cv_prog_ac_ct_CXX=g++
ac_cv_prog_ac_ct_RANLIB=ranlib
ac_cv_prog_ac_ct_STRIP=strip
ac_cv_prog_cc_c89=
ac_cv_prog_cc_g=yes
ac_cv_prog_cxx_g=yes
ac_cv_prog_f77_g=no
ac_cv_prog_make_make_set=yes
ac_cv_target=x86_64-unknown-linux-gnu
am_cv_CC_dependencies_compiler_type=none
am_cv_CXX_dependencies_compiler_type=none
am_cv_prog_tar_ustar=gnutar
lt_cv_deplibs_check_method=pass_all
lt_cv_file_magic_cmd='$MAGIC_CMD'
lt_cv_file_magic_test_file=
lt_cv_ld_reload_flag=-r
lt_cv_objdir=.libs
lt_cv_path_LD=/usr/bin/ld
lt_cv_path_LDCXX='/usr/bin/ld -m elf_x86_64'
lt_cv_path_NM='/usr/bin/nm -B'
lt_cv_path_SED=/usr/bin/sed
lt_cv_prog_compiler_c_o=yes
lt_cv_prog_compiler_c_o_CXX=yes
lt_cv_prog_compiler_pic_works=yes
lt_cv_prog_compiler_pic_works_CXX=yes
lt_cv_prog_compiler_rtti_exceptions=no
lt_cv_prog_compiler_static_works=no
lt_cv_prog_compiler_static_works_CXX=no
lt_cv_prog_gnu_ld=yes
lt_cv_prog_gnu_ldcxx=yes
lt_cv_sys_global_symbol_pipe='sed -n -e '\''s/^.*[ 	]\([ABCDGIRSTW][ABCDGIRSTW]*\)[ 	][ 	]*\([_A-Za-z][_A-Za-z0-9]*\)$/\1 \2 \2/p'\'''
lt_cv_sys_global_symbol_to_c_name_address='sed -n -e '\''s/^: \([^ ]*\) $/  {\"\1\", (lt_ptr) 0},/p'\'' -e '\''s/^[BCDEGRST] \([^ ]*\) \([^ ]*\)$/  {"\2", (lt_ptr) \&\2},/p'\'''
lt_cv_sys_global_symbol_to_cdecl='sed -n -e '\''s/^. .* \(.*\)$/extern int \1;/p'\'''
lt_cv_sys_lib_dlsearch_path_spec='/usr/lib64 /lib64 /usr/lib64/atlas /usr/lib64/iscsi /usr/lib64/llvm /usr/lib64/mysql /usr/lib64/qt-3.3/lib '
lt_cv_sys_lib_search_path_spec='/usr/lib64 /lib64 /usr/local/lib64'
lt_cv_sys_max_cmd_len=1572864
lt_lt_cv_prog_compiler_c_o='"yes"'
lt_lt_cv_prog_compiler_c_o_CXX='"yes"'
lt_lt_cv_sys_global_symbol_pipe='"sed -n -e '\''s/^.*[ 	]\\([ABCDGIRSTW][ABCDGIRSTW]*\\)[ 	][ 	]*\\([_A-Za-z][_A-Za-z0-9]*\\)\$/\\1 \\2 \\2/p'\''"'
lt_lt_cv_sys_global_symbol_to_c_name_address='"sed -n -e '\''s/^: \\([^ ]*\\) \$/  {\\\"\\1\\\", (lt_ptr) 0},/p'\'' -e '\''s/^[BCDEGRST] \\([^ ]*\\) \\([^ ]*\\)\$/  {\"\\2\", (lt_ptr) \\&\\2},/p'\''"'
lt_lt_cv_sys_global_symbol_to_cdecl='"sed -n -e '\''s/^. .* \\(.*\\)\$/extern int \\1;/p'\''"'

## ----------------- ##
## Output variables. ##
## ----------------- ##

ACLOCAL='${SHELL} /home/josh/Downloads/wso2-wsf-php-src-2.1.0/missing --run aclocal-1.10'
AMDEPBACKSLASH='\'
AMDEP_FALSE='#'
AMDEP_TRUE=''
AMTAR='${SHELL} /home/josh/Downloads/wso2-wsf-php-src-2.1.0/missing --run tar'
APACHE2BUILD=''
APACHE2INC=''
APRINC=''
AR='ar'
AUTOCONF='${SHELL} /home/josh/Downloads/wso2-wsf-php-src-2.1.0/missing --run autoconf'
AUTOHEADER='${SHELL} /home/josh/Downloads/wso2-wsf-php-src-2.1.0/missing --run autoheader'
AUTOMAKE='${SHELL} /home/josh/Downloads/wso2-wsf-php-src-2.1.0/missing --run automake-1.10'
AWK='gawk'
AXIS2_SSL_ENABLED_FALSE='#'
AXIS2_SSL_ENABLED_TRUE=''
CC='gcc'
CCDEPMODE='depmode=none'
CFLAGS='-g -O2 -D_LARGEFILE64_SOURCE -ansi -Wall -Wno-implicit-function-declaration  -DAXIS2_SVR_MULTI_THREADED -DAXIS2_SSL_ENABLED'
CPP='gcc -E'
CPPFLAGS=''
CXX='g++'
CXXCPP='g++ -E'
CXXDEPMODE='depmode=none'
CXXFLAGS='-g -O2'
CYGPATH_W='echo'
DEFS='-DHAVE_CONFIG_H'
DEPDIR='.deps'
DICLIENT_DIR='diclient'
DSYMUTIL=''
ECHO='echo'
ECHO_C=''
ECHO_N='-n'
ECHO_T=''
EGREP='/usr/bin/grep -E'
EXEEXT=''
EXTENSION_DIR=''
F77=''
FFLAGS=''
GREP='/usr/bin/grep'
GUTHTHILA_DIR=''
GUTHTHILA_LIBS=''
INSTALL_DATA='${INSTALL} -m 644'
INSTALL_PROGRAM='${INSTALL}'
INSTALL_SCRIPT='${INSTALL}'
INSTALL_STRIP_PROGRAM='$(install_sh) -c -s'
LDFLAGS=' -lpthread'
LIBOBJS=''
LIBS='-lz -ldl '
LIBTOOL='$(SHELL) $(top_builddir)/libtool'
LN_S='ln -s'
LTLIBOBJS=''
MAKEINFO='${SHELL} /home/josh/Downloads/wso2-wsf-php-src-2.1.0/missing --run makeinfo'
MKDIR_P='/usr/bin/mkdir -p'
NMEDIT=''
OBJEXT='o'
PACKAGE='wso2-wsf-php-src'
PACKAGE_BUGREPORT=''
PACKAGE_NAME='wso2-wsf-php-src'
PACKAGE_STRING='wso2-wsf-php-src 2.1.0'
PACKAGE_TARNAME='wso2-wsf-php-src'
PACKAGE_VERSION='2.1.0'
PARSER_CFLAGS=''
PARSER_DIR=''
PARSER_LIBS=''
PATH_SEPARATOR=':'
PKG_CONFIG='/usr/bin/pkg-config'
RAMPART_DIR=''
RANLIB='ranlib'
SAMPLES=''
SED='/usr/bin/sed'
SET_MAKE=''
SHELL='/bin/sh'
STRIP='strip'
TESTDIR=''
VERSION='2.1.0'
WRAPPER_DIR='libxml2'
ac_ct_CC='gcc'
ac_ct_CXX='g++'
ac_ct_F77=''
am__fastdepCC_FALSE=''
am__fastdepCC_TRUE='#'
am__fastdepCXX_FALSE=''
am__fastdepCXX_TRUE='#'
am__include='include'
am__isrc=''
am__leading_dot='.'
am__quote=''
am__tar='tar --format=ustar -chf - "$$tardir"'
am__untar='tar -xf -'
bindir='${exec_prefix}/bin'
build='x86_64-unknown-linux-gnu'
build_alias=''
build_cpu='x86_64'
build_os='linux-gnu'
build_vendor='unknown'
datadir='${datarootdir}'
datarootdir='${prefix}/share'
docdir='${datarootdir}/doc/${PACKAGE_TARNAME}'
dvidir='${docdir}'
exec_prefix='${prefix}'
host='x86_64-unknown-linux-gnu'
host_alias=''
host_cpu='x86_64'
host_os='linux-gnu'
host_vendor='unknown'
htmldir='${docdir}'
includedir='${prefix}/include'
infodir='${datarootdir}/info'
install_sh='$(SHELL) /home/josh/Downloads/wso2-wsf-php-src-2.1.0/install-sh'
libdir='${exec_prefix}/lib'
libexecdir='${exec_prefix}/libexec'
localedir='${datarootdir}/locale'
localstatedir='${prefix}/var'
mandir='${datarootdir}/man'
mkdir_p='/usr/bin/mkdir -p'
oldincludedir='/usr/include'
pdfdir='${docdir}'
prefix='/usr/lib64/php/modules/wsf_c'
program_transform_name='s,x,x,'
psdir='${docdir}'
sbindir='${exec_prefix}/sbin'
sharedstatedir='${prefix}/com'
subdirs=' src wsf_c src'
sysconfdir='${prefix}/etc'
target='x86_64-unknown-linux-gnu'
target_alias=''
target_cpu='x86_64'
target_os='linux-gnu'
target_vendor='unknown'

## ----------- ##
## confdefs.h. ##
## ----------- ##

#define PACKAGE_NAME "wso2-wsf-php-src"
#define PACKAGE_TARNAME "wso2-wsf-php-src"
#define PACKAGE_VERSION "2.1.0"
#define PACKAGE_STRING "wso2-wsf-php-src 2.1.0"
#define PACKAGE_BUGREPORT ""
#define PACKAGE "wso2-wsf-php-src"
#define VERSION "2.1.0"
#define STDC_HEADERS 1
#define HAVE_SYS_TYPES_H 1
#define HAVE_SYS_STAT_H 1
#define HAVE_STDLIB_H 1
#define HAVE_STRING_H 1
#define HAVE_MEMORY_H 1
#define HAVE_STRINGS_H 1
#define HAVE_INTTYPES_H 1
#define HAVE_STDINT_H 1
#define HAVE_UNISTD_H 1
#define HAVE_DLFCN_H 1
#define HAVE_LIBDL 1
#define HAVE_LIBZ 1
#define STDC_HEADERS 1
#define HAVE_STDIO_H 1
#define HAVE_STDLIB_H 1
#define HAVE_STRING_H 1
#define HAVE_SYS_SOCKET_H 1
#define HAVE_NET_IF_H 1
#define HAVE_LINUX_IF_H 1

configure: exit 0
