This file contains any messages produced by compilers while
running configure, to aid debugging if configure makes a mistake.

It was created by wsclient-src configure 0.93, which was
generated by GNU Autoconf 2.63.  Invocation command line was

  $ ./configure --disable-option-checking --prefix=/usr/lib64/php/modules/wsf_c --cache-file=/dev/null --srcdir=.

## --------- ##
## Platform. ##
## --------- ##

hostname = localhost.localdomain
uname -m = x86_64
uname -r = 3.19.3-200.fc21.x86_64
uname -s = Linux
uname -v = #1 SMP Thu Mar 26 21:39:42 UTC 2015

/usr/bin/uname -p = x86_64
/bin/uname -X     = unknown

/bin/arch              = x86_64
/usr/bin/arch -k       = unknown
/usr/convex/getsysinfo = unknown
/usr/bin/hostinfo      = unknown
/bin/machine           = unknown
/usr/bin/oslevel       = unknown
/bin/universe          = unknown

PATH: /usr/lib64/qt-3.3/bin
PATH: /usr/local/bin
PATH: /usr/local/sbin
PATH: /usr/bin
PATH: /usr/sbin
PATH: /bin
PATH: /sbin
PATH: /usr/local/jdk1.7.0_79/bin
PATH: /usr/local/maven/bin
PATH: /home/josh/projects/go/bin
PATH: /opt/PostgreSQL/9.4/bin
PATH: /usr/local/mybatis-migrations-3.2.0/bin
PATH: /home/josh/.local/bin
PATH: /home/josh/bin


## ----------- ##
## Core tests. ##
## ----------- ##

configure:2097: checking build system type
configure:2115: result: x86_64-unknown-linux-gnu
configure:2137: checking host system type
configure:2152: result: x86_64-unknown-linux-gnu
configure:2174: checking target system type
configure:2189: result: x86_64-unknown-linux-gnu
configure:2235: checking for a BSD-compatible install
configure:2303: result: /usr/bin/install -c
configure:2314: checking whether build environment is sane
configure:2357: result: yes
configure:2382: checking for a thread-safe mkdir -p
configure:2421: result: /usr/bin/mkdir -p
configure:2434: checking for gawk
configure:2450: found /usr/bin/gawk
configure:2461: result: gawk
configure:2472: checking whether make sets $(MAKE)
configure:2494: result: yes
configure:2673: checking how to create a ustar tar archive
configure:2686: tar --version
tar (GNU tar) 1.27.1
Copyright (C) 2013 Free Software Foundation, Inc.
License GPLv3+: GNU GPL version 3 or later <http://gnu.org/licenses/gpl.html>.
This is free software: you are free to change and redistribute it.
There is NO WARRANTY, to the extent permitted by law.

Written by John Gilmore and Jay Fenlason.
configure:2689: $? = 0
configure:2729: tardir=conftest.dir && eval tar --format=ustar -chf - "$tardir" >conftest.tar
configure:2732: $? = 0
configure:2736: tar -xf - <conftest.tar
configure:2739: $? = 0
configure:2752: result: gnutar
configure:2809: checking for gcc
configure:2825: found /usr/bin/gcc
configure:2836: result: gcc
configure:3068: checking for C compiler version
configure:3076: gcc --version >&5
gcc (GCC) 4.9.2 20150212 (Red Hat 4.9.2-6)
Copyright (C) 2014 Free Software Foundation, Inc.
This is free software; see the source for copying conditions.  There is NO
warranty; not even for MERCHANTABILITY or FITNESS FOR A PARTICULAR PURPOSE.

configure:3080: $? = 0
configure:3087: gcc -v >&5
Using built-in specs.
COLLECT_GCC=gcc
COLLECT_LTO_WRAPPER=/usr/libexec/gcc/x86_64-redhat-linux/4.9.2/lto-wrapper
Target: x86_64-redhat-linux
Configured with: ../configure --prefix=/usr --mandir=/usr/share/man --infodir=/usr/share/info --with-bugurl=http://bugzilla.redhat.com/bugzilla --enable-bootstrap --enable-shared --enable-threads=posix --enable-checking=release --enable-multilib --with-system-zlib --enable-__cxa_atexit --disable-libunwind-exceptions --enable-gnu-unique-object --enable-linker-build-id --with-linker-hash-style=gnu --enable-languages=c,c++,objc,obj-c++,fortran,ada,go,lto --enable-plugin --enable-initfini-array --disable-libgcj --with-isl=/builddir/build/BUILD/gcc-4.9.2-20150212/obj-x86_64-redhat-linux/isl-install --with-cloog=/builddir/build/BUILD/gcc-4.9.2-20150212/obj-x86_64-redhat-linux/cloog-install --enable-gnu-indirect-function --with-tune=generic --with-arch_32=i686 --build=x86_64-redhat-linux
Thread model: posix
gcc version 4.9.2 20150212 (Red Hat 4.9.2-6) (GCC) 
configure:3091: $? = 0
configure:3098: gcc -V >&5
gcc: error: unrecognized command line option '-V'
gcc: fatal error: no input files
compilation terminated.
configure:3102: $? = 4
configure:3125: checking for C compiler default output file name
configure:3147: gcc    conftest.c  >&5
configure:3151: $? = 0
configure:3189: result: a.out
configure:3208: checking whether the C compiler works
configure:3218: ./a.out
configure:3222: $? = 0
configure:3241: result: yes
configure:3248: checking whether we are cross compiling
configure:3250: result: no
configure:3253: checking for suffix of executables
configure:3260: gcc -o conftest    conftest.c  >&5
configure:3264: $? = 0
configure:3290: result: 
configure:3296: checking for suffix of object files
configure:3322: gcc -c   conftest.c >&5
configure:3326: $? = 0
configure:3351: result: o
configure:3355: checking whether we are using the GNU C compiler
configure:3384: gcc -c   conftest.c >&5
configure:3391: $? = 0
configure:3408: result: yes
configure:3417: checking whether gcc accepts -g
configure:3447: gcc -c -g  conftest.c >&5
configure:3454: $? = 0
configure:3555: result: yes
configure:3572: checking for gcc option to accept ISO C89
configure:3646: gcc  -c -g -O2  conftest.c >&5
configure:3653: $? = 0
configure:3676: result: none needed
configure:3705: checking for style of include used by make
configure:3733: result: GNU
configure:3758: checking dependency style of gcc
configure:3849: result: gcc3
configure:3922: checking for g++
configure:3938: found /usr/bin/g++
configure:3949: result: g++
configure:3976: checking for C++ compiler version
configure:3984: g++ --version >&5
g++ (GCC) 4.9.2 20150212 (Red Hat 4.9.2-6)
Copyright (C) 2014 Free Software Foundation, Inc.
This is free software; see the source for copying conditions.  There is NO
warranty; not even for MERCHANTABILITY or FITNESS FOR A PARTICULAR PURPOSE.

configure:3988: $? = 0
configure:3995: g++ -v >&5
Using built-in specs.
COLLECT_GCC=g++
COLLECT_LTO_WRAPPER=/usr/libexec/gcc/x86_64-redhat-linux/4.9.2/lto-wrapper
Target: x86_64-redhat-linux
Configured with: ../configure --prefix=/usr --mandir=/usr/share/man --infodir=/usr/share/info --with-bugurl=http://bugzilla.redhat.com/bugzilla --enable-bootstrap --enable-shared --enable-threads=posix --enable-checking=release --enable-multilib --with-system-zlib --enable-__cxa_atexit --disable-libunwind-exceptions --enable-gnu-unique-object --enable-linker-build-id --with-linker-hash-style=gnu --enable-languages=c,c++,objc,obj-c++,fortran,ada,go,lto --enable-plugin --enable-initfini-array --disable-libgcj --with-isl=/builddir/build/BUILD/gcc-4.9.2-20150212/obj-x86_64-redhat-linux/isl-install --with-cloog=/builddir/build/BUILD/gcc-4.9.2-20150212/obj-x86_64-redhat-linux/cloog-install --enable-gnu-indirect-function --with-tune=generic --with-arch_32=i686 --build=x86_64-redhat-linux
Thread model: posix
gcc version 4.9.2 20150212 (Red Hat 4.9.2-6) (GCC) 
configure:3999: $? = 0
configure:4006: g++ -V >&5
g++: error: unrecognized command line option '-V'
g++: fatal error: no input files
compilation terminated.
configure:4010: $? = 4
configure:4013: checking whether we are using the GNU C++ compiler
configure:4042: g++ -c   conftest.cpp >&5
configure:4049: $? = 0
configure:4066: result: yes
configure:4075: checking whether g++ accepts -g
configure:4105: g++ -c -g  conftest.cpp >&5
configure:4112: $? = 0
configure:4213: result: yes
configure:4238: checking dependency style of g++
configure:4329: result: gcc3
configure:4349: checking how to run the C preprocessor
configure:4389: gcc -E  conftest.c
configure:4396: $? = 0
configure:4427: gcc -E  conftest.c
conftest.c:10:28: fatal error: ac_nonexistent.h: No such file or directory
 #include <ac_nonexistent.h>
                            ^
compilation terminated.
configure:4434: $? = 1
configure: failed program was:
| /* confdefs.h.  */
| #define PACKAGE_NAME "wsclient-src"
| #define PACKAGE_TARNAME "wsclient-src"
| #define PACKAGE_VERSION "0.93"
| #define PACKAGE_STRING "wsclient-src 0.93"
| #define PACKAGE_BUGREPORT ""
| #define PACKAGE "wsclient-src"
| #define VERSION "0.93"
| /* end confdefs.h.  */
| #include <ac_nonexistent.h>
configure:4467: result: gcc -E
configure:4496: gcc -E  conftest.c
configure:4503: $? = 0
configure:4534: gcc -E  conftest.c
conftest.c:10:28: fatal error: ac_nonexistent.h: No such file or directory
 #include <ac_nonexistent.h>
                            ^
compilation terminated.
configure:4541: $? = 1
configure: failed program was:
| /* confdefs.h.  */
| #define PACKAGE_NAME "wsclient-src"
| #define PACKAGE_TARNAME "wsclient-src"
| #define PACKAGE_VERSION "0.93"
| #define PACKAGE_STRING "wsclient-src 0.93"
| #define PACKAGE_BUGREPORT ""
| #define PACKAGE "wsclient-src"
| #define VERSION "0.93"
| /* end confdefs.h.  */
| #include <ac_nonexistent.h>
configure:4652: checking for a sed that does not truncate output
configure:4708: result: /usr/bin/sed
configure:4711: checking for grep that handles long lines and -e
configure:4771: result: /usr/bin/grep
configure:4776: checking for egrep
configure:4840: result: /usr/bin/grep -E
configure:4856: checking for ld used by gcc
configure:4923: result: /usr/bin/ld
configure:4932: checking if the linker (/usr/bin/ld) is GNU ld
configure:4947: result: yes
configure:4952: checking for /usr/bin/ld option to reload object files
configure:4959: result: -r
configure:4977: checking for BSD-compatible nm
configure:5026: result: /usr/bin/nm -B
configure:5030: checking whether ln -s works
configure:5034: result: yes
configure:5041: checking how to recognize dependent libraries
configure:5227: result: pass_all
configure:5316: gcc -c -g -O2  conftest.c >&5
configure:5319: $? = 0
configure:5473: checking for ANSI C header files
configure:5503: gcc -c -g -O2  conftest.c >&5
configure:5510: $? = 0
configure:5609: gcc -o conftest -g -O2   conftest.c  >&5
configure:5613: $? = 0
configure:5619: ./conftest
configure:5623: $? = 0
configure:5641: result: yes
configure:5665: checking for sys/types.h
configure:5686: gcc -c -g -O2  conftest.c >&5
configure:5693: $? = 0
configure:5710: result: yes
configure:5665: checking for sys/stat.h
configure:5686: gcc -c -g -O2  conftest.c >&5
configure:5693: $? = 0
configure:5710: result: yes
configure:5665: checking for stdlib.h
configure:5686: gcc -c -g -O2  conftest.c >&5
configure:5693: $? = 0
configure:5710: result: yes
configure:5665: checking for string.h
configure:5686: gcc -c -g -O2  conftest.c >&5
configure:5693: $? = 0
configure:5710: result: yes
configure:5665: checking for memory.h
configure:5686: gcc -c -g -O2  conftest.c >&5
configure:5693: $? = 0
configure:5710: result: yes
configure:5665: checking for strings.h
configure:5686: gcc -c -g -O2  conftest.c >&5
configure:5693: $? = 0
configure:5710: result: yes
configure:5665: checking for inttypes.h
configure:5686: gcc -c -g -O2  conftest.c >&5
configure:5693: $? = 0
configure:5710: result: yes
configure:5665: checking for stdint.h
configure:5686: gcc -c -g -O2  conftest.c >&5
configure:5693: $? = 0
configure:5710: result: yes
configure:5665: checking for unistd.h
configure:5686: gcc -c -g -O2  conftest.c >&5
configure:5693: $? = 0
configure:5710: result: yes
configure:5740: checking dlfcn.h usability
configure:5757: gcc -c -g -O2  conftest.c >&5
configure:5764: $? = 0
configure:5778: result: yes
configure:5782: checking dlfcn.h presence
configure:5797: gcc -E  conftest.c
configure:5804: $? = 0
configure:5818: result: yes
configure:5846: checking for dlfcn.h
configure:5855: result: yes
configure:5880: checking how to run the C++ preprocessor
configure:5916: g++ -E  conftest.cpp
configure:5923: $? = 0
configure:5954: g++ -E  conftest.cpp
conftest.cpp:21:28: fatal error: ac_nonexistent.h: No such file or directory
 #include <ac_nonexistent.h>
                            ^
compilation terminated.
configure:5961: $? = 1
configure: failed program was:
| /* confdefs.h.  */
| #define PACKAGE_NAME "wsclient-src"
| #define PACKAGE_TARNAME "wsclient-src"
| #define PACKAGE_VERSION "0.93"
| #define PACKAGE_STRING "wsclient-src 0.93"
| #define PACKAGE_BUGREPORT ""
| #define PACKAGE "wsclient-src"
| #define VERSION "0.93"
| #define STDC_HEADERS 1
| #define HAVE_SYS_TYPES_H 1
| #define HAVE_SYS_STAT_H 1
| #define HAVE_STDLIB_H 1
| #define HAVE_STRING_H 1
| #define HAVE_MEMORY_H 1
| #define HAVE_STRINGS_H 1
| #define HAVE_INTTYPES_H 1
| #define HAVE_STDINT_H 1
| #define HAVE_UNISTD_H 1
| #define HAVE_DLFCN_H 1
| /* end confdefs.h.  */
| #include <ac_nonexistent.h>
configure:5994: result: g++ -E
configure:6023: g++ -E  conftest.cpp
configure:6030: $? = 0
configure:6061: g++ -E  conftest.cpp
conftest.cpp:21:28: fatal error: ac_nonexistent.h: No such file or directory
 #include <ac_nonexistent.h>
                            ^
compilation terminated.
configure:6068: $? = 1
configure: failed program was:
| /* confdefs.h.  */
| #define PACKAGE_NAME "wsclient-src"
| #define PACKAGE_TARNAME "wsclient-src"
| #define PACKAGE_VERSION "0.93"
| #define PACKAGE_STRING "wsclient-src 0.93"
| #define PACKAGE_BUGREPORT ""
| #define PACKAGE "wsclient-src"
| #define VERSION "0.93"
| #define STDC_HEADERS 1
| #define HAVE_SYS_TYPES_H 1
| #define HAVE_SYS_STAT_H 1
| #define HAVE_STDLIB_H 1
| #define HAVE_STRING_H 1
| #define HAVE_MEMORY_H 1
| #define HAVE_STRINGS_H 1
| #define HAVE_INTTYPES_H 1
| #define HAVE_STDINT_H 1
| #define HAVE_UNISTD_H 1
| #define HAVE_DLFCN_H 1
| /* end confdefs.h.  */
| #include <ac_nonexistent.h>
configure:6163: checking for g77
configure:6193: result: no
configure:6163: checking for xlf
configure:6193: result: no
configure:6163: checking for f77
configure:6193: result: no
configure:6163: checking for frt
configure:6193: result: no
configure:6163: checking for pgf77
configure:6193: result: no
configure:6163: checking for cf77
configure:6193: result: no
configure:6163: checking for fort77
configure:6193: result: no
configure:6163: checking for fl32
configure:6193: result: no
configure:6163: checking for af77
configure:6193: result: no
configure:6163: checking for xlf90
configure:6193: result: no
configure:6163: checking for f90
configure:6193: result: no
configure:6163: checking for pgf90
configure:6193: result: no
configure:6163: checking for pghpf
configure:6193: result: no
configure:6163: checking for epcf90
configure:6193: result: no
configure:6163: checking for gfortran
configure:6193: result: no
configure:6163: checking for g95
configure:6193: result: no
configure:6163: checking for xlf95
configure:6193: result: no
configure:6163: checking for f95
configure:6193: result: no
configure:6163: checking for fort
configure:6193: result: no
configure:6163: checking for ifort
configure:6193: result: no
configure:6163: checking for ifc
configure:6193: result: no
configure:6163: checking for efc
configure:6193: result: no
configure:6163: checking for pgf95
configure:6193: result: no
configure:6163: checking for lf95
configure:6193: result: no
configure:6163: checking for ftn
configure:6193: result: no
configure:6216: checking for Fortran 77 compiler version
configure:6224:  --version >&5
./configure: line 6226: --version: command not found
configure:6228: $? = 127
configure:6235:  -v >&5
./configure: line 6237: -v: command not found
configure:6239: $? = 127
configure:6246:  -V >&5
./configure: line 6248: -V: command not found
configure:6250: $? = 127
configure:6258: checking whether we are using the GNU Fortran 77 compiler
configure:6277:  -c  conftest.F >&5
./configure: line 6279: -c: command not found
configure:6284: $? = 127
configure: failed program was:
|       program main
| #ifndef __GNUC__
|        choke me
| #endif
| 
|       end
configure:6301: result: no
configure:6307: checking whether  accepts -g
configure:6324:  -c -g conftest.f >&5
./configure: line 6326: -c: command not found
configure:6331: $? = 127
configure: failed program was:
|       program main
| 
|       end
configure:6347: result: no
configure:6380: checking the maximum length of command line arguments
configure:6492: result: 1572864
configure:6504: checking command to parse /usr/bin/nm -B output from gcc object
configure:6609: gcc -c -g -O2  conftest.c >&5
configure:6612: $? = 0
configure:6616: /usr/bin/nm -B conftest.o \| sed -n -e 's/^.*[ 	]\([ABCDGIRSTW][ABCDGIRSTW]*\)[ 	][ 	]*\([_A-Za-z][_A-Za-z0-9]*\)$/\1 \2 \2/p' \> conftest.nm
configure:6619: $? = 0
configure:6671: gcc -o conftest -g -O2   conftest.c conftstm.o >&5
configure:6674: $? = 0
configure:6712: result: ok
configure:6716: checking for objdir
configure:6731: result: .libs
configure:6823: checking for ar
configure:6839: found /usr/bin/ar
configure:6850: result: ar
configure:6915: checking for ranlib
configure:6931: found /usr/bin/ranlib
configure:6942: result: ranlib
configure:7007: checking for strip
configure:7023: found /usr/bin/strip
configure:7034: result: strip
configure:7624: checking if gcc supports -fno-rtti -fno-exceptions
configure:7642: gcc -c -g -O2  -fno-rtti -fno-exceptions conftest.c >&5
cc1: warning: command line option '-fno-rtti' is valid for C++/ObjC++ but not for C
configure:7646: $? = 0
configure:7659: result: no
configure:7674: checking for gcc option to produce PIC
configure:7906: result: -fPIC
configure:7914: checking if gcc PIC flag -fPIC works
configure:7932: gcc -c -g -O2  -fPIC -DPIC conftest.c >&5
configure:7936: $? = 0
configure:7949: result: yes
configure:7977: checking if gcc static flag -static works
configure:8005: result: no
configure:8015: checking if gcc supports -c -o file.o
configure:8036: gcc -c -g -O2  -o out/conftest2.o conftest.c >&5
configure:8040: $? = 0
configure:8062: result: yes
configure:8088: checking whether the gcc linker (/usr/bin/ld -m elf_x86_64) supports shared libraries
configure:9076: result: yes
configure:9097: checking whether -lc should be explicitly linked in
configure:9102: gcc -c -g -O2  conftest.c >&5
configure:9105: $? = 0
configure:9120: gcc -shared conftest.o  -v -Wl,-soname -Wl,conftest -o conftest 2\>\&1 \| grep  -lc  \>/dev/null 2\>\&1
configure:9123: $? = 0
configure:9135: result: no
configure:9143: checking dynamic linker characteristics
configure:9747: result: GNU/Linux ld.so
configure:9771: checking how to hardcode library paths into programs
configure:9796: result: immediate
configure:9810: checking whether stripping libraries is possible
configure:9815: result: yes
configure:10645: checking if libtool supports shared libraries
configure:10647: result: yes
configure:10650: checking whether to build shared libraries
configure:10671: result: yes
configure:10674: checking whether to build static libraries
configure:10678: result: yes
configure:10772: creating libtool
configure:11365: checking for ld used by g++
configure:11432: result: /usr/bin/ld -m elf_x86_64
configure:11441: checking if the linker (/usr/bin/ld -m elf_x86_64) is GNU ld
configure:11456: result: yes
configure:11507: checking whether the g++ linker (/usr/bin/ld -m elf_x86_64) supports shared libraries
configure:12461: result: yes
configure:12478: g++ -c -g -O2  conftest.cpp >&5
configure:12481: $? = 0
configure:12637: checking for g++ option to produce PIC
configure:12921: result: -fPIC
configure:12929: checking if g++ PIC flag -fPIC works
configure:12947: g++ -c -g -O2  -fPIC -DPIC conftest.cpp >&5
configure:12951: $? = 0
configure:12964: result: yes
configure:12992: checking if g++ static flag -static works
configure:13020: result: no
configure:13030: checking if g++ supports -c -o file.o
configure:13051: g++ -c -g -O2  -o out/conftest2.o conftest.cpp >&5
configure:13055: $? = 0
configure:13077: result: yes
configure:13103: checking whether the g++ linker (/usr/bin/ld -m elf_x86_64) supports shared libraries
configure:13129: result: yes
configure:13196: checking dynamic linker characteristics
configure:13748: result: GNU/Linux ld.so
configure:13772: checking how to hardcode library paths into programs
configure:13797: result: immediate
configure:20052: checking for a BSD-compatible install
configure:20120: result: /usr/bin/install -c
configure:20131: checking whether ln -s works
configure:20135: result: yes
configure:20142: checking whether make sets $(MAKE)
configure:20164: result: yes
configure:20175: checking for dlopen in -ldl
configure:20210: gcc -o conftest -g -O2   conftest.c -ldl   >&5
configure:20217: $? = 0
configure:20238: result: yes
configure:20250: checking for inflate in -lz
configure:20285: gcc -o conftest -g -O2   conftest.c -lz  -ldl  >&5
configure:20292: $? = 0
configure:20313: result: yes
configure:20333: checking for ANSI C header files
configure:20501: result: yes
configure:20529: checking stdio.h usability
configure:20546: gcc -c -g -O2 -D_LARGEFILE64_SOURCE -ansi -Wall -Wno-implicit-function-declaration   conftest.c >&5
configure:20553: $? = 0
configure:20567: result: yes
configure:20571: checking stdio.h presence
configure:20586: gcc -E  conftest.c
configure:20593: $? = 0
configure:20607: result: yes
configure:20635: checking for stdio.h
configure:20644: result: yes
configure:20518: checking for stdlib.h
configure:20525: result: yes
configure:20518: checking for string.h
configure:20525: result: yes
configure:20663: checking for linux/if.h
configure:20686: gcc -c -g -O2 -D_LARGEFILE64_SOURCE -ansi -Wall -Wno-implicit-function-declaration   conftest.c >&5
configure:20693: $? = 0
configure:20710: result: yes
configure:20724: checking for an ANSI C-conforming const
configure:20799: gcc -c -g -O2 -D_LARGEFILE64_SOURCE -ansi -Wall -Wno-implicit-function-declaration   conftest.c >&5
conftest.c: In function 'main':
conftest.c:57:7: warning: 't' is used uninitialized in this function [-Wuninitialized]
     *t++ = 0;
       ^
conftest.c:79:13: warning: 'cs[0]' is used uninitialized in this function [-Wuninitialized]
   return !cs[0] && !zero.x;
             ^
configure:20806: $? = 0
configure:20821: result: yes
configure:20837: checking for stdlib.h
configure:20844: result: yes
configure:20978: checking for GNU libc compatible malloc
configure:21012: gcc -o conftest -g -O2 -D_LARGEFILE64_SOURCE -ansi -Wall -Wno-implicit-function-declaration   -lpthread conftest.c -lz -ldl  >&5
configure:21016: $? = 0
configure:21022: ./conftest
configure:21026: $? = 0
configure:21043: result: yes
configure:21076: checking for stdlib.h
configure:21083: result: yes
configure:21217: checking for GNU libc compatible realloc
configure:21251: gcc -o conftest -g -O2 -D_LARGEFILE64_SOURCE -ansi -Wall -Wno-implicit-function-declaration   -lpthread conftest.c -lz -ldl  >&5
configure:21255: $? = 0
configure:21261: ./conftest
configure:21265: $? = 0
configure:21282: result: yes
configure:21312: checking whether to build tests
configure:21330: result: no
configure:21337: checking whether to enable trace
configure:21354: result: no
configure:21361: checking whether to build rampart
configure:21381: result: yes
configure:21391: checking whether to use openssl
configure:21410: result: no
configure:21417: checking path to use Axis2C . This is a compulsory to build Sandesha2C
configure:21442: result: no
configure:21612: creating ./config.status

## ---------------------- ##
## Running config.status. ##
## ---------------------- ##

This file was extended by wsclient-src config.status 0.93, which was
generated by GNU Autoconf 2.63.  Invocation command line was

  CONFIG_FILES    = 
  CONFIG_HEADERS  = 
  CONFIG_LINKS    = 
  CONFIG_COMMANDS = 
  $ ./config.status 

on localhost.localdomain

config.status:826: creating Makefile
config.status:826: creating src/Makefile
config.status:826: creating samples/Makefile
config.status:826: creating samples/data/Makefile
config.status:826: creating config.h
config.status:1048: config.h is unchanged
config.status:1100: executing depfiles commands

## ---------------- ##
## Cache variables. ##
## ---------------- ##

ac_cv_build=x86_64-unknown-linux-gnu
ac_cv_c_compiler_gnu=yes
ac_cv_c_const=yes
ac_cv_cxx_compiler_gnu=yes
ac_cv_env_CCC_set=
ac_cv_env_CCC_value=
ac_cv_env_CC_set=
ac_cv_env_CC_value=
ac_cv_env_CFLAGS_set=
ac_cv_env_CFLAGS_value=
ac_cv_env_CPPFLAGS_set=
ac_cv_env_CPPFLAGS_value=
ac_cv_env_CPP_set=
ac_cv_env_CPP_value=
ac_cv_env_CXXCPP_set=
ac_cv_env_CXXCPP_value=
ac_cv_env_CXXFLAGS_set=
ac_cv_env_CXXFLAGS_value=
ac_cv_env_CXX_set=
ac_cv_env_CXX_value=
ac_cv_env_F77_set=
ac_cv_env_F77_value=
ac_cv_env_FFLAGS_set=
ac_cv_env_FFLAGS_value=
ac_cv_env_LDFLAGS_set=
ac_cv_env_LDFLAGS_value=
ac_cv_env_LIBS_set=
ac_cv_env_LIBS_value=
ac_cv_env_build_alias_set=
ac_cv_env_build_alias_value=
ac_cv_env_host_alias_set=
ac_cv_env_host_alias_value=
ac_cv_env_target_alias_set=
ac_cv_env_target_alias_value=
ac_cv_f77_compiler_gnu=no
ac_cv_func_malloc_0_nonnull=yes
ac_cv_func_realloc_0_nonnull=yes
ac_cv_header_dlfcn_h=yes
ac_cv_header_inttypes_h=yes
ac_cv_header_linux_if_h=yes
ac_cv_header_memory_h=yes
ac_cv_header_stdc=yes
ac_cv_header_stdint_h=yes
ac_cv_header_stdio_h=yes
ac_cv_header_stdlib_h=yes
ac_cv_header_string_h=yes
ac_cv_header_strings_h=yes
ac_cv_header_sys_stat_h=yes
ac_cv_header_sys_types_h=yes
ac_cv_header_unistd_h=yes
ac_cv_host=x86_64-unknown-linux-gnu
ac_cv_lib_dl_dlopen=yes
ac_cv_lib_z_inflate=yes
ac_cv_objext=o
ac_cv_path_EGREP='/usr/bin/grep -E'
ac_cv_path_GREP=/usr/bin/grep
ac_cv_path_install='/usr/bin/install -c'
ac_cv_path_mkdir=/usr/bin/mkdir
ac_cv_prog_AWK=gawk
ac_cv_prog_CPP='gcc -E'
ac_cv_prog_CXXCPP='g++ -E'
ac_cv_prog_ac_ct_AR=ar
ac_cv_prog_ac_ct_CC=gcc
ac_cv_prog_ac_ct_CXX=g++
ac_cv_prog_ac_ct_RANLIB=ranlib
ac_cv_prog_ac_ct_STRIP=strip
ac_cv_prog_cc_c89=
ac_cv_prog_cc_g=yes
ac_cv_prog_cxx_g=yes
ac_cv_prog_f77_g=no
ac_cv_prog_make_make_set=yes
ac_cv_target=x86_64-unknown-linux-gnu
am_cv_CC_dependencies_compiler_type=gcc3
am_cv_CXX_dependencies_compiler_type=gcc3
am_cv_prog_tar_ustar=gnutar
lt_cv_deplibs_check_method=pass_all
lt_cv_file_magic_cmd='$MAGIC_CMD'
lt_cv_file_magic_test_file=
lt_cv_ld_reload_flag=-r
lt_cv_objdir=.libs
lt_cv_path_LD=/usr/bin/ld
lt_cv_path_LDCXX='/usr/bin/ld -m elf_x86_64'
lt_cv_path_NM='/usr/bin/nm -B'
lt_cv_path_SED=/usr/bin/sed
lt_cv_prog_compiler_c_o=yes
lt_cv_prog_compiler_c_o_CXX=yes
lt_cv_prog_compiler_pic_works=yes
lt_cv_prog_compiler_pic_works_CXX=yes
lt_cv_prog_compiler_rtti_exceptions=no
lt_cv_prog_compiler_static_works=no
lt_cv_prog_compiler_static_works_CXX=no
lt_cv_prog_gnu_ld=yes
lt_cv_prog_gnu_ldcxx=yes
lt_cv_sys_global_symbol_pipe='sed -n -e '\''s/^.*[ 	]\([ABCDGIRSTW][ABCDGIRSTW]*\)[ 	][ 	]*\([_A-Za-z][_A-Za-z0-9]*\)$/\1 \2 \2/p'\'''
lt_cv_sys_global_symbol_to_c_name_address='sed -n -e '\''s/^: \([^ ]*\) $/  {\"\1\", (lt_ptr) 0},/p'\'' -e '\''s/^[BCDEGRST] \([^ ]*\) \([^ ]*\)$/  {"\2", (lt_ptr) \&\2},/p'\'''
lt_cv_sys_global_symbol_to_cdecl='sed -n -e '\''s/^. .* \(.*\)$/extern int \1;/p'\'''
lt_cv_sys_lib_dlsearch_path_spec='/usr/lib64 /lib64 /usr/lib64/atlas /usr/lib64/iscsi /usr/lib64/llvm /usr/lib64/mysql /usr/lib64/qt-3.3/lib '
lt_cv_sys_lib_search_path_spec='/usr/lib64 /lib64 /usr/local/lib64'
lt_cv_sys_max_cmd_len=1572864
lt_lt_cv_prog_compiler_c_o='"yes"'
lt_lt_cv_prog_compiler_c_o_CXX='"yes"'
lt_lt_cv_sys_global_symbol_pipe='"sed -n -e '\''s/^.*[ 	]\\([ABCDGIRSTW][ABCDGIRSTW]*\\)[ 	][ 	]*\\([_A-Za-z][_A-Za-z0-9]*\\)\$/\\1 \\2 \\2/p'\''"'
lt_lt_cv_sys_global_symbol_to_c_name_address='"sed -n -e '\''s/^: \\([^ ]*\\) \$/  {\\\"\\1\\\", (lt_ptr) 0},/p'\'' -e '\''s/^[BCDEGRST] \\([^ ]*\\) \\([^ ]*\\)\$/  {\"\\2\", (lt_ptr) \\&\\2},/p'\''"'
lt_lt_cv_sys_global_symbol_to_cdecl='"sed -n -e '\''s/^. .* \\(.*\\)\$/extern int \\1;/p'\''"'

## ----------------- ##
## Output variables. ##
## ----------------- ##

ACLOCAL='${SHELL} /home/josh/Downloads/wso2-wsf-php-src-2.1.0/wsf_c/wsclient/missing --run aclocal-1.10'
AMDEPBACKSLASH='\'
AMDEP_FALSE='#'
AMDEP_TRUE=''
AMTAR='${SHELL} /home/josh/Downloads/wso2-wsf-php-src-2.1.0/wsf_c/wsclient/missing --run tar'
AR='ar'
AUTOCONF='${SHELL} /home/josh/Downloads/wso2-wsf-php-src-2.1.0/wsf_c/wsclient/missing --run autoconf'
AUTOHEADER='${SHELL} /home/josh/Downloads/wso2-wsf-php-src-2.1.0/wsf_c/wsclient/missing --run autoheader'
AUTOMAKE='${SHELL} /home/josh/Downloads/wso2-wsf-php-src-2.1.0/wsf_c/wsclient/missing --run automake-1.10'
AWK='gawk'
AXIOMINC='/../axiom/include'
AXIS2INC=''
AXIS2_SSL_ENABLED_FALSE=''
AXIS2_SSL_ENABLED_TRUE='#'
CC='gcc'
CCDEPMODE='depmode=gcc3'
CFLAGS='-g -O2 -D_LARGEFILE64_SOURCE -ansi -Wall -Wno-implicit-function-declaration  -DWSF_RAMPART_ENABLED'
CPP='gcc -E'
CPPFLAGS=''
CXX='g++'
CXXCPP='g++ -E'
CXXDEPMODE='depmode=gcc3'
CXXFLAGS='-g -O2'
CYGPATH_W='echo'
DEFS='-DHAVE_CONFIG_H'
DEPDIR='.deps'
DSYMUTIL=''
ECHO='echo'
ECHO_C=''
ECHO_N='-n'
ECHO_T=''
EGREP='/usr/bin/grep -E'
EXEEXT=''
F77=''
FFLAGS=''
GREP='/usr/bin/grep'
INSTALL_DATA='${INSTALL} -m 644'
INSTALL_PROGRAM='${INSTALL}'
INSTALL_SCRIPT='${INSTALL}'
INSTALL_STRIP_PROGRAM='$(install_sh) -c -s'
LDFLAGS='-lpthread'
LIBOBJS=''
LIBS='-lz -ldl '
LIBTOOL='$(SHELL) $(top_builddir)/libtool'
LN_S='ln -s'
LTLIBOBJS=''
MAKEINFO='${SHELL} /home/josh/Downloads/wso2-wsf-php-src-2.1.0/wsf_c/wsclient/missing --run makeinfo'
MKDIR_P='/usr/bin/mkdir -p'
NEETHIINC='/../neethi/include'
NMEDIT=''
OBJEXT='o'
OMXMLSEC_LIBS='../../rampartc/src/omxmlsec/libomxmlsec.la'
PACKAGE='wsclient-src'
PACKAGE_BUGREPORT=''
PACKAGE_NAME='wsclient-src'
PACKAGE_STRING='wsclient-src 0.93'
PACKAGE_TARNAME='wsclient-src'
PACKAGE_VERSION='0.93'
PATH_SEPARATOR=':'
RAMPART_LIBS='../../rampartc/src/core/libmod_rampart.la'
RANLIB='ranlib'
SAMPLES=''
SECCONV_LIBS='../../rampartc/src/secconv/libsecconv.la'
SED='/usr/bin/sed'
SET_MAKE=''
SHELL='/bin/sh'
STRIP='strip'
TESTDIR=''
UTILINC='/../util/include'
VERSION='0.93'
ac_ct_CC='gcc'
ac_ct_CXX='g++'
ac_ct_F77=''
am__fastdepCC_FALSE='#'
am__fastdepCC_TRUE=''
am__fastdepCXX_FALSE='#'
am__fastdepCXX_TRUE=''
am__include='include'
am__isrc=''
am__leading_dot='.'
am__quote=''
am__tar='tar --format=ustar -chf - "$$tardir"'
am__untar='tar -xf -'
bindir='${exec_prefix}/bin'
build='x86_64-unknown-linux-gnu'
build_alias=''
build_cpu='x86_64'
build_os='linux-gnu'
build_vendor='unknown'
datadir='${datarootdir}'
datarootdir='${prefix}/share'
docdir='${datarootdir}/doc/${PACKAGE_TARNAME}'
dvidir='${docdir}'
exec_prefix='${prefix}'
host='x86_64-unknown-linux-gnu'
host_alias=''
host_cpu='x86_64'
host_os='linux-gnu'
host_vendor='unknown'
htmldir='${docdir}'
includedir='${prefix}/include'
infodir='${datarootdir}/info'
install_sh='$(SHELL) /home/josh/Downloads/wso2-wsf-php-src-2.1.0/wsf_c/wsclient/install-sh'
libdir='${exec_prefix}/lib'
libexecdir='${exec_prefix}/libexec'
localedir='${datarootdir}/locale'
localstatedir='${prefix}/var'
mandir='${datarootdir}/man'
mkdir_p='/usr/bin/mkdir -p'
oldincludedir='/usr/include'
pdfdir='${docdir}'
prefix='/usr/lib64/php/modules/wsf_c'
program_transform_name='s,x,x,'
psdir='${docdir}'
sbindir='${exec_prefix}/sbin'
sharedstatedir='${prefix}/com'
sysconfdir='${prefix}/etc'
target='x86_64-unknown-linux-gnu'
target_alias=''
target_cpu='x86_64'
target_os='linux-gnu'
target_vendor='unknown'

## ----------- ##
## confdefs.h. ##
## ----------- ##

#define PACKAGE_NAME "wsclient-src"
#define PACKAGE_TARNAME "wsclient-src"
#define PACKAGE_VERSION "0.93"
#define PACKAGE_STRING "wsclient-src 0.93"
#define PACKAGE_BUGREPORT ""
#define PACKAGE "wsclient-src"
#define VERSION "0.93"
#define STDC_HEADERS 1
#define HAVE_SYS_TYPES_H 1
#define HAVE_SYS_STAT_H 1
#define HAVE_STDLIB_H 1
#define HAVE_STRING_H 1
#define HAVE_MEMORY_H 1
#define HAVE_STRINGS_H 1
#define HAVE_INTTYPES_H 1
#define HAVE_STDINT_H 1
#define HAVE_UNISTD_H 1
#define HAVE_DLFCN_H 1
#define HAVE_LIBDL 1
#define HAVE_LIBZ 1
#define STDC_HEADERS 1
#define HAVE_STDIO_H 1
#define HAVE_STDLIB_H 1
#define HAVE_STRING_H 1
#define HAVE_LINUX_IF_H 1
#define HAVE_STDLIB_H 1
#define HAVE_MALLOC 1
#define HAVE_STDLIB_H 1
#define HAVE_REALLOC 1
#define WSFC_PREFIX "/usr/lib64/php/modules/wsf_c"

configure: exit 0
