This file contains any messages produced by compilers while
running configure, to aid debugging if configure makes a mistake.

It was created by neethi-src configure 0.1, which was
generated by GNU Autoconf 2.63.  Invocation command line was

  $ ./configure --disable-option-checking --prefix=/usr/lib64/php/modules/wsf_c --cache-file=/dev/null --srcdir=.

## --------- ##
## Platform. ##
## --------- ##

hostname = localhost.localdomain
uname -m = x86_64
uname -r = 3.19.3-200.fc21.x86_64
uname -s = Linux
uname -v = #1 SMP Thu Mar 26 21:39:42 UTC 2015

/usr/bin/uname -p = x86_64
/bin/uname -X     = unknown

/bin/arch              = x86_64
/usr/bin/arch -k       = unknown
/usr/convex/getsysinfo = unknown
/usr/bin/hostinfo      = unknown
/bin/machine           = unknown
/usr/bin/oslevel       = unknown
/bin/universe          = unknown

PATH: /usr/lib64/qt-3.3/bin
PATH: /usr/local/bin
PATH: /usr/local/sbin
PATH: /usr/bin
PATH: /usr/sbin
PATH: /bin
PATH: /sbin
PATH: /usr/local/jdk1.7.0_79/bin
PATH: /usr/local/maven/bin
PATH: /home/josh/projects/go/bin
PATH: /opt/PostgreSQL/9.4/bin
PATH: /usr/local/mybatis-migrations-3.2.0/bin
PATH: /home/josh/.local/bin
PATH: /home/josh/bin


## ----------- ##
## Core tests. ##
## ----------- ##

configure:2077: checking build system type
configure:2095: result: x86_64-unknown-linux-gnu
configure:2117: checking host system type
configure:2132: result: x86_64-unknown-linux-gnu
configure:2154: checking target system type
configure:2169: result: x86_64-unknown-linux-gnu
configure:2215: checking for a BSD-compatible install
configure:2283: result: /usr/bin/install -c
configure:2294: checking whether build environment is sane
configure:2337: result: yes
configure:2362: checking for a thread-safe mkdir -p
configure:2401: result: /usr/bin/mkdir -p
configure:2414: checking for gawk
configure:2430: found /usr/bin/gawk
configure:2441: result: gawk
configure:2452: checking whether make sets $(MAKE)
configure:2474: result: yes
configure:2709: checking for gcc
configure:2725: found /usr/bin/gcc
configure:2736: result: gcc
configure:2968: checking for C compiler version
configure:2976: gcc --version >&5
gcc (GCC) 4.9.2 20150212 (Red Hat 4.9.2-6)
Copyright (C) 2014 Free Software Foundation, Inc.
This is free software; see the source for copying conditions.  There is NO
warranty; not even for MERCHANTABILITY or FITNESS FOR A PARTICULAR PURPOSE.

configure:2980: $? = 0
configure:2987: gcc -v >&5
Using built-in specs.
COLLECT_GCC=gcc
COLLECT_LTO_WRAPPER=/usr/libexec/gcc/x86_64-redhat-linux/4.9.2/lto-wrapper
Target: x86_64-redhat-linux
Configured with: ../configure --prefix=/usr --mandir=/usr/share/man --infodir=/usr/share/info --with-bugurl=http://bugzilla.redhat.com/bugzilla --enable-bootstrap --enable-shared --enable-threads=posix --enable-checking=release --enable-multilib --with-system-zlib --enable-__cxa_atexit --disable-libunwind-exceptions --enable-gnu-unique-object --enable-linker-build-id --with-linker-hash-style=gnu --enable-languages=c,c++,objc,obj-c++,fortran,ada,go,lto --enable-plugin --enable-initfini-array --disable-libgcj --with-isl=/builddir/build/BUILD/gcc-4.9.2-20150212/obj-x86_64-redhat-linux/isl-install --with-cloog=/builddir/build/BUILD/gcc-4.9.2-20150212/obj-x86_64-redhat-linux/cloog-install --enable-gnu-indirect-function --with-tune=generic --with-arch_32=i686 --build=x86_64-redhat-linux
Thread model: posix
gcc version 4.9.2 20150212 (Red Hat 4.9.2-6) (GCC) 
configure:2991: $? = 0
configure:2998: gcc -V >&5
gcc: error: unrecognized command line option '-V'
gcc: fatal error: no input files
compilation terminated.
configure:3002: $? = 4
configure:3025: checking for C compiler default output file name
configure:3047: gcc    conftest.c  >&5
configure:3051: $? = 0
configure:3089: result: a.out
configure:3108: checking whether the C compiler works
configure:3118: ./a.out
configure:3122: $? = 0
configure:3141: result: yes
configure:3148: checking whether we are cross compiling
configure:3150: result: no
configure:3153: checking for suffix of executables
configure:3160: gcc -o conftest    conftest.c  >&5
configure:3164: $? = 0
configure:3190: result: 
configure:3196: checking for suffix of object files
configure:3222: gcc -c   conftest.c >&5
configure:3226: $? = 0
configure:3251: result: o
configure:3255: checking whether we are using the GNU C compiler
configure:3284: gcc -c   conftest.c >&5
configure:3291: $? = 0
configure:3308: result: yes
configure:3317: checking whether gcc accepts -g
configure:3347: gcc -c -g  conftest.c >&5
configure:3354: $? = 0
configure:3455: result: yes
configure:3472: checking for gcc option to accept ISO C89
configure:3546: gcc  -c -g -O2  conftest.c >&5
configure:3553: $? = 0
configure:3576: result: none needed
configure:3605: checking for style of include used by make
configure:3633: result: GNU
configure:3658: checking dependency style of gcc
configure:3749: result: gcc3
configure:3822: checking for g++
configure:3838: found /usr/bin/g++
configure:3849: result: g++
configure:3876: checking for C++ compiler version
configure:3884: g++ --version >&5
g++ (GCC) 4.9.2 20150212 (Red Hat 4.9.2-6)
Copyright (C) 2014 Free Software Foundation, Inc.
This is free software; see the source for copying conditions.  There is NO
warranty; not even for MERCHANTABILITY or FITNESS FOR A PARTICULAR PURPOSE.

configure:3888: $? = 0
configure:3895: g++ -v >&5
Using built-in specs.
COLLECT_GCC=g++
COLLECT_LTO_WRAPPER=/usr/libexec/gcc/x86_64-redhat-linux/4.9.2/lto-wrapper
Target: x86_64-redhat-linux
Configured with: ../configure --prefix=/usr --mandir=/usr/share/man --infodir=/usr/share/info --with-bugurl=http://bugzilla.redhat.com/bugzilla --enable-bootstrap --enable-shared --enable-threads=posix --enable-checking=release --enable-multilib --with-system-zlib --enable-__cxa_atexit --disable-libunwind-exceptions --enable-gnu-unique-object --enable-linker-build-id --with-linker-hash-style=gnu --enable-languages=c,c++,objc,obj-c++,fortran,ada,go,lto --enable-plugin --enable-initfini-array --disable-libgcj --with-isl=/builddir/build/BUILD/gcc-4.9.2-20150212/obj-x86_64-redhat-linux/isl-install --with-cloog=/builddir/build/BUILD/gcc-4.9.2-20150212/obj-x86_64-redhat-linux/cloog-install --enable-gnu-indirect-function --with-tune=generic --with-arch_32=i686 --build=x86_64-redhat-linux
Thread model: posix
gcc version 4.9.2 20150212 (Red Hat 4.9.2-6) (GCC) 
configure:3899: $? = 0
configure:3906: g++ -V >&5
g++: error: unrecognized command line option '-V'
g++: fatal error: no input files
compilation terminated.
configure:3910: $? = 4
configure:3913: checking whether we are using the GNU C++ compiler
configure:3942: g++ -c   conftest.cpp >&5
configure:3949: $? = 0
configure:3966: result: yes
configure:3975: checking whether g++ accepts -g
configure:4005: g++ -c -g  conftest.cpp >&5
configure:4012: $? = 0
configure:4113: result: yes
configure:4138: checking dependency style of g++
configure:4229: result: gcc3
configure:4249: checking how to run the C preprocessor
configure:4289: gcc -E  conftest.c
configure:4296: $? = 0
configure:4327: gcc -E  conftest.c
conftest.c:10:28: fatal error: ac_nonexistent.h: No such file or directory
 #include <ac_nonexistent.h>
                            ^
compilation terminated.
configure:4334: $? = 1
configure: failed program was:
| /* confdefs.h.  */
| #define PACKAGE_NAME "neethi-src"
| #define PACKAGE_TARNAME "neethi-src"
| #define PACKAGE_VERSION "0.1"
| #define PACKAGE_STRING "neethi-src 0.1"
| #define PACKAGE_BUGREPORT ""
| #define PACKAGE "neethi-src"
| #define VERSION "0.1"
| /* end confdefs.h.  */
| #include <ac_nonexistent.h>
configure:4367: result: gcc -E
configure:4396: gcc -E  conftest.c
configure:4403: $? = 0
configure:4434: gcc -E  conftest.c
conftest.c:10:28: fatal error: ac_nonexistent.h: No such file or directory
 #include <ac_nonexistent.h>
                            ^
compilation terminated.
configure:4441: $? = 1
configure: failed program was:
| /* confdefs.h.  */
| #define PACKAGE_NAME "neethi-src"
| #define PACKAGE_TARNAME "neethi-src"
| #define PACKAGE_VERSION "0.1"
| #define PACKAGE_STRING "neethi-src 0.1"
| #define PACKAGE_BUGREPORT ""
| #define PACKAGE "neethi-src"
| #define VERSION "0.1"
| /* end confdefs.h.  */
| #include <ac_nonexistent.h>
configure:4552: checking for a sed that does not truncate output
configure:4608: result: /usr/bin/sed
configure:4611: checking for grep that handles long lines and -e
configure:4671: result: /usr/bin/grep
configure:4676: checking for egrep
configure:4740: result: /usr/bin/grep -E
configure:4756: checking for ld used by gcc
configure:4823: result: /usr/bin/ld
configure:4832: checking if the linker (/usr/bin/ld) is GNU ld
configure:4847: result: yes
configure:4852: checking for /usr/bin/ld option to reload object files
configure:4859: result: -r
configure:4877: checking for BSD-compatible nm
configure:4926: result: /usr/bin/nm -B
configure:4930: checking whether ln -s works
configure:4934: result: yes
configure:4941: checking how to recognize dependent libraries
configure:5127: result: pass_all
configure:5216: gcc -c -g -O2  conftest.c >&5
configure:5219: $? = 0
configure:5373: checking for ANSI C header files
configure:5403: gcc -c -g -O2  conftest.c >&5
configure:5410: $? = 0
configure:5509: gcc -o conftest -g -O2   conftest.c  >&5
configure:5513: $? = 0
configure:5519: ./conftest
configure:5523: $? = 0
configure:5541: result: yes
configure:5565: checking for sys/types.h
configure:5586: gcc -c -g -O2  conftest.c >&5
configure:5593: $? = 0
configure:5610: result: yes
configure:5565: checking for sys/stat.h
configure:5586: gcc -c -g -O2  conftest.c >&5
configure:5593: $? = 0
configure:5610: result: yes
configure:5565: checking for stdlib.h
configure:5586: gcc -c -g -O2  conftest.c >&5
configure:5593: $? = 0
configure:5610: result: yes
configure:5565: checking for string.h
configure:5586: gcc -c -g -O2  conftest.c >&5
configure:5593: $? = 0
configure:5610: result: yes
configure:5565: checking for memory.h
configure:5586: gcc -c -g -O2  conftest.c >&5
configure:5593: $? = 0
configure:5610: result: yes
configure:5565: checking for strings.h
configure:5586: gcc -c -g -O2  conftest.c >&5
configure:5593: $? = 0
configure:5610: result: yes
configure:5565: checking for inttypes.h
configure:5586: gcc -c -g -O2  conftest.c >&5
configure:5593: $? = 0
configure:5610: result: yes
configure:5565: checking for stdint.h
configure:5586: gcc -c -g -O2  conftest.c >&5
configure:5593: $? = 0
configure:5610: result: yes
configure:5565: checking for unistd.h
configure:5586: gcc -c -g -O2  conftest.c >&5
configure:5593: $? = 0
configure:5610: result: yes
configure:5640: checking dlfcn.h usability
configure:5657: gcc -c -g -O2  conftest.c >&5
configure:5664: $? = 0
configure:5678: result: yes
configure:5682: checking dlfcn.h presence
configure:5697: gcc -E  conftest.c
configure:5704: $? = 0
configure:5718: result: yes
configure:5746: checking for dlfcn.h
configure:5755: result: yes
configure:5780: checking how to run the C++ preprocessor
configure:5816: g++ -E  conftest.cpp
configure:5823: $? = 0
configure:5854: g++ -E  conftest.cpp
conftest.cpp:21:28: fatal error: ac_nonexistent.h: No such file or directory
 #include <ac_nonexistent.h>
                            ^
compilation terminated.
configure:5861: $? = 1
configure: failed program was:
| /* confdefs.h.  */
| #define PACKAGE_NAME "neethi-src"
| #define PACKAGE_TARNAME "neethi-src"
| #define PACKAGE_VERSION "0.1"
| #define PACKAGE_STRING "neethi-src 0.1"
| #define PACKAGE_BUGREPORT ""
| #define PACKAGE "neethi-src"
| #define VERSION "0.1"
| #define STDC_HEADERS 1
| #define HAVE_SYS_TYPES_H 1
| #define HAVE_SYS_STAT_H 1
| #define HAVE_STDLIB_H 1
| #define HAVE_STRING_H 1
| #define HAVE_MEMORY_H 1
| #define HAVE_STRINGS_H 1
| #define HAVE_INTTYPES_H 1
| #define HAVE_STDINT_H 1
| #define HAVE_UNISTD_H 1
| #define HAVE_DLFCN_H 1
| /* end confdefs.h.  */
| #include <ac_nonexistent.h>
configure:5894: result: g++ -E
configure:5923: g++ -E  conftest.cpp
configure:5930: $? = 0
configure:5961: g++ -E  conftest.cpp
conftest.cpp:21:28: fatal error: ac_nonexistent.h: No such file or directory
 #include <ac_nonexistent.h>
                            ^
compilation terminated.
configure:5968: $? = 1
configure: failed program was:
| /* confdefs.h.  */
| #define PACKAGE_NAME "neethi-src"
| #define PACKAGE_TARNAME "neethi-src"
| #define PACKAGE_VERSION "0.1"
| #define PACKAGE_STRING "neethi-src 0.1"
| #define PACKAGE_BUGREPORT ""
| #define PACKAGE "neethi-src"
| #define VERSION "0.1"
| #define STDC_HEADERS 1
| #define HAVE_SYS_TYPES_H 1
| #define HAVE_SYS_STAT_H 1
| #define HAVE_STDLIB_H 1
| #define HAVE_STRING_H 1
| #define HAVE_MEMORY_H 1
| #define HAVE_STRINGS_H 1
| #define HAVE_INTTYPES_H 1
| #define HAVE_STDINT_H 1
| #define HAVE_UNISTD_H 1
| #define HAVE_DLFCN_H 1
| /* end confdefs.h.  */
| #include <ac_nonexistent.h>
configure:6063: checking for g77
configure:6093: result: no
configure:6063: checking for xlf
configure:6093: result: no
configure:6063: checking for f77
configure:6093: result: no
configure:6063: checking for frt
configure:6093: result: no
configure:6063: checking for pgf77
configure:6093: result: no
configure:6063: checking for cf77
configure:6093: result: no
configure:6063: checking for fort77
configure:6093: result: no
configure:6063: checking for fl32
configure:6093: result: no
configure:6063: checking for af77
configure:6093: result: no
configure:6063: checking for xlf90
configure:6093: result: no
configure:6063: checking for f90
configure:6093: result: no
configure:6063: checking for pgf90
configure:6093: result: no
configure:6063: checking for pghpf
configure:6093: result: no
configure:6063: checking for epcf90
configure:6093: result: no
configure:6063: checking for gfortran
configure:6093: result: no
configure:6063: checking for g95
configure:6093: result: no
configure:6063: checking for xlf95
configure:6093: result: no
configure:6063: checking for f95
configure:6093: result: no
configure:6063: checking for fort
configure:6093: result: no
configure:6063: checking for ifort
configure:6093: result: no
configure:6063: checking for ifc
configure:6093: result: no
configure:6063: checking for efc
configure:6093: result: no
configure:6063: checking for pgf95
configure:6093: result: no
configure:6063: checking for lf95
configure:6093: result: no
configure:6063: checking for ftn
configure:6093: result: no
configure:6116: checking for Fortran 77 compiler version
configure:6124:  --version >&5
./configure: line 6126: --version: command not found
configure:6128: $? = 127
configure:6135:  -v >&5
./configure: line 6137: -v: command not found
configure:6139: $? = 127
configure:6146:  -V >&5
./configure: line 6148: -V: command not found
configure:6150: $? = 127
configure:6158: checking whether we are using the GNU Fortran 77 compiler
configure:6177:  -c  conftest.F >&5
./configure: line 6179: -c: command not found
configure:6184: $? = 127
configure: failed program was:
|       program main
| #ifndef __GNUC__
|        choke me
| #endif
| 
|       end
configure:6201: result: no
configure:6207: checking whether  accepts -g
configure:6224:  -c -g conftest.f >&5
./configure: line 6226: -c: command not found
configure:6231: $? = 127
configure: failed program was:
|       program main
| 
|       end
configure:6247: result: no
configure:6280: checking the maximum length of command line arguments
configure:6392: result: 1572864
configure:6404: checking command to parse /usr/bin/nm -B output from gcc object
configure:6509: gcc -c -g -O2  conftest.c >&5
configure:6512: $? = 0
configure:6516: /usr/bin/nm -B conftest.o \| sed -n -e 's/^.*[ 	]\([ABCDGIRSTW][ABCDGIRSTW]*\)[ 	][ 	]*\([_A-Za-z][_A-Za-z0-9]*\)$/\1 \2 \2/p' \> conftest.nm
configure:6519: $? = 0
configure:6571: gcc -o conftest -g -O2   conftest.c conftstm.o >&5
configure:6574: $? = 0
configure:6612: result: ok
configure:6616: checking for objdir
configure:6631: result: .libs
configure:6723: checking for ar
configure:6739: found /usr/bin/ar
configure:6750: result: ar
configure:6815: checking for ranlib
configure:6831: found /usr/bin/ranlib
configure:6842: result: ranlib
configure:6907: checking for strip
configure:6923: found /usr/bin/strip
configure:6934: result: strip
configure:7524: checking if gcc supports -fno-rtti -fno-exceptions
configure:7542: gcc -c -g -O2  -fno-rtti -fno-exceptions conftest.c >&5
cc1: warning: command line option '-fno-rtti' is valid for C++/ObjC++ but not for C
configure:7546: $? = 0
configure:7559: result: no
configure:7574: checking for gcc option to produce PIC
configure:7806: result: -fPIC
configure:7814: checking if gcc PIC flag -fPIC works
configure:7832: gcc -c -g -O2  -fPIC -DPIC conftest.c >&5
configure:7836: $? = 0
configure:7849: result: yes
configure:7877: checking if gcc static flag -static works
configure:7905: result: no
configure:7915: checking if gcc supports -c -o file.o
configure:7936: gcc -c -g -O2  -o out/conftest2.o conftest.c >&5
configure:7940: $? = 0
configure:7962: result: yes
configure:7988: checking whether the gcc linker (/usr/bin/ld -m elf_x86_64) supports shared libraries
configure:8976: result: yes
configure:8997: checking whether -lc should be explicitly linked in
configure:9002: gcc -c -g -O2  conftest.c >&5
configure:9005: $? = 0
configure:9020: gcc -shared conftest.o  -v -Wl,-soname -Wl,conftest -o conftest 2\>\&1 \| grep  -lc  \>/dev/null 2\>\&1
configure:9023: $? = 0
configure:9035: result: no
configure:9043: checking dynamic linker characteristics
configure:9647: result: GNU/Linux ld.so
configure:9671: checking how to hardcode library paths into programs
configure:9696: result: immediate
configure:9710: checking whether stripping libraries is possible
configure:9715: result: yes
configure:10545: checking if libtool supports shared libraries
configure:10547: result: yes
configure:10550: checking whether to build shared libraries
configure:10571: result: yes
configure:10574: checking whether to build static libraries
configure:10578: result: yes
configure:10672: creating libtool
configure:11265: checking for ld used by g++
configure:11332: result: /usr/bin/ld -m elf_x86_64
configure:11341: checking if the linker (/usr/bin/ld -m elf_x86_64) is GNU ld
configure:11356: result: yes
configure:11407: checking whether the g++ linker (/usr/bin/ld -m elf_x86_64) supports shared libraries
configure:12361: result: yes
configure:12378: g++ -c -g -O2  conftest.cpp >&5
configure:12381: $? = 0
configure:12537: checking for g++ option to produce PIC
configure:12821: result: -fPIC
configure:12829: checking if g++ PIC flag -fPIC works
configure:12847: g++ -c -g -O2  -fPIC -DPIC conftest.cpp >&5
configure:12851: $? = 0
configure:12864: result: yes
configure:12892: checking if g++ static flag -static works
configure:12920: result: no
configure:12930: checking if g++ supports -c -o file.o
configure:12951: g++ -c -g -O2  -o out/conftest2.o conftest.cpp >&5
configure:12955: $? = 0
configure:12977: result: yes
configure:13003: checking whether the g++ linker (/usr/bin/ld -m elf_x86_64) supports shared libraries
configure:13029: result: yes
configure:13096: checking dynamic linker characteristics
configure:13648: result: GNU/Linux ld.so
configure:13672: checking how to hardcode library paths into programs
configure:13697: result: immediate
configure:19952: checking for a BSD-compatible install
configure:20020: result: /usr/bin/install -c
configure:20031: checking whether ln -s works
configure:20035: result: yes
configure:20042: checking whether make sets $(MAKE)
configure:20064: result: yes
configure:20074: checking for ISO C99 varargs macros in C
configure:20101: gcc -c -g -O2  conftest.c >&5
configure:20108: $? = 0
configure:20122: result: yes
configure:20126: checking for dlopen in -ldl
configure:20161: gcc -o conftest -g -O2   conftest.c -ldl   >&5
configure:20168: $? = 0
configure:20189: result: yes
configure:20200: checking for socket in -lsocket
configure:20235: gcc -o conftest -g -O2   conftest.c -lsocket  -ldl  >&5
/usr/bin/ld: cannot find -lsocket
collect2: error: ld returned 1 exit status
configure:20242: $? = 1
configure: failed program was:
| /* confdefs.h.  */
| #define PACKAGE_NAME "neethi-src"
| #define PACKAGE_TARNAME "neethi-src"
| #define PACKAGE_VERSION "0.1"
| #define PACKAGE_STRING "neethi-src 0.1"
| #define PACKAGE_BUGREPORT ""
| #define PACKAGE "neethi-src"
| #define VERSION "0.1"
| #define STDC_HEADERS 1
| #define HAVE_SYS_TYPES_H 1
| #define HAVE_SYS_STAT_H 1
| #define HAVE_STDLIB_H 1
| #define HAVE_STRING_H 1
| #define HAVE_MEMORY_H 1
| #define HAVE_STRINGS_H 1
| #define HAVE_INTTYPES_H 1
| #define HAVE_STDINT_H 1
| #define HAVE_UNISTD_H 1
| #define HAVE_DLFCN_H 1
| #define HAVE_LIBDL 1
| /* end confdefs.h.  */
| 
| /* Override any GCC internal prototype to avoid an error.
|    Use char because int might match the return type of a GCC
|    builtin and then its argument prototype would still apply.  */
| #ifdef __cplusplus
| extern "C"
| #endif
| char socket ();
| int
| main ()
| {
| return socket ();
|   ;
|   return 0;
| }
configure:20263: result: no
configure:20278: checking for ANSI C header files
configure:20446: result: yes
configure:20474: checking stdio.h usability
configure:20491: gcc -c -g -O2 -D_LARGEFILE64_SOURCE -ansi -Wall  -Wno-implicit-function-declaration   conftest.c >&5
configure:20498: $? = 0
configure:20512: result: yes
configure:20516: checking stdio.h presence
configure:20531: gcc -E  conftest.c
configure:20538: $? = 0
configure:20552: result: yes
configure:20580: checking for stdio.h
configure:20589: result: yes
configure:20463: checking for stdlib.h
configure:20470: result: yes
configure:20463: checking for string.h
configure:20470: result: yes
configure:20620: checking sys/socket.h usability
configure:20637: gcc -c -g -O2 -D_LARGEFILE64_SOURCE -ansi -Wall  -Wno-implicit-function-declaration   conftest.c >&5
configure:20644: $? = 0
configure:20658: result: yes
configure:20662: checking sys/socket.h presence
configure:20677: gcc -E  conftest.c
configure:20684: $? = 0
configure:20698: result: yes
configure:20726: checking for sys/socket.h
configure:20735: result: yes
configure:20760: checking sys/appleapiopts.h usability
configure:20777: gcc -c -g -O2 -D_LARGEFILE64_SOURCE -ansi -Wall  -Wno-implicit-function-declaration   conftest.c >&5
conftest.c:60:30: fatal error: sys/appleapiopts.h: No such file or directory
 #include <sys/appleapiopts.h>
                              ^
compilation terminated.
configure:20784: $? = 1
configure: failed program was:
| /* confdefs.h.  */
| #define PACKAGE_NAME "neethi-src"
| #define PACKAGE_TARNAME "neethi-src"
| #define PACKAGE_VERSION "0.1"
| #define PACKAGE_STRING "neethi-src 0.1"
| #define PACKAGE_BUGREPORT ""
| #define PACKAGE "neethi-src"
| #define VERSION "0.1"
| #define STDC_HEADERS 1
| #define HAVE_SYS_TYPES_H 1
| #define HAVE_SYS_STAT_H 1
| #define HAVE_STDLIB_H 1
| #define HAVE_STRING_H 1
| #define HAVE_MEMORY_H 1
| #define HAVE_STRINGS_H 1
| #define HAVE_INTTYPES_H 1
| #define HAVE_STDINT_H 1
| #define HAVE_UNISTD_H 1
| #define HAVE_DLFCN_H 1
| #define HAVE_LIBDL 1
| #define STDC_HEADERS 1
| #define HAVE_STDIO_H 1
| #define HAVE_STDLIB_H 1
| #define HAVE_STRING_H 1
| #define HAVE_SYS_SOCKET_H 1
| /* end confdefs.h.  */
| #include <stdio.h>
| #ifdef HAVE_SYS_TYPES_H
| # include <sys/types.h>
| #endif
| #ifdef HAVE_SYS_STAT_H
| # include <sys/stat.h>
| #endif
| #ifdef STDC_HEADERS
| # include <stdlib.h>
| # include <stddef.h>
| #else
| # ifdef HAVE_STDLIB_H
| #  include <stdlib.h>
| # endif
| #endif
| #ifdef HAVE_STRING_H
| # if !defined STDC_HEADERS && defined HAVE_MEMORY_H
| #  include <memory.h>
| # endif
| # include <string.h>
| #endif
| #ifdef HAVE_STRINGS_H
| # include <strings.h>
| #endif
| #ifdef HAVE_INTTYPES_H
| # include <inttypes.h>
| #endif
| #ifdef HAVE_STDINT_H
| # include <stdint.h>
| #endif
| #ifdef HAVE_UNISTD_H
| # include <unistd.h>
| #endif
| #include <sys/appleapiopts.h>
configure:20798: result: no
configure:20802: checking sys/appleapiopts.h presence
configure:20817: gcc -E  conftest.c
conftest.c:27:30: fatal error: sys/appleapiopts.h: No such file or directory
 #include <sys/appleapiopts.h>
                              ^
compilation terminated.
configure:20824: $? = 1
configure: failed program was:
| /* confdefs.h.  */
| #define PACKAGE_NAME "neethi-src"
| #define PACKAGE_TARNAME "neethi-src"
| #define PACKAGE_VERSION "0.1"
| #define PACKAGE_STRING "neethi-src 0.1"
| #define PACKAGE_BUGREPORT ""
| #define PACKAGE "neethi-src"
| #define VERSION "0.1"
| #define STDC_HEADERS 1
| #define HAVE_SYS_TYPES_H 1
| #define HAVE_SYS_STAT_H 1
| #define HAVE_STDLIB_H 1
| #define HAVE_STRING_H 1
| #define HAVE_MEMORY_H 1
| #define HAVE_STRINGS_H 1
| #define HAVE_INTTYPES_H 1
| #define HAVE_STDINT_H 1
| #define HAVE_UNISTD_H 1
| #define HAVE_DLFCN_H 1
| #define HAVE_LIBDL 1
| #define STDC_HEADERS 1
| #define HAVE_STDIO_H 1
| #define HAVE_STDLIB_H 1
| #define HAVE_STRING_H 1
| #define HAVE_SYS_SOCKET_H 1
| /* end confdefs.h.  */
| #include <sys/appleapiopts.h>
configure:20838: result: no
configure:20866: checking for sys/appleapiopts.h
configure:20873: result: no
configure:21021: creating ./config.status

## ---------------------- ##
## Running config.status. ##
## ---------------------- ##

This file was extended by neethi-src config.status 0.1, which was
generated by GNU Autoconf 2.63.  Invocation command line was

  CONFIG_FILES    = 
  CONFIG_HEADERS  = 
  CONFIG_LINKS    = 
  CONFIG_COMMANDS = 
  $ ./config.status 

on localhost.localdomain

config.status:814: creating Makefile
config.status:814: creating src/Makefile
config.status:814: creating src/secpolicy/Makefile
config.status:814: creating src/secpolicy/model/Makefile
config.status:814: creating src/secpolicy/builder/Makefile
config.status:814: creating src/util/Makefile
config.status:814: creating src/rmpolicy/Makefile
config.status:814: creating test/Makefile
config.status:814: creating config.h
config.status:1036: config.h is unchanged
config.status:1088: executing depfiles commands

## ---------------- ##
## Cache variables. ##
## ---------------- ##

ac_cv_build=x86_64-unknown-linux-gnu
ac_cv_c_compiler_gnu=yes
ac_cv_cxx_compiler_gnu=yes
ac_cv_env_CCC_set=
ac_cv_env_CCC_value=
ac_cv_env_CC_set=
ac_cv_env_CC_value=
ac_cv_env_CFLAGS_set=
ac_cv_env_CFLAGS_value=
ac_cv_env_CPPFLAGS_set=
ac_cv_env_CPPFLAGS_value=
ac_cv_env_CPP_set=
ac_cv_env_CPP_value=
ac_cv_env_CXXCPP_set=
ac_cv_env_CXXCPP_value=
ac_cv_env_CXXFLAGS_set=
ac_cv_env_CXXFLAGS_value=
ac_cv_env_CXX_set=
ac_cv_env_CXX_value=
ac_cv_env_F77_set=
ac_cv_env_F77_value=
ac_cv_env_FFLAGS_set=
ac_cv_env_FFLAGS_value=
ac_cv_env_LDFLAGS_set=
ac_cv_env_LDFLAGS_value=
ac_cv_env_LIBS_set=
ac_cv_env_LIBS_value=
ac_cv_env_build_alias_set=
ac_cv_env_build_alias_value=
ac_cv_env_host_alias_set=
ac_cv_env_host_alias_value=
ac_cv_env_target_alias_set=
ac_cv_env_target_alias_value=
ac_cv_f77_compiler_gnu=no
ac_cv_header_dlfcn_h=yes
ac_cv_header_inttypes_h=yes
ac_cv_header_memory_h=yes
ac_cv_header_stdc=yes
ac_cv_header_stdint_h=yes
ac_cv_header_stdio_h=yes
ac_cv_header_stdlib_h=yes
ac_cv_header_string_h=yes
ac_cv_header_strings_h=yes
ac_cv_header_sys_appleapiopts_h=no
ac_cv_header_sys_socket_h=yes
ac_cv_header_sys_stat_h=yes
ac_cv_header_sys_types_h=yes
ac_cv_header_unistd_h=yes
ac_cv_host=x86_64-unknown-linux-gnu
ac_cv_lib_dl_dlopen=yes
ac_cv_lib_socket_socket=no
ac_cv_objext=o
ac_cv_path_EGREP='/usr/bin/grep -E'
ac_cv_path_GREP=/usr/bin/grep
ac_cv_path_install='/usr/bin/install -c'
ac_cv_path_mkdir=/usr/bin/mkdir
ac_cv_prog_AWK=gawk
ac_cv_prog_CPP='gcc -E'
ac_cv_prog_CXXCPP='g++ -E'
ac_cv_prog_ac_ct_AR=ar
ac_cv_prog_ac_ct_CC=gcc
ac_cv_prog_ac_ct_CXX=g++
ac_cv_prog_ac_ct_RANLIB=ranlib
ac_cv_prog_ac_ct_STRIP=strip
ac_cv_prog_cc_c89=
ac_cv_prog_cc_g=yes
ac_cv_prog_cxx_g=yes
ac_cv_prog_f77_g=no
ac_cv_prog_make_make_set=yes
ac_cv_target=x86_64-unknown-linux-gnu
am_cv_CC_dependencies_compiler_type=gcc3
am_cv_CXX_dependencies_compiler_type=gcc3
lt_cv_deplibs_check_method=pass_all
lt_cv_file_magic_cmd='$MAGIC_CMD'
lt_cv_file_magic_test_file=
lt_cv_ld_reload_flag=-r
lt_cv_objdir=.libs
lt_cv_path_LD=/usr/bin/ld
lt_cv_path_LDCXX='/usr/bin/ld -m elf_x86_64'
lt_cv_path_NM='/usr/bin/nm -B'
lt_cv_path_SED=/usr/bin/sed
lt_cv_prog_compiler_c_o=yes
lt_cv_prog_compiler_c_o_CXX=yes
lt_cv_prog_compiler_pic_works=yes
lt_cv_prog_compiler_pic_works_CXX=yes
lt_cv_prog_compiler_rtti_exceptions=no
lt_cv_prog_compiler_static_works=no
lt_cv_prog_compiler_static_works_CXX=no
lt_cv_prog_gnu_ld=yes
lt_cv_prog_gnu_ldcxx=yes
lt_cv_sys_global_symbol_pipe='sed -n -e '\''s/^.*[ 	]\([ABCDGIRSTW][ABCDGIRSTW]*\)[ 	][ 	]*\([_A-Za-z][_A-Za-z0-9]*\)$/\1 \2 \2/p'\'''
lt_cv_sys_global_symbol_to_c_name_address='sed -n -e '\''s/^: \([^ ]*\) $/  {\"\1\", (lt_ptr) 0},/p'\'' -e '\''s/^[BCDEGRST] \([^ ]*\) \([^ ]*\)$/  {"\2", (lt_ptr) \&\2},/p'\'''
lt_cv_sys_global_symbol_to_cdecl='sed -n -e '\''s/^. .* \(.*\)$/extern int \1;/p'\'''
lt_cv_sys_lib_dlsearch_path_spec='/usr/lib64 /lib64 /usr/lib64/atlas /usr/lib64/iscsi /usr/lib64/llvm /usr/lib64/mysql /usr/lib64/qt-3.3/lib '
lt_cv_sys_lib_search_path_spec='/usr/lib64 /lib64 /usr/local/lib64'
lt_cv_sys_max_cmd_len=1572864
lt_lt_cv_prog_compiler_c_o='"yes"'
lt_lt_cv_prog_compiler_c_o_CXX='"yes"'
lt_lt_cv_sys_global_symbol_pipe='"sed -n -e '\''s/^.*[ 	]\\([ABCDGIRSTW][ABCDGIRSTW]*\\)[ 	][ 	]*\\([_A-Za-z][_A-Za-z0-9]*\\)\$/\\1 \\2 \\2/p'\''"'
lt_lt_cv_sys_global_symbol_to_c_name_address='"sed -n -e '\''s/^: \\([^ ]*\\) \$/  {\\\"\\1\\\", (lt_ptr) 0},/p'\'' -e '\''s/^[BCDEGRST] \\([^ ]*\\) \\([^ ]*\\)\$/  {\"\\2\", (lt_ptr) \\&\\2},/p'\''"'
lt_lt_cv_sys_global_symbol_to_cdecl='"sed -n -e '\''s/^. .* \\(.*\\)\$/extern int \\1;/p'\''"'

## ----------------- ##
## Output variables. ##
## ----------------- ##

ACLOCAL='${SHELL} /home/josh/Downloads/wso2-wsf-php-src-2.1.0/wsf_c/axis2c/neethi/missing --run aclocal-1.10'
AMDEPBACKSLASH='\'
AMDEP_FALSE='#'
AMDEP_TRUE=''
AMTAR='${SHELL} /home/josh/Downloads/wso2-wsf-php-src-2.1.0/wsf_c/axis2c/neethi/missing --run tar'
AR='ar'
AUTOCONF='${SHELL} /home/josh/Downloads/wso2-wsf-php-src-2.1.0/wsf_c/axis2c/neethi/missing --run autoconf'
AUTOHEADER='${SHELL} /home/josh/Downloads/wso2-wsf-php-src-2.1.0/wsf_c/axis2c/neethi/missing --run autoheader'
AUTOMAKE='${SHELL} /home/josh/Downloads/wso2-wsf-php-src-2.1.0/wsf_c/axis2c/neethi/missing --run automake-1.10'
AWK='gawk'
CC='gcc'
CCDEPMODE='depmode=gcc3'
CFLAGS='-g -O2 -D_LARGEFILE64_SOURCE -ansi -Wall  -Wno-implicit-function-declaration '
CPP='gcc -E'
CPPFLAGS=''
CXX='g++'
CXXCPP='g++ -E'
CXXDEPMODE='depmode=gcc3'
CXXFLAGS='-g -O2'
CYGPATH_W='echo'
DEFS='-DHAVE_CONFIG_H'
DEPDIR='.deps'
DSYMUTIL=''
ECHO='echo'
ECHO_C=''
ECHO_N='-n'
ECHO_T=''
EGREP='/usr/bin/grep -E'
EXEEXT=''
F77=''
FFLAGS=''
GREP='/usr/bin/grep'
INSTALL_DATA='${INSTALL} -m 644'
INSTALL_PROGRAM='${INSTALL}'
INSTALL_SCRIPT='${INSTALL}'
INSTALL_STRIP_PROGRAM='$(install_sh) -c -s'
LDFLAGS=' -lpthread'
LIBOBJS=''
LIBS='-ldl '
LIBTOOL='$(SHELL) $(top_builddir)/libtool'
LN_S='ln -s'
LTLIBOBJS=''
MAKEINFO='${SHELL} /home/josh/Downloads/wso2-wsf-php-src-2.1.0/wsf_c/axis2c/neethi/missing --run makeinfo'
MKDIR_P='/usr/bin/mkdir -p'
NMEDIT=''
OBJEXT='o'
PACKAGE='neethi-src'
PACKAGE_BUGREPORT=''
PACKAGE_NAME='neethi-src'
PACKAGE_STRING='neethi-src 0.1'
PACKAGE_TARNAME='neethi-src'
PACKAGE_VERSION='0.1'
PATH_SEPARATOR=':'
RANLIB='ranlib'
SED='/usr/bin/sed'
SET_MAKE=''
SHELL='/bin/sh'
STRIP='strip'
VERSION='0.1'
VERSION_NO='1:0:1'
ac_ct_CC='gcc'
ac_ct_CXX='g++'
ac_ct_F77=''
am__fastdepCC_FALSE='#'
am__fastdepCC_TRUE=''
am__fastdepCXX_FALSE='#'
am__fastdepCXX_TRUE=''
am__include='include'
am__isrc=''
am__leading_dot='.'
am__quote=''
am__tar='${AMTAR} chof - "$$tardir"'
am__untar='${AMTAR} xf -'
bindir='${exec_prefix}/bin'
build='x86_64-unknown-linux-gnu'
build_alias=''
build_cpu='x86_64'
build_os='linux-gnu'
build_vendor='unknown'
datadir='${datarootdir}'
datarootdir='${prefix}/share'
docdir='${datarootdir}/doc/${PACKAGE_TARNAME}'
dvidir='${docdir}'
exec_prefix='${prefix}'
host='x86_64-unknown-linux-gnu'
host_alias=''
host_cpu='x86_64'
host_os='linux-gnu'
host_vendor='unknown'
htmldir='${docdir}'
includedir='${prefix}/include'
infodir='${datarootdir}/info'
install_sh='$(SHELL) /home/josh/Downloads/wso2-wsf-php-src-2.1.0/wsf_c/axis2c/neethi/install-sh'
libdir='${exec_prefix}/lib'
libexecdir='${exec_prefix}/libexec'
localedir='${datarootdir}/locale'
localstatedir='${prefix}/var'
mandir='${datarootdir}/man'
mkdir_p='/usr/bin/mkdir -p'
oldincludedir='/usr/include'
pdfdir='${docdir}'
prefix='/usr/lib64/php/modules/wsf_c'
program_transform_name='s,x,x,'
psdir='${docdir}'
sbindir='${exec_prefix}/sbin'
sharedstatedir='${prefix}/com'
sysconfdir='${prefix}/etc'
target='x86_64-unknown-linux-gnu'
target_alias=''
target_cpu='x86_64'
target_os='linux-gnu'
target_vendor='unknown'

## ----------- ##
## confdefs.h. ##
## ----------- ##

#define PACKAGE_NAME "neethi-src"
#define PACKAGE_TARNAME "neethi-src"
#define PACKAGE_VERSION "0.1"
#define PACKAGE_STRING "neethi-src 0.1"
#define PACKAGE_BUGREPORT ""
#define PACKAGE "neethi-src"
#define VERSION "0.1"
#define STDC_HEADERS 1
#define HAVE_SYS_TYPES_H 1
#define HAVE_SYS_STAT_H 1
#define HAVE_STDLIB_H 1
#define HAVE_STRING_H 1
#define HAVE_MEMORY_H 1
#define HAVE_STRINGS_H 1
#define HAVE_INTTYPES_H 1
#define HAVE_STDINT_H 1
#define HAVE_UNISTD_H 1
#define HAVE_DLFCN_H 1
#define HAVE_LIBDL 1
#define STDC_HEADERS 1
#define HAVE_STDIO_H 1
#define HAVE_STDLIB_H 1
#define HAVE_STRING_H 1
#define HAVE_SYS_SOCKET_H 1

configure: exit 0
