This file contains any messages produced by compilers while
running configure, to aid debugging if configure makes a mistake.

It was created by configure, which was
generated by GNU Autoconf 2.69.  Invocation command line was

  $ ./configure --disable-option-checking --prefix=/usr/lib64/php/modules/wsf_c --cache-file=/dev/null --srcdir=.

## --------- ##
## Platform. ##
## --------- ##

hostname = localhost.localdomain
uname -m = x86_64
uname -r = 3.19.3-200.fc21.x86_64
uname -s = Linux
uname -v = #1 SMP Thu Mar 26 21:39:42 UTC 2015

/usr/bin/uname -p = x86_64
/bin/uname -X     = unknown

/bin/arch              = x86_64
/usr/bin/arch -k       = unknown
/usr/convex/getsysinfo = unknown
/usr/bin/hostinfo      = unknown
/bin/machine           = unknown
/usr/bin/oslevel       = unknown
/bin/universe          = unknown

PATH: /usr/lib64/qt-3.3/bin
PATH: /usr/local/bin
PATH: /usr/local/sbin
PATH: /usr/bin
PATH: /usr/sbin
PATH: /bin
PATH: /sbin
PATH: /usr/local/jdk1.7.0_79/bin
PATH: /usr/local/maven/bin
PATH: /home/josh/projects/go/bin
PATH: /opt/PostgreSQL/9.4/bin
PATH: /usr/local/mybatis-migrations-3.2.0/bin
PATH: /home/josh/.local/bin
PATH: /home/josh/bin


## ----------- ##
## Core tests. ##
## ----------- ##

configure:2077: checking for grep that handles long lines and -e
configure:2135: result: /usr/bin/grep
configure:2140: checking for egrep
configure:2202: result: /usr/bin/grep -E
configure:2207: checking for a sed that does not truncate output
configure:2271: result: /usr/bin/sed
configure:2405: checking for cc
configure:2421: found /usr/bin/cc
configure:2432: result: cc
configure:2463: checking for C compiler version
configure:2472: cc --version >&5
cc (GCC) 4.9.2 20150212 (Red Hat 4.9.2-6)
Copyright (C) 2014 Free Software Foundation, Inc.
This is free software; see the source for copying conditions.  There is NO
warranty; not even for MERCHANTABILITY or FITNESS FOR A PARTICULAR PURPOSE.

configure:2483: $? = 0
configure:2472: cc -v >&5
Using built-in specs.
COLLECT_GCC=cc
COLLECT_LTO_WRAPPER=/usr/libexec/gcc/x86_64-redhat-linux/4.9.2/lto-wrapper
Target: x86_64-redhat-linux
Configured with: ../configure --prefix=/usr --mandir=/usr/share/man --infodir=/usr/share/info --with-bugurl=http://bugzilla.redhat.com/bugzilla --enable-bootstrap --enable-shared --enable-threads=posix --enable-checking=release --enable-multilib --with-system-zlib --enable-__cxa_atexit --disable-libunwind-exceptions --enable-gnu-unique-object --enable-linker-build-id --with-linker-hash-style=gnu --enable-languages=c,c++,objc,obj-c++,fortran,ada,go,lto --enable-plugin --enable-initfini-array --disable-libgcj --with-isl=/builddir/build/BUILD/gcc-4.9.2-20150212/obj-x86_64-redhat-linux/isl-install --with-cloog=/builddir/build/BUILD/gcc-4.9.2-20150212/obj-x86_64-redhat-linux/cloog-install --enable-gnu-indirect-function --with-tune=generic --with-arch_32=i686 --build=x86_64-redhat-linux
Thread model: posix
gcc version 4.9.2 20150212 (Red Hat 4.9.2-6) (GCC) 
configure:2483: $? = 0
configure:2472: cc -V >&5
cc: error: unrecognized command line option '-V'
cc: fatal error: no input files
compilation terminated.
configure:2483: $? = 4
configure:2472: cc -qversion >&5
cc: error: unrecognized command line option '-qversion'
cc: fatal error: no input files
compilation terminated.
configure:2483: $? = 4
configure:2503: checking whether the C compiler works
configure:2525: cc    conftest.c  >&5
configure:2529: $? = 0
configure:2577: result: yes
configure:2580: checking for C compiler default output file name
configure:2582: result: a.out
configure:2588: checking for suffix of executables
configure:2595: cc -o conftest    conftest.c  >&5
configure:2599: $? = 0
configure:2621: result: 
configure:2643: checking whether we are cross compiling
configure:2651: cc -o conftest    conftest.c  >&5
configure:2655: $? = 0
configure:2662: ./conftest
configure:2666: $? = 0
configure:2681: result: no
configure:2686: checking for suffix of object files
configure:2708: cc -c   conftest.c >&5
configure:2712: $? = 0
configure:2733: result: o
configure:2737: checking whether we are using the GNU C compiler
configure:2756: cc -c   conftest.c >&5
configure:2756: $? = 0
configure:2765: result: yes
configure:2774: checking whether cc accepts -g
configure:2794: cc -c -g  conftest.c >&5
configure:2794: $? = 0
configure:2835: result: yes
configure:2852: checking for cc option to accept ISO C89
configure:2915: cc  -c -g -O2  conftest.c >&5
configure:2915: $? = 0
configure:2928: result: none needed
configure:2954: checking how to run the C preprocessor
configure:2985: cc -E  conftest.c
configure:2985: $? = 0
configure:2999: cc -E  conftest.c
conftest.c:9:28: fatal error: ac_nonexistent.h: No such file or directory
 #include <ac_nonexistent.h>
                            ^
compilation terminated.
configure:2999: $? = 1
configure: failed program was:
| /* confdefs.h */
| #define PACKAGE_NAME ""
| #define PACKAGE_TARNAME ""
| #define PACKAGE_VERSION ""
| #define PACKAGE_STRING ""
| #define PACKAGE_BUGREPORT ""
| #define PACKAGE_URL ""
| /* end confdefs.h.  */
| #include <ac_nonexistent.h>
configure:3024: result: cc -E
configure:3044: cc -E  conftest.c
configure:3044: $? = 0
configure:3058: cc -E  conftest.c
conftest.c:9:28: fatal error: ac_nonexistent.h: No such file or directory
 #include <ac_nonexistent.h>
                            ^
compilation terminated.
configure:3058: $? = 1
configure: failed program was:
| /* confdefs.h */
| #define PACKAGE_NAME ""
| #define PACKAGE_TARNAME ""
| #define PACKAGE_VERSION ""
| #define PACKAGE_STRING ""
| #define PACKAGE_BUGREPORT ""
| #define PACKAGE_URL ""
| /* end confdefs.h.  */
| #include <ac_nonexistent.h>
configure:3089: checking for icc
configure:3098: result: no
configure:3112: checking for suncc
configure:3121: result: no
configure:3139: checking whether cc understands -c and -o together
configure:3167: cc -c conftest.c -o conftest2.o >&5
configure:3171: $? = 0
configure:3177: cc -c conftest.c -o conftest2.o >&5
configure:3181: $? = 0
configure:3236: result: yes
configure:3250: checking for system library directory
configure:3265: result: lib
configure:3272: checking if compiler supports -R
configure:3291: cc -o conftest -g -O2   conftest.c -R /usr/lib  >&5
cc: error: unrecognized command line option '-R'
configure:3291: $? = 1
configure: failed program was:
| /* confdefs.h */
| #define PACKAGE_NAME ""
| #define PACKAGE_TARNAME ""
| #define PACKAGE_VERSION ""
| #define PACKAGE_STRING ""
| #define PACKAGE_BUGREPORT ""
| #define PACKAGE_URL ""
| /* end confdefs.h.  */
| 
| int
| main ()
| {
| 
|   ;
|   return 0;
| }
configure:3301: result: no
configure:3306: checking if compiler supports -Wl,-rpath,
configure:3325: cc -o conftest -g -O2   conftest.c -Wl,-rpath,/usr/lib  >&5
configure:3325: $? = 0
configure:3335: result: yes
configure:3380: checking build system type
configure:3394: result: x86_64-unknown-linux-gnu
configure:3414: checking host system type
configure:3427: result: x86_64-unknown-linux-gnu
configure:3447: checking target system type
configure:3460: result: x86_64-unknown-linux-gnu
configure:3563: checking for PHP prefix
configure:3565: result: /usr
configure:3567: checking for PHP includes
configure:3569: result: -I/usr/include/php -I/usr/include/php/main -I/usr/include/php/TSRM -I/usr/include/php/Zend -I/usr/include/php/ext -I/usr/include/php/ext/date/lib
configure:3571: checking for PHP extension directory
configure:3573: result: /usr/lib64/php/modules
configure:3575: checking for PHP installed headers prefix
configure:3577: result: /usr/include/php
configure:3580: checking if debug is enabled
configure:3606: result: no
configure:3609: checking if zts is enabled
configure:3635: result: no
configure:3706: checking for re2c
configure:3736: result: no
configure:3761: WARNING: You will need re2c 0.13.4 or later if you want to regenerate PHP parsers.
configure:3775: checking for gawk
configure:3792: found /usr/bin/gawk
configure:3803: result: gawk
configure:3846: checking Whether to enable WSF/PHP Support
configure:3885: result: yes, shared
configure:5477: checking how to print strings
configure:5504: result: printf
configure:5525: checking for a sed that does not truncate output
configure:5589: result: /usr/bin/sed
configure:5607: checking for fgrep
configure:5669: result: /usr/bin/grep -F
configure:5704: checking for ld used by cc
configure:5771: result: /usr/bin/ld
configure:5778: checking if the linker (/usr/bin/ld) is GNU ld
configure:5793: result: yes
configure:5805: checking for BSD- or MS-compatible name lister (nm)
configure:5854: result: /usr/bin/nm -B
configure:5984: checking the name lister (/usr/bin/nm -B) interface
configure:5991: cc -c -g -O2  conftest.c >&5
configure:5994: /usr/bin/nm -B "conftest.o"
configure:5997: output
0000000000000000 B some_variable
configure:6004: result: BSD nm
configure:6007: checking whether ln -s works
configure:6011: result: yes
configure:6019: checking the maximum length of command line arguments
configure:6149: result: 1572864
configure:6166: checking whether the shell understands some XSI constructs
configure:6176: result: yes
configure:6180: checking whether the shell understands "+="
configure:6186: result: yes
configure:6221: checking how to convert x86_64-unknown-linux-gnu file names to x86_64-unknown-linux-gnu format
configure:6261: result: func_convert_file_noop
configure:6268: checking how to convert x86_64-unknown-linux-gnu file names to toolchain format
configure:6288: result: func_convert_file_noop
configure:6295: checking for /usr/bin/ld option to reload object files
configure:6302: result: -r
configure:6376: checking for objdump
configure:6392: found /usr/bin/objdump
configure:6403: result: objdump
configure:6435: checking how to recognize dependent libraries
configure:6637: result: pass_all
configure:6722: checking for dlltool
configure:6752: result: no
configure:6782: checking how to associate runtime and link libraries
configure:6809: result: printf %s\n
configure:6869: checking for ar
configure:6885: found /usr/bin/ar
configure:6896: result: ar
configure:6933: checking for archiver @FILE support
configure:6950: cc -c -g -O2  conftest.c >&5
configure:6950: $? = 0
configure:6953: ar cru libconftest.a @conftest.lst >&5
configure:6956: $? = 0
configure:6961: ar cru libconftest.a @conftest.lst >&5
ar: conftest.o: No such file or directory
configure:6964: $? = 1
configure:6976: result: @
configure:7034: checking for strip
configure:7050: found /usr/bin/strip
configure:7061: result: strip
configure:7133: checking for ranlib
configure:7149: found /usr/bin/ranlib
configure:7160: result: ranlib
configure:7237: checking for gawk
configure:7264: result: gawk
configure:7304: checking command to parse /usr/bin/nm -B output from cc object
configure:7424: cc -c -g -O2  conftest.c >&5
configure:7427: $? = 0
configure:7431: /usr/bin/nm -B conftest.o \| sed -n -e 's/^.*[ ]\([ABCDGIRSTW][ABCDGIRSTW]*\)[ ][ ]*\([_A-Za-z][_A-Za-z0-9]*\)$/\1 \2 \2/p' | sed '/ __gnu_lto/d' \> conftest.nm
configure:7434: $? = 0
configure:7500: cc -o conftest -g -O2   conftest.c conftstm.o >&5
configure:7503: $? = 0
configure:7541: result: ok
configure:7578: checking for sysroot
configure:7608: result: no
configure:7685: cc -c -g -O2  conftest.c >&5
configure:7688: $? = 0
configure:7870: checking for mt
configure:7900: result: no
configure:7920: checking if : is a manifest tool
configure:7926: : '-?'
configure:7934: result: no
configure:8571: checking for ANSI C header files
configure:8591: cc -c -g -O2  conftest.c >&5
configure:8591: $? = 0
configure:8664: cc -o conftest -g -O2   conftest.c  >&5
configure:8664: $? = 0
configure:8664: ./conftest
configure:8664: $? = 0
configure:8675: result: yes
configure:8688: checking for sys/types.h
configure:8688: cc -c -g -O2  conftest.c >&5
configure:8688: $? = 0
configure:8688: result: yes
configure:8688: checking for sys/stat.h
configure:8688: cc -c -g -O2  conftest.c >&5
configure:8688: $? = 0
configure:8688: result: yes
configure:8688: checking for stdlib.h
configure:8688: cc -c -g -O2  conftest.c >&5
configure:8688: $? = 0
configure:8688: result: yes
configure:8688: checking for string.h
configure:8688: cc -c -g -O2  conftest.c >&5
configure:8688: $? = 0
configure:8688: result: yes
configure:8688: checking for memory.h
configure:8688: cc -c -g -O2  conftest.c >&5
configure:8688: $? = 0
configure:8688: result: yes
configure:8688: checking for strings.h
configure:8688: cc -c -g -O2  conftest.c >&5
configure:8688: $? = 0
configure:8688: result: yes
configure:8688: checking for inttypes.h
configure:8688: cc -c -g -O2  conftest.c >&5
configure:8688: $? = 0
configure:8688: result: yes
configure:8688: checking for stdint.h
configure:8688: cc -c -g -O2  conftest.c >&5
configure:8688: $? = 0
configure:8688: result: yes
configure:8688: checking for unistd.h
configure:8688: cc -c -g -O2  conftest.c >&5
configure:8688: $? = 0
configure:8688: result: yes
configure:8702: checking for dlfcn.h
configure:8702: cc -c -g -O2  conftest.c >&5
configure:8702: $? = 0
configure:8702: result: yes
configure:8908: checking for objdir
configure:8923: result: .libs
configure:9194: checking if cc supports -fno-rtti -fno-exceptions
configure:9212: cc -c -g -O2  -fno-rtti -fno-exceptions conftest.c >&5
cc1: warning: command line option '-fno-rtti' is valid for C++/ObjC++ but not for C
configure:9216: $? = 0
configure:9229: result: no
configure:9556: checking for cc option to produce PIC
configure:9563: result: -fPIC -DPIC
configure:9571: checking if cc PIC flag -fPIC -DPIC works
configure:9589: cc -c -g -O2  -fPIC -DPIC -DPIC conftest.c >&5
configure:9593: $? = 0
configure:9606: result: yes
configure:9635: checking if cc static flag -static works
configure:9663: result: no
configure:9678: checking if cc supports -c -o file.o
configure:9699: cc -c -g -O2  -o out/conftest2.o conftest.c >&5
configure:9703: $? = 0
configure:9725: result: yes
configure:9733: checking if cc supports -c -o file.o
configure:9780: result: yes
configure:9813: checking whether the cc linker (/usr/bin/ld -m elf_x86_64) supports shared libraries
configure:10966: result: yes
configure:11003: checking whether -lc should be explicitly linked in
configure:11011: cc -c -g -O2  conftest.c >&5
configure:11014: $? = 0
configure:11029: cc -shared  -fPIC -DPIC conftest.o  -v -Wl,-soname -Wl,conftest -o conftest 2\>\&1 \| /usr/bin/grep  -lc  \>/dev/null 2\>\&1
configure:11032: $? = 0
configure:11046: result: no
configure:11206: checking dynamic linker characteristics
configure:11717: cc -o conftest -g -O2   -Wl,-rpath -Wl,/foo conftest.c  >&5
configure:11717: $? = 0
configure:11943: result: GNU/Linux ld.so
configure:12050: checking how to hardcode library paths into programs
configure:12075: result: immediate
configure:12615: checking whether stripping libraries is possible
configure:12620: result: yes
configure:12655: checking if libtool supports shared libraries
configure:12657: result: yes
configure:12660: checking whether to build shared libraries
configure:12681: result: yes
configure:12684: checking whether to build static libraries
configure:12688: result: no
configure:12964: creating ./config.status

## ---------------------- ##
## Running config.status. ##
## ---------------------- ##

This file was extended by config.status, which was
generated by GNU Autoconf 2.69.  Invocation command line was

  CONFIG_FILES    = 
  CONFIG_HEADERS  = 
  CONFIG_LINKS    = 
  CONFIG_COMMANDS = 
  $ ./config.status 

on localhost.localdomain

config.status:887: creating config.h
config.status:977: config.h is unchanged
config.status:991: executing libtool commands

## ---------------- ##
## Cache variables. ##
## ---------------- ##

ac_cv_build=x86_64-unknown-linux-gnu
ac_cv_c_compiler_gnu=yes
ac_cv_env_CC_set=
ac_cv_env_CC_value=
ac_cv_env_CFLAGS_set=
ac_cv_env_CFLAGS_value=
ac_cv_env_CPPFLAGS_set=
ac_cv_env_CPPFLAGS_value=
ac_cv_env_CPP_set=
ac_cv_env_CPP_value=
ac_cv_env_LDFLAGS_set=
ac_cv_env_LDFLAGS_value=
ac_cv_env_LIBS_set=
ac_cv_env_LIBS_value=
ac_cv_env_build_alias_set=
ac_cv_env_build_alias_value=
ac_cv_env_host_alias_set=
ac_cv_env_host_alias_value=
ac_cv_env_target_alias_set=
ac_cv_env_target_alias_value=
ac_cv_header_dlfcn_h=yes
ac_cv_header_inttypes_h=yes
ac_cv_header_memory_h=yes
ac_cv_header_stdc=yes
ac_cv_header_stdint_h=yes
ac_cv_header_stdlib_h=yes
ac_cv_header_string_h=yes
ac_cv_header_strings_h=yes
ac_cv_header_sys_stat_h=yes
ac_cv_header_sys_types_h=yes
ac_cv_header_unistd_h=yes
ac_cv_host=x86_64-unknown-linux-gnu
ac_cv_objext=o
ac_cv_path_EGREP='/usr/bin/grep -E'
ac_cv_path_FGREP='/usr/bin/grep -F'
ac_cv_path_GREP=/usr/bin/grep
ac_cv_path_SED=/usr/bin/sed
ac_cv_prog_AWK=gawk
ac_cv_prog_CPP='cc -E'
ac_cv_prog_ac_ct_AR=ar
ac_cv_prog_ac_ct_CC=cc
ac_cv_prog_ac_ct_OBJDUMP=objdump
ac_cv_prog_ac_ct_RANLIB=ranlib
ac_cv_prog_ac_ct_STRIP=strip
ac_cv_prog_cc_c89=
ac_cv_prog_cc_cc_c_o=yes
ac_cv_prog_cc_g=yes
ac_cv_target=x86_64-unknown-linux-gnu
lt_cv_ar_at_file=@
lt_cv_archive_cmds_need_lc=no
lt_cv_deplibs_check_method=pass_all
lt_cv_file_magic_cmd='$MAGIC_CMD'
lt_cv_file_magic_test_file=
lt_cv_ld_reload_flag=-r
lt_cv_nm_interface='BSD nm'
lt_cv_objdir=.libs
lt_cv_path_LD=/usr/bin/ld
lt_cv_path_NM='/usr/bin/nm -B'
lt_cv_path_mainfest_tool=no
lt_cv_prog_compiler_c_o=yes
lt_cv_prog_compiler_pic='-fPIC -DPIC'
lt_cv_prog_compiler_pic_works=yes
lt_cv_prog_compiler_rtti_exceptions=no
lt_cv_prog_compiler_static_works=no
lt_cv_prog_gnu_ld=yes
lt_cv_sharedlib_from_linklib_cmd='printf %s\n'
lt_cv_shlibpath_overrides_runpath=no
lt_cv_sys_global_symbol_pipe='sed -n -e '\''s/^.*[	 ]\([ABCDGIRSTW][ABCDGIRSTW]*\)[	 ][	 ]*\([_A-Za-z][_A-Za-z0-9]*\)$/\1 \2 \2/p'\'' | sed '\''/ __gnu_lto/d'\'''
lt_cv_sys_global_symbol_to_c_name_address='sed -n -e '\''s/^: \([^ ]*\)[ ]*$/  {\"\1\", (void *) 0},/p'\'' -e '\''s/^[ABCDGIRSTW]* \([^ ]*\) \([^ ]*\)$/  {"\2", (void *) \&\2},/p'\'''
lt_cv_sys_global_symbol_to_c_name_address_lib_prefix='sed -n -e '\''s/^: \([^ ]*\)[ ]*$/  {\"\1\", (void *) 0},/p'\'' -e '\''s/^[ABCDGIRSTW]* \([^ ]*\) \(lib[^ ]*\)$/  {"\2", (void *) \&\2},/p'\'' -e '\''s/^[ABCDGIRSTW]* \([^ ]*\) \([^ ]*\)$/  {"lib\2", (void *) \&\2},/p'\'''
lt_cv_sys_global_symbol_to_cdecl='sed -n -e '\''s/^T .* \(.*\)$/extern int \1();/p'\'' -e '\''s/^[ABCDGIRSTW]* .* \(.*\)$/extern char \1;/p'\'''
lt_cv_sys_max_cmd_len=1572864
lt_cv_to_host_file_cmd=func_convert_file_noop
lt_cv_to_tool_file_cmd=func_convert_file_noop
php_cv_cc_dashr=no
php_cv_cc_rpath=yes

## ----------------- ##
## Output variables. ##
## ----------------- ##

AR='ar'
AWK='gawk'
CC='cc'
CFLAGS='-g -O2'
CONFIGURE_COMMAND=' '\''./configure'\''  '\''--disable-option-checking'\'' '\''--prefix=/usr/lib64/php/modules/wsf_c'\'' '\''--cache-file=/dev/null'\'' '\''--srcdir=.'\'''
CONFIGURE_OPTIONS=' '\''--disable-option-checking'\'' '\''--prefix=/usr/lib64/php/modules/wsf_c'\'' '\''--cache-file=/dev/null'\'' '\''--srcdir=.'\'''
CPP='cc -E'
CPPFLAGS=' -DHAVE_CONFIG_H'
DEFS='-DHAVE_CONFIG_H'
DLLTOOL='false'
DSYMUTIL=''
DUMPBIN=''
ECHO_C=''
ECHO_N='-n'
ECHO_T=''
EGREP='/usr/bin/grep -E'
EXEEXT=''
FGREP='/usr/bin/grep -F'
GREP='/usr/bin/grep'
LD='/usr/bin/ld -m elf_x86_64'
LDFLAGS=''
LIBOBJS=''
LIBS=''
LIBTOOL='$(SHELL) $(top_builddir)/libtool'
LIPO=''
LN_S='ln -s'
LTLIBOBJS=''
MANIFEST_TOOL=':'
NM='/usr/bin/nm -B'
NMEDIT=''
OBJDUMP='objdump'
OBJEXT='o'
OTOOL64=''
OTOOL=''
PACKAGE_BUGREPORT=''
PACKAGE_NAME=''
PACKAGE_STRING=''
PACKAGE_TARNAME=''
PACKAGE_URL=''
PACKAGE_VERSION=''
PATH_SEPARATOR=':'
RANLIB='ranlib'
RE2C='exit 0;'
SED='/usr/bin/sed'
SHELL='/bin/sh'
SHLIB_DL_SUFFIX_NAME='so'
SHLIB_SUFFIX_NAME='so'
STRIP='strip'
ac_ct_AR='ar'
ac_ct_CC='cc'
ac_ct_DUMPBIN=''
bindir='${exec_prefix}/bin'
build='x86_64-unknown-linux-gnu'
build_alias=''
build_cpu='x86_64'
build_os='linux-gnu'
build_vendor='unknown'
datadir='${datarootdir}'
datarootdir='${prefix}/share'
docdir='${datarootdir}/doc/${PACKAGE}'
dvidir='${docdir}'
exec_prefix='$(prefix)'
host='x86_64-unknown-linux-gnu'
host_alias='x86_64-unknown-linux-gnu'
host_cpu='x86_64'
host_os='linux-gnu'
host_vendor='unknown'
htmldir='${docdir}'
includedir='${prefix}/include'
infodir='${datarootdir}/info'
libdir='${exec_prefix}/lib'
libexecdir='${exec_prefix}/libexec'
localedir='${datarootdir}/locale'
localstatedir='${prefix}/var'
mandir='${datarootdir}/man'
oldincludedir='/usr/include'
pdfdir='${docdir}'
prefix='/usr'
program_transform_name='s,x,x,'
psdir='${docdir}'
sbindir='${exec_prefix}/sbin'
sharedstatedir='${prefix}/com'
sysconfdir='${prefix}/etc'
target='x86_64-unknown-linux-gnu'
target_alias=''
target_cpu='x86_64'
target_os='linux-gnu'
target_vendor='unknown'

## ----------- ##
## confdefs.h. ##
## ----------- ##

/* confdefs.h */
#define PACKAGE_NAME ""
#define PACKAGE_TARNAME ""
#define PACKAGE_VERSION ""
#define PACKAGE_STRING ""
#define PACKAGE_BUGREPORT ""
#define PACKAGE_URL ""
#define HAVE_WSF 1
#define COMPILE_DL_WSF 1
#define STDC_HEADERS 1
#define HAVE_SYS_TYPES_H 1
#define HAVE_SYS_STAT_H 1
#define HAVE_STDLIB_H 1
#define HAVE_STRING_H 1
#define HAVE_MEMORY_H 1
#define HAVE_STRINGS_H 1
#define HAVE_INTTYPES_H 1
#define HAVE_STDINT_H 1
#define HAVE_UNISTD_H 1
#define HAVE_DLFCN_H 1
#define LT_OBJDIR ".libs/"

configure: exit 0
