This file contains any messages produced by compilers while
running configure, to aid debugging if configure makes a mistake.

It was created by sandesha2c-src configure 0.91, which was
generated by GNU Autoconf 2.63.  Invocation command line was

  $ ./configure --disable-option-checking --prefix=/usr/lib64/php/modules/wsf_c --cache-file=/dev/null --srcdir=.

## --------- ##
## Platform. ##
## --------- ##

hostname = localhost.localdomain
uname -m = x86_64
uname -r = 3.19.3-200.fc21.x86_64
uname -s = Linux
uname -v = #1 SMP Thu Mar 26 21:39:42 UTC 2015

/usr/bin/uname -p = x86_64
/bin/uname -X     = unknown

/bin/arch              = x86_64
/usr/bin/arch -k       = unknown
/usr/convex/getsysinfo = unknown
/usr/bin/hostinfo      = unknown
/bin/machine           = unknown
/usr/bin/oslevel       = unknown
/bin/universe          = unknown

PATH: /usr/lib64/qt-3.3/bin
PATH: /usr/local/bin
PATH: /usr/local/sbin
PATH: /usr/bin
PATH: /usr/sbin
PATH: /bin
PATH: /sbin
PATH: /usr/local/jdk1.7.0_79/bin
PATH: /usr/local/maven/bin
PATH: /home/josh/projects/go/bin
PATH: /opt/PostgreSQL/9.4/bin
PATH: /usr/local/mybatis-migrations-3.2.0/bin
PATH: /home/josh/.local/bin
PATH: /home/josh/bin


## ----------- ##
## Core tests. ##
## ----------- ##

configure:2084: checking build system type
configure:2102: result: x86_64-unknown-linux-gnu
configure:2124: checking host system type
configure:2139: result: x86_64-unknown-linux-gnu
configure:2161: checking target system type
configure:2176: result: x86_64-unknown-linux-gnu
configure:2222: checking for a BSD-compatible install
configure:2290: result: /usr/bin/install -c
configure:2301: checking whether build environment is sane
configure:2344: result: yes
configure:2369: checking for a thread-safe mkdir -p
configure:2408: result: /usr/bin/mkdir -p
configure:2421: checking for gawk
configure:2437: found /usr/bin/gawk
configure:2448: result: gawk
configure:2459: checking whether make sets $(MAKE)
configure:2481: result: yes
configure:2715: checking for gcc
configure:2731: found /usr/bin/gcc
configure:2742: result: gcc
configure:2974: checking for C compiler version
configure:2982: gcc --version >&5
gcc (GCC) 4.9.2 20150212 (Red Hat 4.9.2-6)
Copyright (C) 2014 Free Software Foundation, Inc.
This is free software; see the source for copying conditions.  There is NO
warranty; not even for MERCHANTABILITY or FITNESS FOR A PARTICULAR PURPOSE.

configure:2986: $? = 0
configure:2993: gcc -v >&5
Using built-in specs.
COLLECT_GCC=gcc
COLLECT_LTO_WRAPPER=/usr/libexec/gcc/x86_64-redhat-linux/4.9.2/lto-wrapper
Target: x86_64-redhat-linux
Configured with: ../configure --prefix=/usr --mandir=/usr/share/man --infodir=/usr/share/info --with-bugurl=http://bugzilla.redhat.com/bugzilla --enable-bootstrap --enable-shared --enable-threads=posix --enable-checking=release --enable-multilib --with-system-zlib --enable-__cxa_atexit --disable-libunwind-exceptions --enable-gnu-unique-object --enable-linker-build-id --with-linker-hash-style=gnu --enable-languages=c,c++,objc,obj-c++,fortran,ada,go,lto --enable-plugin --enable-initfini-array --disable-libgcj --with-isl=/builddir/build/BUILD/gcc-4.9.2-20150212/obj-x86_64-redhat-linux/isl-install --with-cloog=/builddir/build/BUILD/gcc-4.9.2-20150212/obj-x86_64-redhat-linux/cloog-install --enable-gnu-indirect-function --with-tune=generic --with-arch_32=i686 --build=x86_64-redhat-linux
Thread model: posix
gcc version 4.9.2 20150212 (Red Hat 4.9.2-6) (GCC) 
configure:2997: $? = 0
configure:3004: gcc -V >&5
gcc: error: unrecognized command line option '-V'
gcc: fatal error: no input files
compilation terminated.
configure:3008: $? = 4
configure:3031: checking for C compiler default output file name
configure:3053: gcc    conftest.c  >&5
configure:3057: $? = 0
configure:3095: result: a.out
configure:3114: checking whether the C compiler works
configure:3124: ./a.out
configure:3128: $? = 0
configure:3147: result: yes
configure:3154: checking whether we are cross compiling
configure:3156: result: no
configure:3159: checking for suffix of executables
configure:3166: gcc -o conftest    conftest.c  >&5
configure:3170: $? = 0
configure:3196: result: 
configure:3202: checking for suffix of object files
configure:3228: gcc -c   conftest.c >&5
configure:3232: $? = 0
configure:3257: result: o
configure:3261: checking whether we are using the GNU C compiler
configure:3290: gcc -c   conftest.c >&5
configure:3297: $? = 0
configure:3314: result: yes
configure:3323: checking whether gcc accepts -g
configure:3353: gcc -c -g  conftest.c >&5
configure:3360: $? = 0
configure:3461: result: yes
configure:3478: checking for gcc option to accept ISO C89
configure:3552: gcc  -c -g -O2  conftest.c >&5
configure:3559: $? = 0
configure:3582: result: none needed
configure:3611: checking for style of include used by make
configure:3639: result: GNU
configure:3664: checking dependency style of gcc
configure:3755: result: gcc3
configure:3828: checking for g++
configure:3844: found /usr/bin/g++
configure:3855: result: g++
configure:3882: checking for C++ compiler version
configure:3890: g++ --version >&5
g++ (GCC) 4.9.2 20150212 (Red Hat 4.9.2-6)
Copyright (C) 2014 Free Software Foundation, Inc.
This is free software; see the source for copying conditions.  There is NO
warranty; not even for MERCHANTABILITY or FITNESS FOR A PARTICULAR PURPOSE.

configure:3894: $? = 0
configure:3901: g++ -v >&5
Using built-in specs.
COLLECT_GCC=g++
COLLECT_LTO_WRAPPER=/usr/libexec/gcc/x86_64-redhat-linux/4.9.2/lto-wrapper
Target: x86_64-redhat-linux
Configured with: ../configure --prefix=/usr --mandir=/usr/share/man --infodir=/usr/share/info --with-bugurl=http://bugzilla.redhat.com/bugzilla --enable-bootstrap --enable-shared --enable-threads=posix --enable-checking=release --enable-multilib --with-system-zlib --enable-__cxa_atexit --disable-libunwind-exceptions --enable-gnu-unique-object --enable-linker-build-id --with-linker-hash-style=gnu --enable-languages=c,c++,objc,obj-c++,fortran,ada,go,lto --enable-plugin --enable-initfini-array --disable-libgcj --with-isl=/builddir/build/BUILD/gcc-4.9.2-20150212/obj-x86_64-redhat-linux/isl-install --with-cloog=/builddir/build/BUILD/gcc-4.9.2-20150212/obj-x86_64-redhat-linux/cloog-install --enable-gnu-indirect-function --with-tune=generic --with-arch_32=i686 --build=x86_64-redhat-linux
Thread model: posix
gcc version 4.9.2 20150212 (Red Hat 4.9.2-6) (GCC) 
configure:3905: $? = 0
configure:3912: g++ -V >&5
g++: error: unrecognized command line option '-V'
g++: fatal error: no input files
compilation terminated.
configure:3916: $? = 4
configure:3919: checking whether we are using the GNU C++ compiler
configure:3948: g++ -c   conftest.cpp >&5
configure:3955: $? = 0
configure:3972: result: yes
configure:3981: checking whether g++ accepts -g
configure:4011: g++ -c -g  conftest.cpp >&5
configure:4018: $? = 0
configure:4119: result: yes
configure:4144: checking dependency style of g++
configure:4235: result: gcc3
configure:4255: checking how to run the C preprocessor
configure:4295: gcc -E  conftest.c
configure:4302: $? = 0
configure:4333: gcc -E  conftest.c
conftest.c:10:28: fatal error: ac_nonexistent.h: No such file or directory
 #include <ac_nonexistent.h>
                            ^
compilation terminated.
configure:4340: $? = 1
configure: failed program was:
| /* confdefs.h.  */
| #define PACKAGE_NAME "sandesha2c-src"
| #define PACKAGE_TARNAME "sandesha2c-src"
| #define PACKAGE_VERSION "0.91"
| #define PACKAGE_STRING "sandesha2c-src 0.91"
| #define PACKAGE_BUGREPORT ""
| #define PACKAGE "sandesha2c-src"
| #define VERSION "0.91"
| /* end confdefs.h.  */
| #include <ac_nonexistent.h>
configure:4373: result: gcc -E
configure:4402: gcc -E  conftest.c
configure:4409: $? = 0
configure:4440: gcc -E  conftest.c
conftest.c:10:28: fatal error: ac_nonexistent.h: No such file or directory
 #include <ac_nonexistent.h>
                            ^
compilation terminated.
configure:4447: $? = 1
configure: failed program was:
| /* confdefs.h.  */
| #define PACKAGE_NAME "sandesha2c-src"
| #define PACKAGE_TARNAME "sandesha2c-src"
| #define PACKAGE_VERSION "0.91"
| #define PACKAGE_STRING "sandesha2c-src 0.91"
| #define PACKAGE_BUGREPORT ""
| #define PACKAGE "sandesha2c-src"
| #define VERSION "0.91"
| /* end confdefs.h.  */
| #include <ac_nonexistent.h>
configure:4558: checking for a sed that does not truncate output
configure:4614: result: /usr/bin/sed
configure:4617: checking for grep that handles long lines and -e
configure:4677: result: /usr/bin/grep
configure:4682: checking for egrep
configure:4746: result: /usr/bin/grep -E
configure:4762: checking for ld used by gcc
configure:4829: result: /usr/bin/ld
configure:4838: checking if the linker (/usr/bin/ld) is GNU ld
configure:4853: result: yes
configure:4858: checking for /usr/bin/ld option to reload object files
configure:4865: result: -r
configure:4883: checking for BSD-compatible nm
configure:4932: result: /usr/bin/nm -B
configure:4936: checking whether ln -s works
configure:4940: result: yes
configure:4947: checking how to recognize dependent libraries
configure:5133: result: pass_all
configure:5222: gcc -c -g -O2  conftest.c >&5
configure:5225: $? = 0
configure:5379: checking for ANSI C header files
configure:5409: gcc -c -g -O2  conftest.c >&5
configure:5416: $? = 0
configure:5515: gcc -o conftest -g -O2   conftest.c  >&5
configure:5519: $? = 0
configure:5525: ./conftest
configure:5529: $? = 0
configure:5547: result: yes
configure:5571: checking for sys/types.h
configure:5592: gcc -c -g -O2  conftest.c >&5
configure:5599: $? = 0
configure:5616: result: yes
configure:5571: checking for sys/stat.h
configure:5592: gcc -c -g -O2  conftest.c >&5
configure:5599: $? = 0
configure:5616: result: yes
configure:5571: checking for stdlib.h
configure:5592: gcc -c -g -O2  conftest.c >&5
configure:5599: $? = 0
configure:5616: result: yes
configure:5571: checking for string.h
configure:5592: gcc -c -g -O2  conftest.c >&5
configure:5599: $? = 0
configure:5616: result: yes
configure:5571: checking for memory.h
configure:5592: gcc -c -g -O2  conftest.c >&5
configure:5599: $? = 0
configure:5616: result: yes
configure:5571: checking for strings.h
configure:5592: gcc -c -g -O2  conftest.c >&5
configure:5599: $? = 0
configure:5616: result: yes
configure:5571: checking for inttypes.h
configure:5592: gcc -c -g -O2  conftest.c >&5
configure:5599: $? = 0
configure:5616: result: yes
configure:5571: checking for stdint.h
configure:5592: gcc -c -g -O2  conftest.c >&5
configure:5599: $? = 0
configure:5616: result: yes
configure:5571: checking for unistd.h
configure:5592: gcc -c -g -O2  conftest.c >&5
configure:5599: $? = 0
configure:5616: result: yes
configure:5646: checking dlfcn.h usability
configure:5663: gcc -c -g -O2  conftest.c >&5
configure:5670: $? = 0
configure:5684: result: yes
configure:5688: checking dlfcn.h presence
configure:5703: gcc -E  conftest.c
configure:5710: $? = 0
configure:5724: result: yes
configure:5752: checking for dlfcn.h
configure:5761: result: yes
configure:5786: checking how to run the C++ preprocessor
configure:5822: g++ -E  conftest.cpp
configure:5829: $? = 0
configure:5860: g++ -E  conftest.cpp
conftest.cpp:21:28: fatal error: ac_nonexistent.h: No such file or directory
 #include <ac_nonexistent.h>
                            ^
compilation terminated.
configure:5867: $? = 1
configure: failed program was:
| /* confdefs.h.  */
| #define PACKAGE_NAME "sandesha2c-src"
| #define PACKAGE_TARNAME "sandesha2c-src"
| #define PACKAGE_VERSION "0.91"
| #define PACKAGE_STRING "sandesha2c-src 0.91"
| #define PACKAGE_BUGREPORT ""
| #define PACKAGE "sandesha2c-src"
| #define VERSION "0.91"
| #define STDC_HEADERS 1
| #define HAVE_SYS_TYPES_H 1
| #define HAVE_SYS_STAT_H 1
| #define HAVE_STDLIB_H 1
| #define HAVE_STRING_H 1
| #define HAVE_MEMORY_H 1
| #define HAVE_STRINGS_H 1
| #define HAVE_INTTYPES_H 1
| #define HAVE_STDINT_H 1
| #define HAVE_UNISTD_H 1
| #define HAVE_DLFCN_H 1
| /* end confdefs.h.  */
| #include <ac_nonexistent.h>
configure:5900: result: g++ -E
configure:5929: g++ -E  conftest.cpp
configure:5936: $? = 0
configure:5967: g++ -E  conftest.cpp
conftest.cpp:21:28: fatal error: ac_nonexistent.h: No such file or directory
 #include <ac_nonexistent.h>
                            ^
compilation terminated.
configure:5974: $? = 1
configure: failed program was:
| /* confdefs.h.  */
| #define PACKAGE_NAME "sandesha2c-src"
| #define PACKAGE_TARNAME "sandesha2c-src"
| #define PACKAGE_VERSION "0.91"
| #define PACKAGE_STRING "sandesha2c-src 0.91"
| #define PACKAGE_BUGREPORT ""
| #define PACKAGE "sandesha2c-src"
| #define VERSION "0.91"
| #define STDC_HEADERS 1
| #define HAVE_SYS_TYPES_H 1
| #define HAVE_SYS_STAT_H 1
| #define HAVE_STDLIB_H 1
| #define HAVE_STRING_H 1
| #define HAVE_MEMORY_H 1
| #define HAVE_STRINGS_H 1
| #define HAVE_INTTYPES_H 1
| #define HAVE_STDINT_H 1
| #define HAVE_UNISTD_H 1
| #define HAVE_DLFCN_H 1
| /* end confdefs.h.  */
| #include <ac_nonexistent.h>
configure:6069: checking for g77
configure:6099: result: no
configure:6069: checking for xlf
configure:6099: result: no
configure:6069: checking for f77
configure:6099: result: no
configure:6069: checking for frt
configure:6099: result: no
configure:6069: checking for pgf77
configure:6099: result: no
configure:6069: checking for cf77
configure:6099: result: no
configure:6069: checking for fort77
configure:6099: result: no
configure:6069: checking for fl32
configure:6099: result: no
configure:6069: checking for af77
configure:6099: result: no
configure:6069: checking for xlf90
configure:6099: result: no
configure:6069: checking for f90
configure:6099: result: no
configure:6069: checking for pgf90
configure:6099: result: no
configure:6069: checking for pghpf
configure:6099: result: no
configure:6069: checking for epcf90
configure:6099: result: no
configure:6069: checking for gfortran
configure:6099: result: no
configure:6069: checking for g95
configure:6099: result: no
configure:6069: checking for xlf95
configure:6099: result: no
configure:6069: checking for f95
configure:6099: result: no
configure:6069: checking for fort
configure:6099: result: no
configure:6069: checking for ifort
configure:6099: result: no
configure:6069: checking for ifc
configure:6099: result: no
configure:6069: checking for efc
configure:6099: result: no
configure:6069: checking for pgf95
configure:6099: result: no
configure:6069: checking for lf95
configure:6099: result: no
configure:6069: checking for ftn
configure:6099: result: no
configure:6122: checking for Fortran 77 compiler version
configure:6130:  --version >&5
./configure: line 6132: --version: command not found
configure:6134: $? = 127
configure:6141:  -v >&5
./configure: line 6143: -v: command not found
configure:6145: $? = 127
configure:6152:  -V >&5
./configure: line 6154: -V: command not found
configure:6156: $? = 127
configure:6164: checking whether we are using the GNU Fortran 77 compiler
configure:6183:  -c  conftest.F >&5
./configure: line 6185: -c: command not found
configure:6190: $? = 127
configure: failed program was:
|       program main
| #ifndef __GNUC__
|        choke me
| #endif
| 
|       end
configure:6207: result: no
configure:6213: checking whether  accepts -g
configure:6230:  -c -g conftest.f >&5
./configure: line 6232: -c: command not found
configure:6237: $? = 127
configure: failed program was:
|       program main
| 
|       end
configure:6253: result: no
configure:6286: checking the maximum length of command line arguments
configure:6398: result: 1572864
configure:6410: checking command to parse /usr/bin/nm -B output from gcc object
configure:6515: gcc -c -g -O2  conftest.c >&5
configure:6518: $? = 0
configure:6522: /usr/bin/nm -B conftest.o \| sed -n -e 's/^.*[ 	]\([ABCDGIRSTW][ABCDGIRSTW]*\)[ 	][ 	]*\([_A-Za-z][_A-Za-z0-9]*\)$/\1 \2 \2/p' \> conftest.nm
configure:6525: $? = 0
configure:6577: gcc -o conftest -g -O2   conftest.c conftstm.o >&5
configure:6580: $? = 0
configure:6618: result: ok
configure:6622: checking for objdir
configure:6637: result: .libs
configure:6729: checking for ar
configure:6745: found /usr/bin/ar
configure:6756: result: ar
configure:6821: checking for ranlib
configure:6837: found /usr/bin/ranlib
configure:6848: result: ranlib
configure:6913: checking for strip
configure:6929: found /usr/bin/strip
configure:6940: result: strip
configure:7530: checking if gcc supports -fno-rtti -fno-exceptions
configure:7548: gcc -c -g -O2  -fno-rtti -fno-exceptions conftest.c >&5
cc1: warning: command line option '-fno-rtti' is valid for C++/ObjC++ but not for C
configure:7552: $? = 0
configure:7565: result: no
configure:7580: checking for gcc option to produce PIC
configure:7812: result: -fPIC
configure:7820: checking if gcc PIC flag -fPIC works
configure:7838: gcc -c -g -O2  -fPIC -DPIC conftest.c >&5
configure:7842: $? = 0
configure:7855: result: yes
configure:7883: checking if gcc static flag -static works
configure:7911: result: no
configure:7921: checking if gcc supports -c -o file.o
configure:7942: gcc -c -g -O2  -o out/conftest2.o conftest.c >&5
configure:7946: $? = 0
configure:7968: result: yes
configure:7994: checking whether the gcc linker (/usr/bin/ld -m elf_x86_64) supports shared libraries
configure:8982: result: yes
configure:9003: checking whether -lc should be explicitly linked in
configure:9008: gcc -c -g -O2  conftest.c >&5
configure:9011: $? = 0
configure:9026: gcc -shared conftest.o  -v -Wl,-soname -Wl,conftest -o conftest 2\>\&1 \| grep  -lc  \>/dev/null 2\>\&1
configure:9029: $? = 0
configure:9041: result: no
configure:9049: checking dynamic linker characteristics
configure:9653: result: GNU/Linux ld.so
configure:9677: checking how to hardcode library paths into programs
configure:9702: result: immediate
configure:9716: checking whether stripping libraries is possible
configure:9721: result: yes
configure:10551: checking if libtool supports shared libraries
configure:10553: result: yes
configure:10556: checking whether to build shared libraries
configure:10577: result: yes
configure:10580: checking whether to build static libraries
configure:10584: result: yes
configure:10678: creating libtool
configure:11271: checking for ld used by g++
configure:11338: result: /usr/bin/ld -m elf_x86_64
configure:11347: checking if the linker (/usr/bin/ld -m elf_x86_64) is GNU ld
configure:11362: result: yes
configure:11413: checking whether the g++ linker (/usr/bin/ld -m elf_x86_64) supports shared libraries
configure:12367: result: yes
configure:12384: g++ -c -g -O2  conftest.cpp >&5
configure:12387: $? = 0
configure:12543: checking for g++ option to produce PIC
configure:12827: result: -fPIC
configure:12835: checking if g++ PIC flag -fPIC works
configure:12853: g++ -c -g -O2  -fPIC -DPIC conftest.cpp >&5
configure:12857: $? = 0
configure:12870: result: yes
configure:12898: checking if g++ static flag -static works
configure:12926: result: no
configure:12936: checking if g++ supports -c -o file.o
configure:12957: g++ -c -g -O2  -o out/conftest2.o conftest.cpp >&5
configure:12961: $? = 0
configure:12983: result: yes
configure:13009: checking whether the g++ linker (/usr/bin/ld -m elf_x86_64) supports shared libraries
configure:13035: result: yes
configure:13102: checking dynamic linker characteristics
configure:13654: result: GNU/Linux ld.so
configure:13678: checking how to hardcode library paths into programs
configure:13703: result: immediate
configure:19958: checking for a BSD-compatible install
configure:20026: result: /usr/bin/install -c
configure:20037: checking whether ln -s works
configure:20041: result: yes
configure:20048: checking whether make sets $(MAKE)
configure:20070: result: yes
configure:20081: checking for dlopen in -ldl
configure:20116: gcc -o conftest -g -O2   conftest.c -ldl   >&5
configure:20123: $? = 0
configure:20144: result: yes
configure:20162: checking for ANSI C header files
configure:20330: result: yes
configure:20358: checking stdio.h usability
configure:20375: gcc -c -g -O2 -D_LARGEFILE64_SOURCE -ansi -Wall  -Wno-implicit-function-declaration -g  conftest.c >&5
configure:20382: $? = 0
configure:20396: result: yes
configure:20400: checking stdio.h presence
configure:20415: gcc -E  conftest.c
configure:20422: $? = 0
configure:20436: result: yes
configure:20464: checking for stdio.h
configure:20473: result: yes
configure:20347: checking for stdlib.h
configure:20354: result: yes
configure:20347: checking for string.h
configure:20354: result: yes
configure:20496: checking path to use Axis2C . This is a compulsory to build Sandesha2C
configure:20522: result: no
configure:20665: creating ./config.status

## ---------------------- ##
## Running config.status. ##
## ---------------------- ##

This file was extended by sandesha2c-src config.status 0.91, which was
generated by GNU Autoconf 2.63.  Invocation command line was

  CONFIG_FILES    = 
  CONFIG_HEADERS  = 
  CONFIG_LINKS    = 
  CONFIG_COMMANDS = 
  $ ./config.status 

on localhost.localdomain

config.status:824: creating Makefile
config.status:824: creating src/Makefile
config.status:824: creating src/util/Makefile
config.status:824: creating src/wsrm/Makefile
config.status:824: creating src/transport/Makefile
config.status:824: creating src/handlers/Makefile
config.status:824: creating src/msgprocessors/Makefile
config.status:824: creating src/storage/Makefile
config.status:824: creating src/storage/beans/Makefile
config.status:824: creating src/storage/common/Makefile
config.status:824: creating src/storage/sqlite/Makefile
config.status:824: creating src/client/Makefile
config.status:824: creating src/core/Makefile
config.status:824: creating src/polling/Makefile
config.status:824: creating config.h
config.status:1046: config.h is unchanged
config.status:1098: executing depfiles commands

## ---------------- ##
## Cache variables. ##
## ---------------- ##

ac_cv_build=x86_64-unknown-linux-gnu
ac_cv_c_compiler_gnu=yes
ac_cv_cxx_compiler_gnu=yes
ac_cv_env_CCC_set=
ac_cv_env_CCC_value=
ac_cv_env_CC_set=
ac_cv_env_CC_value=
ac_cv_env_CFLAGS_set=
ac_cv_env_CFLAGS_value=
ac_cv_env_CPPFLAGS_set=
ac_cv_env_CPPFLAGS_value=
ac_cv_env_CPP_set=
ac_cv_env_CPP_value=
ac_cv_env_CXXCPP_set=
ac_cv_env_CXXCPP_value=
ac_cv_env_CXXFLAGS_set=
ac_cv_env_CXXFLAGS_value=
ac_cv_env_CXX_set=
ac_cv_env_CXX_value=
ac_cv_env_F77_set=
ac_cv_env_F77_value=
ac_cv_env_FFLAGS_set=
ac_cv_env_FFLAGS_value=
ac_cv_env_LDFLAGS_set=
ac_cv_env_LDFLAGS_value=
ac_cv_env_LIBS_set=
ac_cv_env_LIBS_value=
ac_cv_env_build_alias_set=
ac_cv_env_build_alias_value=
ac_cv_env_host_alias_set=
ac_cv_env_host_alias_value=
ac_cv_env_target_alias_set=
ac_cv_env_target_alias_value=
ac_cv_f77_compiler_gnu=no
ac_cv_header_dlfcn_h=yes
ac_cv_header_inttypes_h=yes
ac_cv_header_memory_h=yes
ac_cv_header_stdc=yes
ac_cv_header_stdint_h=yes
ac_cv_header_stdio_h=yes
ac_cv_header_stdlib_h=yes
ac_cv_header_string_h=yes
ac_cv_header_strings_h=yes
ac_cv_header_sys_stat_h=yes
ac_cv_header_sys_types_h=yes
ac_cv_header_unistd_h=yes
ac_cv_host=x86_64-unknown-linux-gnu
ac_cv_lib_dl_dlopen=yes
ac_cv_objext=o
ac_cv_path_EGREP='/usr/bin/grep -E'
ac_cv_path_GREP=/usr/bin/grep
ac_cv_path_install='/usr/bin/install -c'
ac_cv_path_mkdir=/usr/bin/mkdir
ac_cv_prog_AWK=gawk
ac_cv_prog_CPP='gcc -E'
ac_cv_prog_CXXCPP='g++ -E'
ac_cv_prog_ac_ct_AR=ar
ac_cv_prog_ac_ct_CC=gcc
ac_cv_prog_ac_ct_CXX=g++
ac_cv_prog_ac_ct_RANLIB=ranlib
ac_cv_prog_ac_ct_STRIP=strip
ac_cv_prog_cc_c89=
ac_cv_prog_cc_g=yes
ac_cv_prog_cxx_g=yes
ac_cv_prog_f77_g=no
ac_cv_prog_make_make_set=yes
ac_cv_target=x86_64-unknown-linux-gnu
am_cv_CC_dependencies_compiler_type=gcc3
am_cv_CXX_dependencies_compiler_type=gcc3
lt_cv_deplibs_check_method=pass_all
lt_cv_file_magic_cmd='$MAGIC_CMD'
lt_cv_file_magic_test_file=
lt_cv_ld_reload_flag=-r
lt_cv_objdir=.libs
lt_cv_path_LD=/usr/bin/ld
lt_cv_path_LDCXX='/usr/bin/ld -m elf_x86_64'
lt_cv_path_NM='/usr/bin/nm -B'
lt_cv_path_SED=/usr/bin/sed
lt_cv_prog_compiler_c_o=yes
lt_cv_prog_compiler_c_o_CXX=yes
lt_cv_prog_compiler_pic_works=yes
lt_cv_prog_compiler_pic_works_CXX=yes
lt_cv_prog_compiler_rtti_exceptions=no
lt_cv_prog_compiler_static_works=no
lt_cv_prog_compiler_static_works_CXX=no
lt_cv_prog_gnu_ld=yes
lt_cv_prog_gnu_ldcxx=yes
lt_cv_sys_global_symbol_pipe='sed -n -e '\''s/^.*[ 	]\([ABCDGIRSTW][ABCDGIRSTW]*\)[ 	][ 	]*\([_A-Za-z][_A-Za-z0-9]*\)$/\1 \2 \2/p'\'''
lt_cv_sys_global_symbol_to_c_name_address='sed -n -e '\''s/^: \([^ ]*\) $/  {\"\1\", (lt_ptr) 0},/p'\'' -e '\''s/^[BCDEGRST] \([^ ]*\) \([^ ]*\)$/  {"\2", (lt_ptr) \&\2},/p'\'''
lt_cv_sys_global_symbol_to_cdecl='sed -n -e '\''s/^. .* \(.*\)$/extern int \1;/p'\'''
lt_cv_sys_lib_dlsearch_path_spec='/usr/lib64 /lib64 /usr/lib64/atlas /usr/lib64/iscsi /usr/lib64/llvm /usr/lib64/mysql /usr/lib64/qt-3.3/lib '
lt_cv_sys_lib_search_path_spec='/usr/lib64 /lib64 /usr/local/lib64'
lt_cv_sys_max_cmd_len=1572864
lt_lt_cv_prog_compiler_c_o='"yes"'
lt_lt_cv_prog_compiler_c_o_CXX='"yes"'
lt_lt_cv_sys_global_symbol_pipe='"sed -n -e '\''s/^.*[ 	]\\([ABCDGIRSTW][ABCDGIRSTW]*\\)[ 	][ 	]*\\([_A-Za-z][_A-Za-z0-9]*\\)\$/\\1 \\2 \\2/p'\''"'
lt_lt_cv_sys_global_symbol_to_c_name_address='"sed -n -e '\''s/^: \\([^ ]*\\) \$/  {\\\"\\1\\\", (lt_ptr) 0},/p'\'' -e '\''s/^[BCDEGRST] \\([^ ]*\\) \\([^ ]*\\)\$/  {\"\\2\", (lt_ptr) \\&\\2},/p'\''"'
lt_lt_cv_sys_global_symbol_to_cdecl='"sed -n -e '\''s/^. .* \\(.*\\)\$/extern int \\1;/p'\''"'

## ----------------- ##
## Output variables. ##
## ----------------- ##

ACLOCAL='${SHELL} /home/josh/Downloads/wso2-wsf-php-src-2.1.0/wsf_c/sandesha2c/missing --run aclocal-1.10'
AMDEPBACKSLASH='\'
AMDEP_FALSE='#'
AMDEP_TRUE=''
AMTAR='${SHELL} /home/josh/Downloads/wso2-wsf-php-src-2.1.0/wsf_c/sandesha2c/missing --run tar'
AR='ar'
AUTOCONF='${SHELL} /home/josh/Downloads/wso2-wsf-php-src-2.1.0/wsf_c/sandesha2c/missing --run autoconf'
AUTOHEADER='${SHELL} /home/josh/Downloads/wso2-wsf-php-src-2.1.0/wsf_c/sandesha2c/missing --run autoheader'
AUTOMAKE='${SHELL} /home/josh/Downloads/wso2-wsf-php-src-2.1.0/wsf_c/sandesha2c/missing --run automake-1.10'
AWK='gawk'
AXIOMINC='-I/home/josh/Downloads/wso2-wsf-php-src-2.1.0/wsf_c/sandesha2c/../axis2c/axiom/include'
AXIS2INC='-I/home/josh/Downloads/wso2-wsf-php-src-2.1.0/wsf_c/sandesha2c/../axis2c/include'
CC='gcc'
CCDEPMODE='depmode=gcc3'
CFLAGS='-g -O2 -D_LARGEFILE64_SOURCE -ansi -Wall  -Wno-implicit-function-declaration -g'
CPP='gcc -E'
CPPFLAGS=''
CXX='g++'
CXXCPP='g++ -E'
CXXDEPMODE='depmode=gcc3'
CXXFLAGS='-g -O2'
CYGPATH_W='echo'
DEFS='-DHAVE_CONFIG_H'
DEPDIR='.deps'
DSYMUTIL=''
ECHO='echo'
ECHO_C=''
ECHO_N='-n'
ECHO_T=''
EGREP='/usr/bin/grep -E'
EXEEXT=''
F77=''
FFLAGS=''
GREP='/usr/bin/grep'
INSTALL_DATA='${INSTALL} -m 644'
INSTALL_PROGRAM='${INSTALL}'
INSTALL_SCRIPT='${INSTALL}'
INSTALL_STRIP_PROGRAM='$(install_sh) -c -s'
LDFLAGS='-lpthread'
LIBOBJS=''
LIBS='-ldl '
LIBTOOL='$(SHELL) $(top_builddir)/libtool'
LN_S='ln -s'
LTLIBOBJS=''
MAKEINFO='${SHELL} /home/josh/Downloads/wso2-wsf-php-src-2.1.0/wsf_c/sandesha2c/missing --run makeinfo'
MKDIR_P='/usr/bin/mkdir -p'
NEETHIINC='-I/home/josh/Downloads/wso2-wsf-php-src-2.1.0/wsf_c/sandesha2c/../axis2c/neethi/include'
NMEDIT=''
OBJEXT='o'
PACKAGE='sandesha2c-src'
PACKAGE_BUGREPORT=''
PACKAGE_NAME='sandesha2c-src'
PACKAGE_STRING='sandesha2c-src 0.91'
PACKAGE_TARNAME='sandesha2c-src'
PACKAGE_VERSION='0.91'
PATH_SEPARATOR=':'
RANLIB='ranlib'
SED='/usr/bin/sed'
SET_MAKE=''
SHELL='/bin/sh'
STRIP='strip'
UTILINC='-I/home/josh/Downloads/wso2-wsf-php-src-2.1.0/wsf_c/sandesha2c/../axis2c/util/include'
VERSION='0.91'
WRAPPER_DIR='guththila'
abs_top_builddir='/home/josh/Downloads/wso2-wsf-php-src-2.1.0/wsf_c/sandesha2c'
ac_ct_CC='gcc'
ac_ct_CXX='g++'
ac_ct_F77=''
am__fastdepCC_FALSE='#'
am__fastdepCC_TRUE=''
am__fastdepCXX_FALSE='#'
am__fastdepCXX_TRUE=''
am__include='include'
am__isrc=''
am__leading_dot='.'
am__quote=''
am__tar='${AMTAR} chof - "$$tardir"'
am__untar='${AMTAR} xf -'
bindir='${exec_prefix}/bin'
build='x86_64-unknown-linux-gnu'
build_alias=''
build_cpu='x86_64'
build_os='linux-gnu'
build_vendor='unknown'
datadir='${datarootdir}'
datarootdir='${prefix}/share'
docdir='${datarootdir}/doc/${PACKAGE_TARNAME}'
dvidir='${docdir}'
exec_prefix='${prefix}'
host='x86_64-unknown-linux-gnu'
host_alias=''
host_cpu='x86_64'
host_os='linux-gnu'
host_vendor='unknown'
htmldir='${docdir}'
includedir='${prefix}/include'
infodir='${datarootdir}/info'
install_sh='$(SHELL) /home/josh/Downloads/wso2-wsf-php-src-2.1.0/wsf_c/sandesha2c/install-sh'
libdir='${exec_prefix}/lib'
libexecdir='${exec_prefix}/libexec'
localedir='${datarootdir}/locale'
localstatedir='${prefix}/var'
mandir='${datarootdir}/man'
mkdir_p='/usr/bin/mkdir -p'
oldincludedir='/usr/include'
pdfdir='${docdir}'
prefix='/usr/lib64/php/modules/wsf_c'
program_transform_name='s,x,x,'
psdir='${docdir}'
sbindir='${exec_prefix}/sbin'
sharedstatedir='${prefix}/com'
sysconfdir='${prefix}/etc'
target='x86_64-unknown-linux-gnu'
target_alias=''
target_cpu='x86_64'
target_os='linux-gnu'
target_vendor='unknown'

## ----------- ##
## confdefs.h. ##
## ----------- ##

#define PACKAGE_NAME "sandesha2c-src"
#define PACKAGE_TARNAME "sandesha2c-src"
#define PACKAGE_VERSION "0.91"
#define PACKAGE_STRING "sandesha2c-src 0.91"
#define PACKAGE_BUGREPORT ""
#define PACKAGE "sandesha2c-src"
#define VERSION "0.91"
#define STDC_HEADERS 1
#define HAVE_SYS_TYPES_H 1
#define HAVE_SYS_STAT_H 1
#define HAVE_STDLIB_H 1
#define HAVE_STRING_H 1
#define HAVE_MEMORY_H 1
#define HAVE_STRINGS_H 1
#define HAVE_INTTYPES_H 1
#define HAVE_STDINT_H 1
#define HAVE_UNISTD_H 1
#define HAVE_DLFCN_H 1
#define HAVE_LIBDL 1
#define STDC_HEADERS 1
#define HAVE_STDIO_H 1
#define HAVE_STDLIB_H 1
#define HAVE_STRING_H 1

configure: exit 0
