This file contains any messages produced by compilers while
running configure, to aid debugging if configure makes a mistake.

It was created by axis2_util-src configure 1.6.0, which was
generated by GNU Autoconf 2.63.  Invocation command line was

  $ ./configure --disable-option-checking --prefix=/usr/lib64/php/modules/wsf_c --cache-file=/dev/null --srcdir=.

## --------- ##
## Platform. ##
## --------- ##

hostname = localhost.localdomain
uname -m = x86_64
uname -r = 3.19.3-200.fc21.x86_64
uname -s = Linux
uname -v = #1 SMP Thu Mar 26 21:39:42 UTC 2015

/usr/bin/uname -p = x86_64
/bin/uname -X     = unknown

/bin/arch              = x86_64
/usr/bin/arch -k       = unknown
/usr/convex/getsysinfo = unknown
/usr/bin/hostinfo      = unknown
/bin/machine           = unknown
/usr/bin/oslevel       = unknown
/bin/universe          = unknown

PATH: /usr/lib64/qt-3.3/bin
PATH: /usr/local/bin
PATH: /usr/local/sbin
PATH: /usr/bin
PATH: /usr/sbin
PATH: /bin
PATH: /sbin
PATH: /usr/local/jdk1.7.0_79/bin
PATH: /usr/local/maven/bin
PATH: /home/josh/projects/go/bin
PATH: /opt/PostgreSQL/9.4/bin
PATH: /usr/local/mybatis-migrations-3.2.0/bin
PATH: /home/josh/.local/bin
PATH: /home/josh/bin


## ----------- ##
## Core tests. ##
## ----------- ##

configure:2100: checking build system type
configure:2118: result: x86_64-unknown-linux-gnu
configure:2140: checking host system type
configure:2155: result: x86_64-unknown-linux-gnu
configure:2177: checking target system type
configure:2192: result: x86_64-unknown-linux-gnu
configure:2238: checking for a BSD-compatible install
configure:2306: result: /usr/bin/install -c
configure:2317: checking whether build environment is sane
configure:2360: result: yes
configure:2385: checking for a thread-safe mkdir -p
configure:2424: result: /usr/bin/mkdir -p
configure:2437: checking for gawk
configure:2453: found /usr/bin/gawk
configure:2464: result: gawk
configure:2475: checking whether make sets $(MAKE)
configure:2497: result: yes
configure:2731: checking for gcc
configure:2747: found /usr/bin/gcc
configure:2758: result: gcc
configure:2990: checking for C compiler version
configure:2998: gcc --version >&5
gcc (GCC) 4.9.2 20150212 (Red Hat 4.9.2-6)
Copyright (C) 2014 Free Software Foundation, Inc.
This is free software; see the source for copying conditions.  There is NO
warranty; not even for MERCHANTABILITY or FITNESS FOR A PARTICULAR PURPOSE.

configure:3002: $? = 0
configure:3009: gcc -v >&5
Using built-in specs.
COLLECT_GCC=gcc
COLLECT_LTO_WRAPPER=/usr/libexec/gcc/x86_64-redhat-linux/4.9.2/lto-wrapper
Target: x86_64-redhat-linux
Configured with: ../configure --prefix=/usr --mandir=/usr/share/man --infodir=/usr/share/info --with-bugurl=http://bugzilla.redhat.com/bugzilla --enable-bootstrap --enable-shared --enable-threads=posix --enable-checking=release --enable-multilib --with-system-zlib --enable-__cxa_atexit --disable-libunwind-exceptions --enable-gnu-unique-object --enable-linker-build-id --with-linker-hash-style=gnu --enable-languages=c,c++,objc,obj-c++,fortran,ada,go,lto --enable-plugin --enable-initfini-array --disable-libgcj --with-isl=/builddir/build/BUILD/gcc-4.9.2-20150212/obj-x86_64-redhat-linux/isl-install --with-cloog=/builddir/build/BUILD/gcc-4.9.2-20150212/obj-x86_64-redhat-linux/cloog-install --enable-gnu-indirect-function --with-tune=generic --with-arch_32=i686 --build=x86_64-redhat-linux
Thread model: posix
gcc version 4.9.2 20150212 (Red Hat 4.9.2-6) (GCC) 
configure:3013: $? = 0
configure:3020: gcc -V >&5
gcc: error: unrecognized command line option '-V'
gcc: fatal error: no input files
compilation terminated.
configure:3024: $? = 4
configure:3047: checking for C compiler default output file name
configure:3069: gcc    conftest.c  >&5
configure:3073: $? = 0
configure:3111: result: a.out
configure:3130: checking whether the C compiler works
configure:3140: ./a.out
configure:3144: $? = 0
configure:3163: result: yes
configure:3170: checking whether we are cross compiling
configure:3172: result: no
configure:3175: checking for suffix of executables
configure:3182: gcc -o conftest    conftest.c  >&5
configure:3186: $? = 0
configure:3212: result: 
configure:3218: checking for suffix of object files
configure:3244: gcc -c   conftest.c >&5
configure:3248: $? = 0
configure:3273: result: o
configure:3277: checking whether we are using the GNU C compiler
configure:3306: gcc -c   conftest.c >&5
configure:3313: $? = 0
configure:3330: result: yes
configure:3339: checking whether gcc accepts -g
configure:3369: gcc -c -g  conftest.c >&5
configure:3376: $? = 0
configure:3477: result: yes
configure:3494: checking for gcc option to accept ISO C89
configure:3568: gcc  -c -g -O2  conftest.c >&5
configure:3575: $? = 0
configure:3598: result: none needed
configure:3627: checking for style of include used by make
configure:3655: result: GNU
configure:3680: checking dependency style of gcc
configure:3771: result: gcc3
configure:3844: checking for g++
configure:3860: found /usr/bin/g++
configure:3871: result: g++
configure:3898: checking for C++ compiler version
configure:3906: g++ --version >&5
g++ (GCC) 4.9.2 20150212 (Red Hat 4.9.2-6)
Copyright (C) 2014 Free Software Foundation, Inc.
This is free software; see the source for copying conditions.  There is NO
warranty; not even for MERCHANTABILITY or FITNESS FOR A PARTICULAR PURPOSE.

configure:3910: $? = 0
configure:3917: g++ -v >&5
Using built-in specs.
COLLECT_GCC=g++
COLLECT_LTO_WRAPPER=/usr/libexec/gcc/x86_64-redhat-linux/4.9.2/lto-wrapper
Target: x86_64-redhat-linux
Configured with: ../configure --prefix=/usr --mandir=/usr/share/man --infodir=/usr/share/info --with-bugurl=http://bugzilla.redhat.com/bugzilla --enable-bootstrap --enable-shared --enable-threads=posix --enable-checking=release --enable-multilib --with-system-zlib --enable-__cxa_atexit --disable-libunwind-exceptions --enable-gnu-unique-object --enable-linker-build-id --with-linker-hash-style=gnu --enable-languages=c,c++,objc,obj-c++,fortran,ada,go,lto --enable-plugin --enable-initfini-array --disable-libgcj --with-isl=/builddir/build/BUILD/gcc-4.9.2-20150212/obj-x86_64-redhat-linux/isl-install --with-cloog=/builddir/build/BUILD/gcc-4.9.2-20150212/obj-x86_64-redhat-linux/cloog-install --enable-gnu-indirect-function --with-tune=generic --with-arch_32=i686 --build=x86_64-redhat-linux
Thread model: posix
gcc version 4.9.2 20150212 (Red Hat 4.9.2-6) (GCC) 
configure:3921: $? = 0
configure:3928: g++ -V >&5
g++: error: unrecognized command line option '-V'
g++: fatal error: no input files
compilation terminated.
configure:3932: $? = 4
configure:3935: checking whether we are using the GNU C++ compiler
configure:3964: g++ -c   conftest.cpp >&5
configure:3971: $? = 0
configure:3988: result: yes
configure:3997: checking whether g++ accepts -g
configure:4027: g++ -c -g  conftest.cpp >&5
configure:4034: $? = 0
configure:4135: result: yes
configure:4160: checking dependency style of g++
configure:4251: result: gcc3
configure:4271: checking how to run the C preprocessor
configure:4311: gcc -E  conftest.c
configure:4318: $? = 0
configure:4349: gcc -E  conftest.c
conftest.c:10:28: fatal error: ac_nonexistent.h: No such file or directory
 #include <ac_nonexistent.h>
                            ^
compilation terminated.
configure:4356: $? = 1
configure: failed program was:
| /* confdefs.h.  */
| #define PACKAGE_NAME "axis2_util-src"
| #define PACKAGE_TARNAME "axis2_util-src"
| #define PACKAGE_VERSION "1.6.0"
| #define PACKAGE_STRING "axis2_util-src 1.6.0"
| #define PACKAGE_BUGREPORT ""
| #define PACKAGE "axis2_util-src"
| #define VERSION "1.6.0"
| /* end confdefs.h.  */
| #include <ac_nonexistent.h>
configure:4389: result: gcc -E
configure:4418: gcc -E  conftest.c
configure:4425: $? = 0
configure:4456: gcc -E  conftest.c
conftest.c:10:28: fatal error: ac_nonexistent.h: No such file or directory
 #include <ac_nonexistent.h>
                            ^
compilation terminated.
configure:4463: $? = 1
configure: failed program was:
| /* confdefs.h.  */
| #define PACKAGE_NAME "axis2_util-src"
| #define PACKAGE_TARNAME "axis2_util-src"
| #define PACKAGE_VERSION "1.6.0"
| #define PACKAGE_STRING "axis2_util-src 1.6.0"
| #define PACKAGE_BUGREPORT ""
| #define PACKAGE "axis2_util-src"
| #define VERSION "1.6.0"
| /* end confdefs.h.  */
| #include <ac_nonexistent.h>
configure:4574: checking for a sed that does not truncate output
configure:4630: result: /usr/bin/sed
configure:4633: checking for grep that handles long lines and -e
configure:4693: result: /usr/bin/grep
configure:4698: checking for egrep
configure:4762: result: /usr/bin/grep -E
configure:4778: checking for ld used by gcc
configure:4845: result: /usr/bin/ld
configure:4854: checking if the linker (/usr/bin/ld) is GNU ld
configure:4869: result: yes
configure:4874: checking for /usr/bin/ld option to reload object files
configure:4881: result: -r
configure:4899: checking for BSD-compatible nm
configure:4948: result: /usr/bin/nm -B
configure:4952: checking whether ln -s works
configure:4956: result: yes
configure:4963: checking how to recognize dependent libraries
configure:5149: result: pass_all
configure:5238: gcc -c -g -O2  conftest.c >&5
configure:5241: $? = 0
configure:5395: checking for ANSI C header files
configure:5425: gcc -c -g -O2  conftest.c >&5
configure:5432: $? = 0
configure:5531: gcc -o conftest -g -O2   conftest.c  >&5
configure:5535: $? = 0
configure:5541: ./conftest
configure:5545: $? = 0
configure:5563: result: yes
configure:5587: checking for sys/types.h
configure:5608: gcc -c -g -O2  conftest.c >&5
configure:5615: $? = 0
configure:5632: result: yes
configure:5587: checking for sys/stat.h
configure:5608: gcc -c -g -O2  conftest.c >&5
configure:5615: $? = 0
configure:5632: result: yes
configure:5587: checking for stdlib.h
configure:5608: gcc -c -g -O2  conftest.c >&5
configure:5615: $? = 0
configure:5632: result: yes
configure:5587: checking for string.h
configure:5608: gcc -c -g -O2  conftest.c >&5
configure:5615: $? = 0
configure:5632: result: yes
configure:5587: checking for memory.h
configure:5608: gcc -c -g -O2  conftest.c >&5
configure:5615: $? = 0
configure:5632: result: yes
configure:5587: checking for strings.h
configure:5608: gcc -c -g -O2  conftest.c >&5
configure:5615: $? = 0
configure:5632: result: yes
configure:5587: checking for inttypes.h
configure:5608: gcc -c -g -O2  conftest.c >&5
configure:5615: $? = 0
configure:5632: result: yes
configure:5587: checking for stdint.h
configure:5608: gcc -c -g -O2  conftest.c >&5
configure:5615: $? = 0
configure:5632: result: yes
configure:5587: checking for unistd.h
configure:5608: gcc -c -g -O2  conftest.c >&5
configure:5615: $? = 0
configure:5632: result: yes
configure:5662: checking dlfcn.h usability
configure:5679: gcc -c -g -O2  conftest.c >&5
configure:5686: $? = 0
configure:5700: result: yes
configure:5704: checking dlfcn.h presence
configure:5719: gcc -E  conftest.c
configure:5726: $? = 0
configure:5740: result: yes
configure:5768: checking for dlfcn.h
configure:5777: result: yes
configure:5802: checking how to run the C++ preprocessor
configure:5838: g++ -E  conftest.cpp
configure:5845: $? = 0
configure:5876: g++ -E  conftest.cpp
conftest.cpp:21:28: fatal error: ac_nonexistent.h: No such file or directory
 #include <ac_nonexistent.h>
                            ^
compilation terminated.
configure:5883: $? = 1
configure: failed program was:
| /* confdefs.h.  */
| #define PACKAGE_NAME "axis2_util-src"
| #define PACKAGE_TARNAME "axis2_util-src"
| #define PACKAGE_VERSION "1.6.0"
| #define PACKAGE_STRING "axis2_util-src 1.6.0"
| #define PACKAGE_BUGREPORT ""
| #define PACKAGE "axis2_util-src"
| #define VERSION "1.6.0"
| #define STDC_HEADERS 1
| #define HAVE_SYS_TYPES_H 1
| #define HAVE_SYS_STAT_H 1
| #define HAVE_STDLIB_H 1
| #define HAVE_STRING_H 1
| #define HAVE_MEMORY_H 1
| #define HAVE_STRINGS_H 1
| #define HAVE_INTTYPES_H 1
| #define HAVE_STDINT_H 1
| #define HAVE_UNISTD_H 1
| #define HAVE_DLFCN_H 1
| /* end confdefs.h.  */
| #include <ac_nonexistent.h>
configure:5916: result: g++ -E
configure:5945: g++ -E  conftest.cpp
configure:5952: $? = 0
configure:5983: g++ -E  conftest.cpp
conftest.cpp:21:28: fatal error: ac_nonexistent.h: No such file or directory
 #include <ac_nonexistent.h>
                            ^
compilation terminated.
configure:5990: $? = 1
configure: failed program was:
| /* confdefs.h.  */
| #define PACKAGE_NAME "axis2_util-src"
| #define PACKAGE_TARNAME "axis2_util-src"
| #define PACKAGE_VERSION "1.6.0"
| #define PACKAGE_STRING "axis2_util-src 1.6.0"
| #define PACKAGE_BUGREPORT ""
| #define PACKAGE "axis2_util-src"
| #define VERSION "1.6.0"
| #define STDC_HEADERS 1
| #define HAVE_SYS_TYPES_H 1
| #define HAVE_SYS_STAT_H 1
| #define HAVE_STDLIB_H 1
| #define HAVE_STRING_H 1
| #define HAVE_MEMORY_H 1
| #define HAVE_STRINGS_H 1
| #define HAVE_INTTYPES_H 1
| #define HAVE_STDINT_H 1
| #define HAVE_UNISTD_H 1
| #define HAVE_DLFCN_H 1
| /* end confdefs.h.  */
| #include <ac_nonexistent.h>
configure:6085: checking for g77
configure:6115: result: no
configure:6085: checking for xlf
configure:6115: result: no
configure:6085: checking for f77
configure:6115: result: no
configure:6085: checking for frt
configure:6115: result: no
configure:6085: checking for pgf77
configure:6115: result: no
configure:6085: checking for cf77
configure:6115: result: no
configure:6085: checking for fort77
configure:6115: result: no
configure:6085: checking for fl32
configure:6115: result: no
configure:6085: checking for af77
configure:6115: result: no
configure:6085: checking for xlf90
configure:6115: result: no
configure:6085: checking for f90
configure:6115: result: no
configure:6085: checking for pgf90
configure:6115: result: no
configure:6085: checking for pghpf
configure:6115: result: no
configure:6085: checking for epcf90
configure:6115: result: no
configure:6085: checking for gfortran
configure:6115: result: no
configure:6085: checking for g95
configure:6115: result: no
configure:6085: checking for xlf95
configure:6115: result: no
configure:6085: checking for f95
configure:6115: result: no
configure:6085: checking for fort
configure:6115: result: no
configure:6085: checking for ifort
configure:6115: result: no
configure:6085: checking for ifc
configure:6115: result: no
configure:6085: checking for efc
configure:6115: result: no
configure:6085: checking for pgf95
configure:6115: result: no
configure:6085: checking for lf95
configure:6115: result: no
configure:6085: checking for ftn
configure:6115: result: no
configure:6138: checking for Fortran 77 compiler version
configure:6146:  --version >&5
./configure: line 6148: --version: command not found
configure:6150: $? = 127
configure:6157:  -v >&5
./configure: line 6159: -v: command not found
configure:6161: $? = 127
configure:6168:  -V >&5
./configure: line 6170: -V: command not found
configure:6172: $? = 127
configure:6180: checking whether we are using the GNU Fortran 77 compiler
configure:6199:  -c  conftest.F >&5
./configure: line 6201: -c: command not found
configure:6206: $? = 127
configure: failed program was:
|       program main
| #ifndef __GNUC__
|        choke me
| #endif
| 
|       end
configure:6223: result: no
configure:6229: checking whether  accepts -g
configure:6246:  -c -g conftest.f >&5
./configure: line 6248: -c: command not found
configure:6253: $? = 127
configure: failed program was:
|       program main
| 
|       end
configure:6269: result: no
configure:6302: checking the maximum length of command line arguments
configure:6414: result: 1572864
configure:6426: checking command to parse /usr/bin/nm -B output from gcc object
configure:6531: gcc -c -g -O2  conftest.c >&5
configure:6534: $? = 0
configure:6538: /usr/bin/nm -B conftest.o \| sed -n -e 's/^.*[ 	]\([ABCDGIRSTW][ABCDGIRSTW]*\)[ 	][ 	]*\([_A-Za-z][_A-Za-z0-9]*\)$/\1 \2 \2/p' \> conftest.nm
configure:6541: $? = 0
configure:6593: gcc -o conftest -g -O2   conftest.c conftstm.o >&5
configure:6596: $? = 0
configure:6634: result: ok
configure:6638: checking for objdir
configure:6653: result: .libs
configure:6745: checking for ar
configure:6761: found /usr/bin/ar
configure:6772: result: ar
configure:6837: checking for ranlib
configure:6853: found /usr/bin/ranlib
configure:6864: result: ranlib
configure:6929: checking for strip
configure:6945: found /usr/bin/strip
configure:6956: result: strip
configure:7546: checking if gcc supports -fno-rtti -fno-exceptions
configure:7564: gcc -c -g -O2  -fno-rtti -fno-exceptions conftest.c >&5
cc1: warning: command line option '-fno-rtti' is valid for C++/ObjC++ but not for C
configure:7568: $? = 0
configure:7581: result: no
configure:7596: checking for gcc option to produce PIC
configure:7828: result: -fPIC
configure:7836: checking if gcc PIC flag -fPIC works
configure:7854: gcc -c -g -O2  -fPIC -DPIC conftest.c >&5
configure:7858: $? = 0
configure:7871: result: yes
configure:7899: checking if gcc static flag -static works
configure:7927: result: no
configure:7937: checking if gcc supports -c -o file.o
configure:7958: gcc -c -g -O2  -o out/conftest2.o conftest.c >&5
configure:7962: $? = 0
configure:7984: result: yes
configure:8010: checking whether the gcc linker (/usr/bin/ld -m elf_x86_64) supports shared libraries
configure:8998: result: yes
configure:9019: checking whether -lc should be explicitly linked in
configure:9024: gcc -c -g -O2  conftest.c >&5
configure:9027: $? = 0
configure:9042: gcc -shared conftest.o  -v -Wl,-soname -Wl,conftest -o conftest 2\>\&1 \| grep  -lc  \>/dev/null 2\>\&1
configure:9045: $? = 0
configure:9057: result: no
configure:9065: checking dynamic linker characteristics
configure:9669: result: GNU/Linux ld.so
configure:9693: checking how to hardcode library paths into programs
configure:9718: result: immediate
configure:9732: checking whether stripping libraries is possible
configure:9737: result: yes
configure:10567: checking if libtool supports shared libraries
configure:10569: result: yes
configure:10572: checking whether to build shared libraries
configure:10593: result: yes
configure:10596: checking whether to build static libraries
configure:10600: result: yes
configure:10694: creating libtool
configure:11287: checking for ld used by g++
configure:11354: result: /usr/bin/ld -m elf_x86_64
configure:11363: checking if the linker (/usr/bin/ld -m elf_x86_64) is GNU ld
configure:11378: result: yes
configure:11429: checking whether the g++ linker (/usr/bin/ld -m elf_x86_64) supports shared libraries
configure:12383: result: yes
configure:12400: g++ -c -g -O2  conftest.cpp >&5
configure:12403: $? = 0
configure:12559: checking for g++ option to produce PIC
configure:12843: result: -fPIC
configure:12851: checking if g++ PIC flag -fPIC works
configure:12869: g++ -c -g -O2  -fPIC -DPIC conftest.cpp >&5
configure:12873: $? = 0
configure:12886: result: yes
configure:12914: checking if g++ static flag -static works
configure:12942: result: no
configure:12952: checking if g++ supports -c -o file.o
configure:12973: g++ -c -g -O2  -o out/conftest2.o conftest.cpp >&5
configure:12977: $? = 0
configure:12999: result: yes
configure:13025: checking whether the g++ linker (/usr/bin/ld -m elf_x86_64) supports shared libraries
configure:13051: result: yes
configure:13118: checking dynamic linker characteristics
configure:13670: result: GNU/Linux ld.so
configure:13694: checking how to hardcode library paths into programs
configure:13719: result: immediate
configure:19974: checking for a BSD-compatible install
configure:20042: result: /usr/bin/install -c
configure:20053: checking whether ln -s works
configure:20057: result: yes
configure:20064: checking whether make sets $(MAKE)
configure:20086: result: yes
configure:20096: checking for ISO C99 varargs macros in C
configure:20123: gcc -c -g -O2  conftest.c >&5
configure:20130: $? = 0
configure:20144: result: yes
configure:20147: checking for GNUC varargs macros
configure:20174: gcc -c -g -O2  conftest.c >&5
configure:20181: $? = 0
configure:20195: result: yes
configure:20214: checking for dlopen in -ldl
configure:20249: gcc -o conftest -g -O2   conftest.c -ldl   >&5
configure:20256: $? = 0
configure:20277: result: yes
configure:20289: checking for inflate in -lz
configure:20324: gcc -o conftest -g -O2   conftest.c -lz  -ldl  >&5
configure:20331: $? = 0
configure:20352: result: yes
configure:20371: checking for ANSI C header files
configure:20539: result: yes
configure:20567: checking stdio.h usability
configure:20584: gcc -c -g -O2 -D_LARGEFILE64_SOURCE -ansi -Wall -Wno-implicit-function-declaration -D_GNU_SOURCE  conftest.c >&5
configure:20591: $? = 0
configure:20605: result: yes
configure:20609: checking stdio.h presence
configure:20624: gcc -E  conftest.c
configure:20631: $? = 0
configure:20645: result: yes
configure:20673: checking for stdio.h
configure:20682: result: yes
configure:20556: checking for stdlib.h
configure:20563: result: yes
configure:20556: checking for string.h
configure:20563: result: yes
configure:20713: checking sys/socket.h usability
configure:20730: gcc -c -g -O2 -D_LARGEFILE64_SOURCE -ansi -Wall -Wno-implicit-function-declaration -D_GNU_SOURCE  conftest.c >&5
configure:20737: $? = 0
configure:20751: result: yes
configure:20755: checking sys/socket.h presence
configure:20770: gcc -E  conftest.c
configure:20777: $? = 0
configure:20791: result: yes
configure:20819: checking for sys/socket.h
configure:20828: result: yes
configure:20847: checking for net/if.h
configure:20880: gcc -c -g -O2 -D_LARGEFILE64_SOURCE -ansi -Wall -Wno-implicit-function-declaration -D_GNU_SOURCE  conftest.c >&5
configure:20887: $? = 0
configure:20904: result: yes
configure:20921: checking for linux/if.h
configure:20946: gcc -c -g -O2 -D_LARGEFILE64_SOURCE -ansi -Wall -Wno-implicit-function-declaration -D_GNU_SOURCE  conftest.c >&5
configure:20953: $? = 0
configure:20970: result: yes
configure:21000: checking net/if_types.h usability
configure:21017: gcc -c -g -O2 -D_LARGEFILE64_SOURCE -ansi -Wall -Wno-implicit-function-declaration -D_GNU_SOURCE  conftest.c >&5
conftest.c:65:26: fatal error: net/if_types.h: No such file or directory
 #include <net/if_types.h>
                          ^
compilation terminated.
configure:21024: $? = 1
configure: failed program was:
| /* confdefs.h.  */
| #define PACKAGE_NAME "axis2_util-src"
| #define PACKAGE_TARNAME "axis2_util-src"
| #define PACKAGE_VERSION "1.6.0"
| #define PACKAGE_STRING "axis2_util-src 1.6.0"
| #define PACKAGE_BUGREPORT ""
| #define PACKAGE "axis2_util-src"
| #define VERSION "1.6.0"
| #define STDC_HEADERS 1
| #define HAVE_SYS_TYPES_H 1
| #define HAVE_SYS_STAT_H 1
| #define HAVE_STDLIB_H 1
| #define HAVE_STRING_H 1
| #define HAVE_MEMORY_H 1
| #define HAVE_STRINGS_H 1
| #define HAVE_INTTYPES_H 1
| #define HAVE_STDINT_H 1
| #define HAVE_UNISTD_H 1
| #define HAVE_DLFCN_H 1
| #define HAVE_ISO_VARARGS 1
| #define HAVE_GNUC_VARARGS 1
| #define HAVE_LIBDL 1
| #define HAVE_LIBZ 1
| #define STDC_HEADERS 1
| #define HAVE_STDIO_H 1
| #define HAVE_STDLIB_H 1
| #define HAVE_STRING_H 1
| #define HAVE_SYS_SOCKET_H 1
| #define HAVE_NET_IF_H 1
| #define HAVE_LINUX_IF_H 1
| /* end confdefs.h.  */
| #include <stdio.h>
| #ifdef HAVE_SYS_TYPES_H
| # include <sys/types.h>
| #endif
| #ifdef HAVE_SYS_STAT_H
| # include <sys/stat.h>
| #endif
| #ifdef STDC_HEADERS
| # include <stdlib.h>
| # include <stddef.h>
| #else
| # ifdef HAVE_STDLIB_H
| #  include <stdlib.h>
| # endif
| #endif
| #ifdef HAVE_STRING_H
| # if !defined STDC_HEADERS && defined HAVE_MEMORY_H
| #  include <memory.h>
| # endif
| # include <string.h>
| #endif
| #ifdef HAVE_STRINGS_H
| # include <strings.h>
| #endif
| #ifdef HAVE_INTTYPES_H
| # include <inttypes.h>
| #endif
| #ifdef HAVE_STDINT_H
| # include <stdint.h>
| #endif
| #ifdef HAVE_UNISTD_H
| # include <unistd.h>
| #endif
| #include <net/if_types.h>
configure:21038: result: no
configure:21042: checking net/if_types.h presence
configure:21057: gcc -E  conftest.c
conftest.c:32:26: fatal error: net/if_types.h: No such file or directory
 #include <net/if_types.h>
                          ^
compilation terminated.
configure:21064: $? = 1
configure: failed program was:
| /* confdefs.h.  */
| #define PACKAGE_NAME "axis2_util-src"
| #define PACKAGE_TARNAME "axis2_util-src"
| #define PACKAGE_VERSION "1.6.0"
| #define PACKAGE_STRING "axis2_util-src 1.6.0"
| #define PACKAGE_BUGREPORT ""
| #define PACKAGE "axis2_util-src"
| #define VERSION "1.6.0"
| #define STDC_HEADERS 1
| #define HAVE_SYS_TYPES_H 1
| #define HAVE_SYS_STAT_H 1
| #define HAVE_STDLIB_H 1
| #define HAVE_STRING_H 1
| #define HAVE_MEMORY_H 1
| #define HAVE_STRINGS_H 1
| #define HAVE_INTTYPES_H 1
| #define HAVE_STDINT_H 1
| #define HAVE_UNISTD_H 1
| #define HAVE_DLFCN_H 1
| #define HAVE_ISO_VARARGS 1
| #define HAVE_GNUC_VARARGS 1
| #define HAVE_LIBDL 1
| #define HAVE_LIBZ 1
| #define STDC_HEADERS 1
| #define HAVE_STDIO_H 1
| #define HAVE_STDLIB_H 1
| #define HAVE_STRING_H 1
| #define HAVE_SYS_SOCKET_H 1
| #define HAVE_NET_IF_H 1
| #define HAVE_LINUX_IF_H 1
| /* end confdefs.h.  */
| #include <net/if_types.h>
configure:21078: result: no
configure:21106: checking for net/if_types.h
configure:21115: result: no
configure:21000: checking net/if_dl.h usability
configure:21017: gcc -c -g -O2 -D_LARGEFILE64_SOURCE -ansi -Wall -Wno-implicit-function-declaration -D_GNU_SOURCE  conftest.c >&5
conftest.c:65:23: fatal error: net/if_dl.h: No such file or directory
 #include <net/if_dl.h>
                       ^
compilation terminated.
configure:21024: $? = 1
configure: failed program was:
| /* confdefs.h.  */
| #define PACKAGE_NAME "axis2_util-src"
| #define PACKAGE_TARNAME "axis2_util-src"
| #define PACKAGE_VERSION "1.6.0"
| #define PACKAGE_STRING "axis2_util-src 1.6.0"
| #define PACKAGE_BUGREPORT ""
| #define PACKAGE "axis2_util-src"
| #define VERSION "1.6.0"
| #define STDC_HEADERS 1
| #define HAVE_SYS_TYPES_H 1
| #define HAVE_SYS_STAT_H 1
| #define HAVE_STDLIB_H 1
| #define HAVE_STRING_H 1
| #define HAVE_MEMORY_H 1
| #define HAVE_STRINGS_H 1
| #define HAVE_INTTYPES_H 1
| #define HAVE_STDINT_H 1
| #define HAVE_UNISTD_H 1
| #define HAVE_DLFCN_H 1
| #define HAVE_ISO_VARARGS 1
| #define HAVE_GNUC_VARARGS 1
| #define HAVE_LIBDL 1
| #define HAVE_LIBZ 1
| #define STDC_HEADERS 1
| #define HAVE_STDIO_H 1
| #define HAVE_STDLIB_H 1
| #define HAVE_STRING_H 1
| #define HAVE_SYS_SOCKET_H 1
| #define HAVE_NET_IF_H 1
| #define HAVE_LINUX_IF_H 1
| /* end confdefs.h.  */
| #include <stdio.h>
| #ifdef HAVE_SYS_TYPES_H
| # include <sys/types.h>
| #endif
| #ifdef HAVE_SYS_STAT_H
| # include <sys/stat.h>
| #endif
| #ifdef STDC_HEADERS
| # include <stdlib.h>
| # include <stddef.h>
| #else
| # ifdef HAVE_STDLIB_H
| #  include <stdlib.h>
| # endif
| #endif
| #ifdef HAVE_STRING_H
| # if !defined STDC_HEADERS && defined HAVE_MEMORY_H
| #  include <memory.h>
| # endif
| # include <string.h>
| #endif
| #ifdef HAVE_STRINGS_H
| # include <strings.h>
| #endif
| #ifdef HAVE_INTTYPES_H
| # include <inttypes.h>
| #endif
| #ifdef HAVE_STDINT_H
| # include <stdint.h>
| #endif
| #ifdef HAVE_UNISTD_H
| # include <unistd.h>
| #endif
| #include <net/if_dl.h>
configure:21038: result: no
configure:21042: checking net/if_dl.h presence
configure:21057: gcc -E  conftest.c
conftest.c:32:23: fatal error: net/if_dl.h: No such file or directory
 #include <net/if_dl.h>
                       ^
compilation terminated.
configure:21064: $? = 1
configure: failed program was:
| /* confdefs.h.  */
| #define PACKAGE_NAME "axis2_util-src"
| #define PACKAGE_TARNAME "axis2_util-src"
| #define PACKAGE_VERSION "1.6.0"
| #define PACKAGE_STRING "axis2_util-src 1.6.0"
| #define PACKAGE_BUGREPORT ""
| #define PACKAGE "axis2_util-src"
| #define VERSION "1.6.0"
| #define STDC_HEADERS 1
| #define HAVE_SYS_TYPES_H 1
| #define HAVE_SYS_STAT_H 1
| #define HAVE_STDLIB_H 1
| #define HAVE_STRING_H 1
| #define HAVE_MEMORY_H 1
| #define HAVE_STRINGS_H 1
| #define HAVE_INTTYPES_H 1
| #define HAVE_STDINT_H 1
| #define HAVE_UNISTD_H 1
| #define HAVE_DLFCN_H 1
| #define HAVE_ISO_VARARGS 1
| #define HAVE_GNUC_VARARGS 1
| #define HAVE_LIBDL 1
| #define HAVE_LIBZ 1
| #define STDC_HEADERS 1
| #define HAVE_STDIO_H 1
| #define HAVE_STDLIB_H 1
| #define HAVE_STRING_H 1
| #define HAVE_SYS_SOCKET_H 1
| #define HAVE_NET_IF_H 1
| #define HAVE_LINUX_IF_H 1
| /* end confdefs.h.  */
| #include <net/if_dl.h>
configure:21078: result: no
configure:21106: checking for net/if_dl.h
configure:21115: result: no
configure:21141: checking sys/appleapiopts.h usability
configure:21158: gcc -c -g -O2 -D_LARGEFILE64_SOURCE -ansi -Wall -Wno-implicit-function-declaration -D_GNU_SOURCE  conftest.c >&5
conftest.c:65:30: fatal error: sys/appleapiopts.h: No such file or directory
 #include <sys/appleapiopts.h>
                              ^
compilation terminated.
configure:21165: $? = 1
configure: failed program was:
| /* confdefs.h.  */
| #define PACKAGE_NAME "axis2_util-src"
| #define PACKAGE_TARNAME "axis2_util-src"
| #define PACKAGE_VERSION "1.6.0"
| #define PACKAGE_STRING "axis2_util-src 1.6.0"
| #define PACKAGE_BUGREPORT ""
| #define PACKAGE "axis2_util-src"
| #define VERSION "1.6.0"
| #define STDC_HEADERS 1
| #define HAVE_SYS_TYPES_H 1
| #define HAVE_SYS_STAT_H 1
| #define HAVE_STDLIB_H 1
| #define HAVE_STRING_H 1
| #define HAVE_MEMORY_H 1
| #define HAVE_STRINGS_H 1
| #define HAVE_INTTYPES_H 1
| #define HAVE_STDINT_H 1
| #define HAVE_UNISTD_H 1
| #define HAVE_DLFCN_H 1
| #define HAVE_ISO_VARARGS 1
| #define HAVE_GNUC_VARARGS 1
| #define HAVE_LIBDL 1
| #define HAVE_LIBZ 1
| #define STDC_HEADERS 1
| #define HAVE_STDIO_H 1
| #define HAVE_STDLIB_H 1
| #define HAVE_STRING_H 1
| #define HAVE_SYS_SOCKET_H 1
| #define HAVE_NET_IF_H 1
| #define HAVE_LINUX_IF_H 1
| /* end confdefs.h.  */
| #include <stdio.h>
| #ifdef HAVE_SYS_TYPES_H
| # include <sys/types.h>
| #endif
| #ifdef HAVE_SYS_STAT_H
| # include <sys/stat.h>
| #endif
| #ifdef STDC_HEADERS
| # include <stdlib.h>
| # include <stddef.h>
| #else
| # ifdef HAVE_STDLIB_H
| #  include <stdlib.h>
| # endif
| #endif
| #ifdef HAVE_STRING_H
| # if !defined STDC_HEADERS && defined HAVE_MEMORY_H
| #  include <memory.h>
| # endif
| # include <string.h>
| #endif
| #ifdef HAVE_STRINGS_H
| # include <strings.h>
| #endif
| #ifdef HAVE_INTTYPES_H
| # include <inttypes.h>
| #endif
| #ifdef HAVE_STDINT_H
| # include <stdint.h>
| #endif
| #ifdef HAVE_UNISTD_H
| # include <unistd.h>
| #endif
| #include <sys/appleapiopts.h>
configure:21179: result: no
configure:21183: checking sys/appleapiopts.h presence
configure:21198: gcc -E  conftest.c
conftest.c:32:30: fatal error: sys/appleapiopts.h: No such file or directory
 #include <sys/appleapiopts.h>
                              ^
compilation terminated.
configure:21205: $? = 1
configure: failed program was:
| /* confdefs.h.  */
| #define PACKAGE_NAME "axis2_util-src"
| #define PACKAGE_TARNAME "axis2_util-src"
| #define PACKAGE_VERSION "1.6.0"
| #define PACKAGE_STRING "axis2_util-src 1.6.0"
| #define PACKAGE_BUGREPORT ""
| #define PACKAGE "axis2_util-src"
| #define VERSION "1.6.0"
| #define STDC_HEADERS 1
| #define HAVE_SYS_TYPES_H 1
| #define HAVE_SYS_STAT_H 1
| #define HAVE_STDLIB_H 1
| #define HAVE_STRING_H 1
| #define HAVE_MEMORY_H 1
| #define HAVE_STRINGS_H 1
| #define HAVE_INTTYPES_H 1
| #define HAVE_STDINT_H 1
| #define HAVE_UNISTD_H 1
| #define HAVE_DLFCN_H 1
| #define HAVE_ISO_VARARGS 1
| #define HAVE_GNUC_VARARGS 1
| #define HAVE_LIBDL 1
| #define HAVE_LIBZ 1
| #define STDC_HEADERS 1
| #define HAVE_STDIO_H 1
| #define HAVE_STDLIB_H 1
| #define HAVE_STRING_H 1
| #define HAVE_SYS_SOCKET_H 1
| #define HAVE_NET_IF_H 1
| #define HAVE_LINUX_IF_H 1
| /* end confdefs.h.  */
| #include <sys/appleapiopts.h>
configure:21219: result: no
configure:21247: checking for sys/appleapiopts.h
configure:21254: result: no
configure:21268: checking for struct lifreq
configure:21296: gcc -c -g -O2 -D_LARGEFILE64_SOURCE -ansi -Wall -Wno-implicit-function-declaration -D_GNU_SOURCE  conftest.c >&5
conftest.c: In function 'main':
conftest.c:68:13: error: invalid application of 'sizeof' to incomplete type 'struct lifreq'
 if (sizeof (struct lifreq))
             ^
configure:21303: $? = 1
configure: failed program was:
| /* confdefs.h.  */
| #define PACKAGE_NAME "axis2_util-src"
| #define PACKAGE_TARNAME "axis2_util-src"
| #define PACKAGE_VERSION "1.6.0"
| #define PACKAGE_STRING "axis2_util-src 1.6.0"
| #define PACKAGE_BUGREPORT ""
| #define PACKAGE "axis2_util-src"
| #define VERSION "1.6.0"
| #define STDC_HEADERS 1
| #define HAVE_SYS_TYPES_H 1
| #define HAVE_SYS_STAT_H 1
| #define HAVE_STDLIB_H 1
| #define HAVE_STRING_H 1
| #define HAVE_MEMORY_H 1
| #define HAVE_STRINGS_H 1
| #define HAVE_INTTYPES_H 1
| #define HAVE_STDINT_H 1
| #define HAVE_UNISTD_H 1
| #define HAVE_DLFCN_H 1
| #define HAVE_ISO_VARARGS 1
| #define HAVE_GNUC_VARARGS 1
| #define HAVE_LIBDL 1
| #define HAVE_LIBZ 1
| #define STDC_HEADERS 1
| #define HAVE_STDIO_H 1
| #define HAVE_STDLIB_H 1
| #define HAVE_STRING_H 1
| #define HAVE_SYS_SOCKET_H 1
| #define HAVE_NET_IF_H 1
| #define HAVE_LINUX_IF_H 1
| /* end confdefs.h.  */
| #include <stdio.h>
| #ifdef HAVE_SYS_TYPES_H
| # include <sys/types.h>
| #endif
| #ifdef HAVE_SYS_STAT_H
| # include <sys/stat.h>
| #endif
| #ifdef STDC_HEADERS
| # include <stdlib.h>
| # include <stddef.h>
| #else
| # ifdef HAVE_STDLIB_H
| #  include <stdlib.h>
| # endif
| #endif
| #ifdef HAVE_STRING_H
| # if !defined STDC_HEADERS && defined HAVE_MEMORY_H
| #  include <memory.h>
| # endif
| # include <string.h>
| #endif
| #ifdef HAVE_STRINGS_H
| # include <strings.h>
| #endif
| #ifdef HAVE_INTTYPES_H
| # include <inttypes.h>
| #endif
| #ifdef HAVE_STDINT_H
| # include <stdint.h>
| #endif
| #ifdef HAVE_UNISTD_H
| # include <unistd.h>
| #endif
| int
| main ()
| {
| if (sizeof (struct lifreq))
|        return 0;
|   ;
|   return 0;
| }
configure:21360: result: no
configure:21371: checking for struct sockaddr_dl
configure:21404: gcc -c -g -O2 -D_LARGEFILE64_SOURCE -ansi -Wall -Wno-implicit-function-declaration -D_GNU_SOURCE  conftest.c >&5
conftest.c: In function 'main':
conftest.c:41:13: error: invalid application of 'sizeof' to incomplete type 'struct sockaddr_dl'
 if (sizeof (struct sockaddr_dl))
             ^
configure:21411: $? = 1
configure: failed program was:
| /* confdefs.h.  */
| #define PACKAGE_NAME "axis2_util-src"
| #define PACKAGE_TARNAME "axis2_util-src"
| #define PACKAGE_VERSION "1.6.0"
| #define PACKAGE_STRING "axis2_util-src 1.6.0"
| #define PACKAGE_BUGREPORT ""
| #define PACKAGE "axis2_util-src"
| #define VERSION "1.6.0"
| #define STDC_HEADERS 1
| #define HAVE_SYS_TYPES_H 1
| #define HAVE_SYS_STAT_H 1
| #define HAVE_STDLIB_H 1
| #define HAVE_STRING_H 1
| #define HAVE_MEMORY_H 1
| #define HAVE_STRINGS_H 1
| #define HAVE_INTTYPES_H 1
| #define HAVE_STDINT_H 1
| #define HAVE_UNISTD_H 1
| #define HAVE_DLFCN_H 1
| #define HAVE_ISO_VARARGS 1
| #define HAVE_GNUC_VARARGS 1
| #define HAVE_LIBDL 1
| #define HAVE_LIBZ 1
| #define STDC_HEADERS 1
| #define HAVE_STDIO_H 1
| #define HAVE_STDLIB_H 1
| #define HAVE_STRING_H 1
| #define HAVE_SYS_SOCKET_H 1
| #define HAVE_NET_IF_H 1
| #define HAVE_LINUX_IF_H 1
| /* end confdefs.h.  */
| 
| #if HAVE_NET_IF_DL_H
| # include <net/if_dl.h>
| #endif
| 
| 
| int
| main ()
| {
| if (sizeof (struct sockaddr_dl))
|        return 0;
|   ;
|   return 0;
| }
configure:21473: result: no
configure:21568: checking whether to build guththila xml parser library
configure:21586: result: no
configure:21593: checking whether to build tests
configure:21611: result: no
configure:21618: checking whether to use archive
configure:21648: result: no
configure:21826: creating ./config.status

## ---------------------- ##
## Running config.status. ##
## ---------------------- ##

This file was extended by axis2_util-src config.status 1.6.0, which was
generated by GNU Autoconf 2.63.  Invocation command line was

  CONFIG_FILES    = 
  CONFIG_HEADERS  = 
  CONFIG_LINKS    = 
  CONFIG_COMMANDS = 
  $ ./config.status 

on localhost.localdomain

config.status:845: creating Makefile
config.status:845: creating src/Makefile
config.status:845: creating src/platforms/unix/Makefile
config.status:845: creating src/minizip/Makefile
config.status:845: creating src/stomp/Makefile
config.status:845: creating include/Makefile
config.status:845: creating test/Makefile
config.status:845: creating test/util/Makefile
config.status:845: creating test/allocator/Makefile
config.status:845: creating test/date_time/Makefile
config.status:845: creating test/duration/Makefile
config.status:845: creating test/link_list/Makefile
config.status:845: creating test/properties/Makefile
config.status:845: creating test/rand/Makefile
config.status:845: creating test/stack/Makefile
config.status:845: creating test/string_util/Makefile
config.status:845: creating test/uri/Makefile
config.status:845: creating test/url/Makefile
config.status:845: creating test/utils/Makefile
config.status:845: creating config.h
config.status:1067: config.h is unchanged
config.status:1119: executing depfiles commands

## ---------------- ##
## Cache variables. ##
## ---------------- ##

ac_cv_build=x86_64-unknown-linux-gnu
ac_cv_c_compiler_gnu=yes
ac_cv_cxx_compiler_gnu=yes
ac_cv_env_CCC_set=
ac_cv_env_CCC_value=
ac_cv_env_CC_set=
ac_cv_env_CC_value=
ac_cv_env_CFLAGS_set=
ac_cv_env_CFLAGS_value=
ac_cv_env_CPPFLAGS_set=
ac_cv_env_CPPFLAGS_value=
ac_cv_env_CPP_set=
ac_cv_env_CPP_value=
ac_cv_env_CXXCPP_set=
ac_cv_env_CXXCPP_value=
ac_cv_env_CXXFLAGS_set=
ac_cv_env_CXXFLAGS_value=
ac_cv_env_CXX_set=
ac_cv_env_CXX_value=
ac_cv_env_F77_set=
ac_cv_env_F77_value=
ac_cv_env_FFLAGS_set=
ac_cv_env_FFLAGS_value=
ac_cv_env_LDFLAGS_set=
ac_cv_env_LDFLAGS_value=
ac_cv_env_LIBS_set=
ac_cv_env_LIBS_value=
ac_cv_env_build_alias_set=
ac_cv_env_build_alias_value=
ac_cv_env_host_alias_set=
ac_cv_env_host_alias_value=
ac_cv_env_target_alias_set=
ac_cv_env_target_alias_value=
ac_cv_f77_compiler_gnu=no
ac_cv_header_dlfcn_h=yes
ac_cv_header_inttypes_h=yes
ac_cv_header_linux_if_h=yes
ac_cv_header_memory_h=yes
ac_cv_header_net_if_dl_h=no
ac_cv_header_net_if_h=yes
ac_cv_header_net_if_types_h=no
ac_cv_header_stdc=yes
ac_cv_header_stdint_h=yes
ac_cv_header_stdio_h=yes
ac_cv_header_stdlib_h=yes
ac_cv_header_string_h=yes
ac_cv_header_strings_h=yes
ac_cv_header_sys_appleapiopts_h=no
ac_cv_header_sys_socket_h=yes
ac_cv_header_sys_stat_h=yes
ac_cv_header_sys_types_h=yes
ac_cv_header_unistd_h=yes
ac_cv_host=x86_64-unknown-linux-gnu
ac_cv_lib_dl_dlopen=yes
ac_cv_lib_z_inflate=yes
ac_cv_objext=o
ac_cv_path_EGREP='/usr/bin/grep -E'
ac_cv_path_GREP=/usr/bin/grep
ac_cv_path_install='/usr/bin/install -c'
ac_cv_path_mkdir=/usr/bin/mkdir
ac_cv_prog_AWK=gawk
ac_cv_prog_CPP='gcc -E'
ac_cv_prog_CXXCPP='g++ -E'
ac_cv_prog_ac_ct_AR=ar
ac_cv_prog_ac_ct_CC=gcc
ac_cv_prog_ac_ct_CXX=g++
ac_cv_prog_ac_ct_RANLIB=ranlib
ac_cv_prog_ac_ct_STRIP=strip
ac_cv_prog_cc_c89=
ac_cv_prog_cc_g=yes
ac_cv_prog_cxx_g=yes
ac_cv_prog_f77_g=no
ac_cv_prog_make_make_set=yes
ac_cv_target=x86_64-unknown-linux-gnu
ac_cv_type_struct_lifreq=no
ac_cv_type_struct_sockaddr_dl=no
am_cv_CC_dependencies_compiler_type=gcc3
am_cv_CXX_dependencies_compiler_type=gcc3
lt_cv_deplibs_check_method=pass_all
lt_cv_file_magic_cmd='$MAGIC_CMD'
lt_cv_file_magic_test_file=
lt_cv_ld_reload_flag=-r
lt_cv_objdir=.libs
lt_cv_path_LD=/usr/bin/ld
lt_cv_path_LDCXX='/usr/bin/ld -m elf_x86_64'
lt_cv_path_NM='/usr/bin/nm -B'
lt_cv_path_SED=/usr/bin/sed
lt_cv_prog_compiler_c_o=yes
lt_cv_prog_compiler_c_o_CXX=yes
lt_cv_prog_compiler_pic_works=yes
lt_cv_prog_compiler_pic_works_CXX=yes
lt_cv_prog_compiler_rtti_exceptions=no
lt_cv_prog_compiler_static_works=no
lt_cv_prog_compiler_static_works_CXX=no
lt_cv_prog_gnu_ld=yes
lt_cv_prog_gnu_ldcxx=yes
lt_cv_sys_global_symbol_pipe='sed -n -e '\''s/^.*[ 	]\([ABCDGIRSTW][ABCDGIRSTW]*\)[ 	][ 	]*\([_A-Za-z][_A-Za-z0-9]*\)$/\1 \2 \2/p'\'''
lt_cv_sys_global_symbol_to_c_name_address='sed -n -e '\''s/^: \([^ ]*\) $/  {\"\1\", (lt_ptr) 0},/p'\'' -e '\''s/^[BCDEGRST] \([^ ]*\) \([^ ]*\)$/  {"\2", (lt_ptr) \&\2},/p'\'''
lt_cv_sys_global_symbol_to_cdecl='sed -n -e '\''s/^. .* \(.*\)$/extern int \1;/p'\'''
lt_cv_sys_lib_dlsearch_path_spec='/usr/lib64 /lib64 /usr/lib64/atlas /usr/lib64/iscsi /usr/lib64/llvm /usr/lib64/mysql /usr/lib64/qt-3.3/lib '
lt_cv_sys_lib_search_path_spec='/usr/lib64 /lib64 /usr/local/lib64'
lt_cv_sys_max_cmd_len=1572864
lt_lt_cv_prog_compiler_c_o='"yes"'
lt_lt_cv_prog_compiler_c_o_CXX='"yes"'
lt_lt_cv_sys_global_symbol_pipe='"sed -n -e '\''s/^.*[ 	]\\([ABCDGIRSTW][ABCDGIRSTW]*\\)[ 	][ 	]*\\([_A-Za-z][_A-Za-z0-9]*\\)\$/\\1 \\2 \\2/p'\''"'
lt_lt_cv_sys_global_symbol_to_c_name_address='"sed -n -e '\''s/^: \\([^ ]*\\) \$/  {\\\"\\1\\\", (lt_ptr) 0},/p'\'' -e '\''s/^[BCDEGRST] \\([^ ]*\\) \\([^ ]*\\)\$/  {\"\\2\", (lt_ptr) \\&\\2},/p'\''"'
lt_lt_cv_sys_global_symbol_to_cdecl='"sed -n -e '\''s/^. .* \\(.*\\)\$/extern int \\1;/p'\''"'

## ----------------- ##
## Output variables. ##
## ----------------- ##

ACLOCAL='${SHELL} /home/josh/Downloads/wso2-wsf-php-src-2.1.0/wsf_c/axis2c/util/missing --run aclocal-1.10'
AMDEPBACKSLASH='\'
AMDEP_FALSE='#'
AMDEP_TRUE=''
AMTAR='${SHELL} /home/josh/Downloads/wso2-wsf-php-src-2.1.0/wsf_c/axis2c/util/missing --run tar'
AR='ar'
AUTOCONF='${SHELL} /home/josh/Downloads/wso2-wsf-php-src-2.1.0/wsf_c/axis2c/util/missing --run autoconf'
AUTOHEADER='${SHELL} /home/josh/Downloads/wso2-wsf-php-src-2.1.0/wsf_c/axis2c/util/missing --run autoheader'
AUTOMAKE='${SHELL} /home/josh/Downloads/wso2-wsf-php-src-2.1.0/wsf_c/axis2c/util/missing --run automake-1.10'
AWK='gawk'
CC='gcc'
CCDEPMODE='depmode=gcc3'
CFLAGS='-g -O2 -D_LARGEFILE64_SOURCE -ansi -Wall -Wno-implicit-function-declaration -D_GNU_SOURCE '
CPP='gcc -E'
CPPFLAGS=''
CXX='g++'
CXXCPP='g++ -E'
CXXDEPMODE='depmode=gcc3'
CXXFLAGS='-g -O2'
CYGPATH_W='echo'
DEFS='-DHAVE_CONFIG_H'
DEPDIR='.deps'
DSYMUTIL=''
ECHO='echo'
ECHO_C=''
ECHO_N='-n'
ECHO_T=''
EGREP='/usr/bin/grep -E'
EXEEXT=''
F77=''
FFLAGS=''
GREP='/usr/bin/grep'
GUTHTHILA_DIR=''
GUTHTHILA_LIBS=''
HOST_OS_CYGWIN_FALSE=''
HOST_OS_CYGWIN_TRUE='#'
HOST_OS_DARWIN_FALSE=''
HOST_OS_DARWIN_TRUE='#'
HOST_OS_SOLARIS_FALSE=''
HOST_OS_SOLARIS_TRUE='#'
INSTALL_DATA='${INSTALL} -m 644'
INSTALL_PROGRAM='${INSTALL}'
INSTALL_SCRIPT='${INSTALL}'
INSTALL_STRIP_PROGRAM='$(install_sh) -c -s'
LDFLAGS=' -lpthread'
LIBOBJS=''
LIBS='-lz -ldl '
LIBTOOL='$(SHELL) $(top_builddir)/libtool'
LN_S='ln -s'
LTLIBOBJS=''
MAKEINFO='${SHELL} /home/josh/Downloads/wso2-wsf-php-src-2.1.0/wsf_c/axis2c/util/missing --run makeinfo'
MKDIR_P='/usr/bin/mkdir -p'
NMEDIT=''
NO_UNDEFINED_FALSE=''
NO_UNDEFINED_TRUE='#'
OBJEXT='o'
PACKAGE='axis2_util-src'
PACKAGE_BUGREPORT=''
PACKAGE_NAME='axis2_util-src'
PACKAGE_STRING='axis2_util-src 1.6.0'
PACKAGE_TARNAME='axis2_util-src'
PACKAGE_VERSION='1.6.0'
PATH_SEPARATOR=':'
RANLIB='ranlib'
SED='/usr/bin/sed'
SET_MAKE=''
SHELL='/bin/sh'
STRIP='strip'
TESTDIR=''
UTILINC=''
VERSION='1.6.0'
VERSION_NO='4:0:4'
ZLIBBUILD=''
ZLIBINC=''
ZLIBLIBS=''
ac_ct_CC='gcc'
ac_ct_CXX='g++'
ac_ct_F77=''
am__fastdepCC_FALSE='#'
am__fastdepCC_TRUE=''
am__fastdepCXX_FALSE='#'
am__fastdepCXX_TRUE=''
am__include='include'
am__isrc=''
am__leading_dot='.'
am__quote=''
am__tar='${AMTAR} chof - "$$tardir"'
am__untar='${AMTAR} xf -'
bindir='${exec_prefix}/bin'
build='x86_64-unknown-linux-gnu'
build_alias=''
build_cpu='x86_64'
build_os='linux-gnu'
build_vendor='unknown'
datadir='${datarootdir}'
datarootdir='${prefix}/share'
docdir='${datarootdir}/doc/${PACKAGE_TARNAME}'
dvidir='${docdir}'
exec_prefix='${prefix}'
host='x86_64-unknown-linux-gnu'
host_alias=''
host_cpu='x86_64'
host_os='linux-gnu'
host_vendor='unknown'
htmldir='${docdir}'
includedir='${prefix}/include'
infodir='${datarootdir}/info'
install_sh='$(SHELL) /home/josh/Downloads/wso2-wsf-php-src-2.1.0/wsf_c/axis2c/util/install-sh'
libdir='${exec_prefix}/lib'
libexecdir='${exec_prefix}/libexec'
localedir='${datarootdir}/locale'
localstatedir='${prefix}/var'
mandir='${datarootdir}/man'
mkdir_p='/usr/bin/mkdir -p'
oldincludedir='/usr/include'
pdfdir='${docdir}'
prefix='/usr/lib64/php/modules/wsf_c'
program_transform_name='s,x,x,'
psdir='${docdir}'
sbindir='${exec_prefix}/sbin'
sharedstatedir='${prefix}/com'
sysconfdir='${prefix}/etc'
target='x86_64-unknown-linux-gnu'
target_alias=''
target_cpu='x86_64'
target_os='linux-gnu'
target_vendor='unknown'

## ----------- ##
## confdefs.h. ##
## ----------- ##

#define PACKAGE_NAME "axis2_util-src"
#define PACKAGE_TARNAME "axis2_util-src"
#define PACKAGE_VERSION "1.6.0"
#define PACKAGE_STRING "axis2_util-src 1.6.0"
#define PACKAGE_BUGREPORT ""
#define PACKAGE "axis2_util-src"
#define VERSION "1.6.0"
#define STDC_HEADERS 1
#define HAVE_SYS_TYPES_H 1
#define HAVE_SYS_STAT_H 1
#define HAVE_STDLIB_H 1
#define HAVE_STRING_H 1
#define HAVE_MEMORY_H 1
#define HAVE_STRINGS_H 1
#define HAVE_INTTYPES_H 1
#define HAVE_STDINT_H 1
#define HAVE_UNISTD_H 1
#define HAVE_DLFCN_H 1
#define HAVE_ISO_VARARGS 1
#define HAVE_GNUC_VARARGS 1
#define HAVE_LIBDL 1
#define HAVE_LIBZ 1
#define STDC_HEADERS 1
#define HAVE_STDIO_H 1
#define HAVE_STDLIB_H 1
#define HAVE_STRING_H 1
#define HAVE_SYS_SOCKET_H 1
#define HAVE_NET_IF_H 1
#define HAVE_LINUX_IF_H 1

configure: exit 0
