This file contains any messages produced by compilers while
running configure, to aid debugging if configure makes a mistake.

It was created by rampartc-src configure 1.3.0, which was
generated by GNU Autoconf 2.63.  Invocation command line was

  $ ./configure --disable-option-checking --prefix=/usr/lib64/php/modules/wsf_c --cache-file=/dev/null --srcdir=.

## --------- ##
## Platform. ##
## --------- ##

hostname = localhost.localdomain
uname -m = x86_64
uname -r = 3.19.3-200.fc21.x86_64
uname -s = Linux
uname -v = #1 SMP Thu Mar 26 21:39:42 UTC 2015

/usr/bin/uname -p = x86_64
/bin/uname -X     = unknown

/bin/arch              = x86_64
/usr/bin/arch -k       = unknown
/usr/convex/getsysinfo = unknown
/usr/bin/hostinfo      = unknown
/bin/machine           = unknown
/usr/bin/oslevel       = unknown
/bin/universe          = unknown

PATH: /usr/lib64/qt-3.3/bin
PATH: /usr/local/bin
PATH: /usr/local/sbin
PATH: /usr/bin
PATH: /usr/sbin
PATH: /bin
PATH: /sbin
PATH: /usr/local/jdk1.7.0_79/bin
PATH: /usr/local/maven/bin
PATH: /home/josh/projects/go/bin
PATH: /opt/PostgreSQL/9.4/bin
PATH: /usr/local/mybatis-migrations-3.2.0/bin
PATH: /home/josh/.local/bin
PATH: /home/josh/bin


## ----------- ##
## Core tests. ##
## ----------- ##

configure:2089: checking build system type
configure:2107: result: x86_64-unknown-linux-gnu
configure:2129: checking host system type
configure:2144: result: x86_64-unknown-linux-gnu
configure:2166: checking target system type
configure:2181: result: x86_64-unknown-linux-gnu
configure:2227: checking for a BSD-compatible install
configure:2295: result: /usr/bin/install -c
configure:2306: checking whether build environment is sane
configure:2349: result: yes
configure:2374: checking for a thread-safe mkdir -p
configure:2413: result: /usr/bin/mkdir -p
configure:2426: checking for gawk
configure:2442: found /usr/bin/gawk
configure:2453: result: gawk
configure:2464: checking whether make sets $(MAKE)
configure:2486: result: yes
configure:2665: checking how to create a ustar tar archive
configure:2678: tar --version
tar (GNU tar) 1.27.1
Copyright (C) 2013 Free Software Foundation, Inc.
License GPLv3+: GNU GPL version 3 or later <http://gnu.org/licenses/gpl.html>.
This is free software: you are free to change and redistribute it.
There is NO WARRANTY, to the extent permitted by law.

Written by John Gilmore and Jay Fenlason.
configure:2681: $? = 0
configure:2721: tardir=conftest.dir && eval tar --format=ustar -chf - "$tardir" >conftest.tar
configure:2724: $? = 0
configure:2728: tar -xf - <conftest.tar
configure:2731: $? = 0
configure:2744: result: gnutar
configure:2801: checking for gcc
configure:2817: found /usr/bin/gcc
configure:2828: result: gcc
configure:3060: checking for C compiler version
configure:3068: gcc --version >&5
gcc (GCC) 4.9.2 20150212 (Red Hat 4.9.2-6)
Copyright (C) 2014 Free Software Foundation, Inc.
This is free software; see the source for copying conditions.  There is NO
warranty; not even for MERCHANTABILITY or FITNESS FOR A PARTICULAR PURPOSE.

configure:3072: $? = 0
configure:3079: gcc -v >&5
Using built-in specs.
COLLECT_GCC=gcc
COLLECT_LTO_WRAPPER=/usr/libexec/gcc/x86_64-redhat-linux/4.9.2/lto-wrapper
Target: x86_64-redhat-linux
Configured with: ../configure --prefix=/usr --mandir=/usr/share/man --infodir=/usr/share/info --with-bugurl=http://bugzilla.redhat.com/bugzilla --enable-bootstrap --enable-shared --enable-threads=posix --enable-checking=release --enable-multilib --with-system-zlib --enable-__cxa_atexit --disable-libunwind-exceptions --enable-gnu-unique-object --enable-linker-build-id --with-linker-hash-style=gnu --enable-languages=c,c++,objc,obj-c++,fortran,ada,go,lto --enable-plugin --enable-initfini-array --disable-libgcj --with-isl=/builddir/build/BUILD/gcc-4.9.2-20150212/obj-x86_64-redhat-linux/isl-install --with-cloog=/builddir/build/BUILD/gcc-4.9.2-20150212/obj-x86_64-redhat-linux/cloog-install --enable-gnu-indirect-function --with-tune=generic --with-arch_32=i686 --build=x86_64-redhat-linux
Thread model: posix
gcc version 4.9.2 20150212 (Red Hat 4.9.2-6) (GCC) 
configure:3083: $? = 0
configure:3090: gcc -V >&5
gcc: error: unrecognized command line option '-V'
gcc: fatal error: no input files
compilation terminated.
configure:3094: $? = 4
configure:3117: checking for C compiler default output file name
configure:3139: gcc    conftest.c  >&5
configure:3143: $? = 0
configure:3181: result: a.out
configure:3200: checking whether the C compiler works
configure:3210: ./a.out
configure:3214: $? = 0
configure:3233: result: yes
configure:3240: checking whether we are cross compiling
configure:3242: result: no
configure:3245: checking for suffix of executables
configure:3252: gcc -o conftest    conftest.c  >&5
configure:3256: $? = 0
configure:3282: result: 
configure:3288: checking for suffix of object files
configure:3314: gcc -c   conftest.c >&5
configure:3318: $? = 0
configure:3343: result: o
configure:3347: checking whether we are using the GNU C compiler
configure:3376: gcc -c   conftest.c >&5
configure:3383: $? = 0
configure:3400: result: yes
configure:3409: checking whether gcc accepts -g
configure:3439: gcc -c -g  conftest.c >&5
configure:3446: $? = 0
configure:3547: result: yes
configure:3564: checking for gcc option to accept ISO C89
configure:3638: gcc  -c -g -O2  conftest.c >&5
configure:3645: $? = 0
configure:3668: result: none needed
configure:3697: checking for style of include used by make
configure:3725: result: GNU
configure:3750: checking dependency style of gcc
configure:3841: result: gcc3
configure:3914: checking for g++
configure:3930: found /usr/bin/g++
configure:3941: result: g++
configure:3968: checking for C++ compiler version
configure:3976: g++ --version >&5
g++ (GCC) 4.9.2 20150212 (Red Hat 4.9.2-6)
Copyright (C) 2014 Free Software Foundation, Inc.
This is free software; see the source for copying conditions.  There is NO
warranty; not even for MERCHANTABILITY or FITNESS FOR A PARTICULAR PURPOSE.

configure:3980: $? = 0
configure:3987: g++ -v >&5
Using built-in specs.
COLLECT_GCC=g++
COLLECT_LTO_WRAPPER=/usr/libexec/gcc/x86_64-redhat-linux/4.9.2/lto-wrapper
Target: x86_64-redhat-linux
Configured with: ../configure --prefix=/usr --mandir=/usr/share/man --infodir=/usr/share/info --with-bugurl=http://bugzilla.redhat.com/bugzilla --enable-bootstrap --enable-shared --enable-threads=posix --enable-checking=release --enable-multilib --with-system-zlib --enable-__cxa_atexit --disable-libunwind-exceptions --enable-gnu-unique-object --enable-linker-build-id --with-linker-hash-style=gnu --enable-languages=c,c++,objc,obj-c++,fortran,ada,go,lto --enable-plugin --enable-initfini-array --disable-libgcj --with-isl=/builddir/build/BUILD/gcc-4.9.2-20150212/obj-x86_64-redhat-linux/isl-install --with-cloog=/builddir/build/BUILD/gcc-4.9.2-20150212/obj-x86_64-redhat-linux/cloog-install --enable-gnu-indirect-function --with-tune=generic --with-arch_32=i686 --build=x86_64-redhat-linux
Thread model: posix
gcc version 4.9.2 20150212 (Red Hat 4.9.2-6) (GCC) 
configure:3991: $? = 0
configure:3998: g++ -V >&5
g++: error: unrecognized command line option '-V'
g++: fatal error: no input files
compilation terminated.
configure:4002: $? = 4
configure:4005: checking whether we are using the GNU C++ compiler
configure:4034: g++ -c   conftest.cpp >&5
configure:4041: $? = 0
configure:4058: result: yes
configure:4067: checking whether g++ accepts -g
configure:4097: g++ -c -g  conftest.cpp >&5
configure:4104: $? = 0
configure:4205: result: yes
configure:4230: checking dependency style of g++
configure:4321: result: gcc3
configure:4341: checking how to run the C preprocessor
configure:4381: gcc -E  conftest.c
configure:4388: $? = 0
configure:4419: gcc -E  conftest.c
conftest.c:10:28: fatal error: ac_nonexistent.h: No such file or directory
 #include <ac_nonexistent.h>
                            ^
compilation terminated.
configure:4426: $? = 1
configure: failed program was:
| /* confdefs.h.  */
| #define PACKAGE_NAME "rampartc-src"
| #define PACKAGE_TARNAME "rampartc-src"
| #define PACKAGE_VERSION "1.3.0"
| #define PACKAGE_STRING "rampartc-src 1.3.0"
| #define PACKAGE_BUGREPORT ""
| #define PACKAGE "rampartc-src"
| #define VERSION "1.3.0"
| /* end confdefs.h.  */
| #include <ac_nonexistent.h>
configure:4459: result: gcc -E
configure:4488: gcc -E  conftest.c
configure:4495: $? = 0
configure:4526: gcc -E  conftest.c
conftest.c:10:28: fatal error: ac_nonexistent.h: No such file or directory
 #include <ac_nonexistent.h>
                            ^
compilation terminated.
configure:4533: $? = 1
configure: failed program was:
| /* confdefs.h.  */
| #define PACKAGE_NAME "rampartc-src"
| #define PACKAGE_TARNAME "rampartc-src"
| #define PACKAGE_VERSION "1.3.0"
| #define PACKAGE_STRING "rampartc-src 1.3.0"
| #define PACKAGE_BUGREPORT ""
| #define PACKAGE "rampartc-src"
| #define VERSION "1.3.0"
| /* end confdefs.h.  */
| #include <ac_nonexistent.h>
configure:4644: checking for a sed that does not truncate output
configure:4700: result: /usr/bin/sed
configure:4703: checking for grep that handles long lines and -e
configure:4763: result: /usr/bin/grep
configure:4768: checking for egrep
configure:4832: result: /usr/bin/grep -E
configure:4848: checking for ld used by gcc
configure:4915: result: /usr/bin/ld
configure:4924: checking if the linker (/usr/bin/ld) is GNU ld
configure:4939: result: yes
configure:4944: checking for /usr/bin/ld option to reload object files
configure:4951: result: -r
configure:4969: checking for BSD-compatible nm
configure:5018: result: /usr/bin/nm -B
configure:5022: checking whether ln -s works
configure:5026: result: yes
configure:5033: checking how to recognize dependent libraries
configure:5219: result: pass_all
configure:5308: gcc -c -g -O2  conftest.c >&5
configure:5311: $? = 0
configure:5465: checking for ANSI C header files
configure:5495: gcc -c -g -O2  conftest.c >&5
configure:5502: $? = 0
configure:5601: gcc -o conftest -g -O2   conftest.c  >&5
configure:5605: $? = 0
configure:5611: ./conftest
configure:5615: $? = 0
configure:5633: result: yes
configure:5657: checking for sys/types.h
configure:5678: gcc -c -g -O2  conftest.c >&5
configure:5685: $? = 0
configure:5702: result: yes
configure:5657: checking for sys/stat.h
configure:5678: gcc -c -g -O2  conftest.c >&5
configure:5685: $? = 0
configure:5702: result: yes
configure:5657: checking for stdlib.h
configure:5678: gcc -c -g -O2  conftest.c >&5
configure:5685: $? = 0
configure:5702: result: yes
configure:5657: checking for string.h
configure:5678: gcc -c -g -O2  conftest.c >&5
configure:5685: $? = 0
configure:5702: result: yes
configure:5657: checking for memory.h
configure:5678: gcc -c -g -O2  conftest.c >&5
configure:5685: $? = 0
configure:5702: result: yes
configure:5657: checking for strings.h
configure:5678: gcc -c -g -O2  conftest.c >&5
configure:5685: $? = 0
configure:5702: result: yes
configure:5657: checking for inttypes.h
configure:5678: gcc -c -g -O2  conftest.c >&5
configure:5685: $? = 0
configure:5702: result: yes
configure:5657: checking for stdint.h
configure:5678: gcc -c -g -O2  conftest.c >&5
configure:5685: $? = 0
configure:5702: result: yes
configure:5657: checking for unistd.h
configure:5678: gcc -c -g -O2  conftest.c >&5
configure:5685: $? = 0
configure:5702: result: yes
configure:5732: checking dlfcn.h usability
configure:5749: gcc -c -g -O2  conftest.c >&5
configure:5756: $? = 0
configure:5770: result: yes
configure:5774: checking dlfcn.h presence
configure:5789: gcc -E  conftest.c
configure:5796: $? = 0
configure:5810: result: yes
configure:5838: checking for dlfcn.h
configure:5847: result: yes
configure:5872: checking how to run the C++ preprocessor
configure:5908: g++ -E  conftest.cpp
configure:5915: $? = 0
configure:5946: g++ -E  conftest.cpp
conftest.cpp:21:28: fatal error: ac_nonexistent.h: No such file or directory
 #include <ac_nonexistent.h>
                            ^
compilation terminated.
configure:5953: $? = 1
configure: failed program was:
| /* confdefs.h.  */
| #define PACKAGE_NAME "rampartc-src"
| #define PACKAGE_TARNAME "rampartc-src"
| #define PACKAGE_VERSION "1.3.0"
| #define PACKAGE_STRING "rampartc-src 1.3.0"
| #define PACKAGE_BUGREPORT ""
| #define PACKAGE "rampartc-src"
| #define VERSION "1.3.0"
| #define STDC_HEADERS 1
| #define HAVE_SYS_TYPES_H 1
| #define HAVE_SYS_STAT_H 1
| #define HAVE_STDLIB_H 1
| #define HAVE_STRING_H 1
| #define HAVE_MEMORY_H 1
| #define HAVE_STRINGS_H 1
| #define HAVE_INTTYPES_H 1
| #define HAVE_STDINT_H 1
| #define HAVE_UNISTD_H 1
| #define HAVE_DLFCN_H 1
| /* end confdefs.h.  */
| #include <ac_nonexistent.h>
configure:5986: result: g++ -E
configure:6015: g++ -E  conftest.cpp
configure:6022: $? = 0
configure:6053: g++ -E  conftest.cpp
conftest.cpp:21:28: fatal error: ac_nonexistent.h: No such file or directory
 #include <ac_nonexistent.h>
                            ^
compilation terminated.
configure:6060: $? = 1
configure: failed program was:
| /* confdefs.h.  */
| #define PACKAGE_NAME "rampartc-src"
| #define PACKAGE_TARNAME "rampartc-src"
| #define PACKAGE_VERSION "1.3.0"
| #define PACKAGE_STRING "rampartc-src 1.3.0"
| #define PACKAGE_BUGREPORT ""
| #define PACKAGE "rampartc-src"
| #define VERSION "1.3.0"
| #define STDC_HEADERS 1
| #define HAVE_SYS_TYPES_H 1
| #define HAVE_SYS_STAT_H 1
| #define HAVE_STDLIB_H 1
| #define HAVE_STRING_H 1
| #define HAVE_MEMORY_H 1
| #define HAVE_STRINGS_H 1
| #define HAVE_INTTYPES_H 1
| #define HAVE_STDINT_H 1
| #define HAVE_UNISTD_H 1
| #define HAVE_DLFCN_H 1
| /* end confdefs.h.  */
| #include <ac_nonexistent.h>
configure:6155: checking for g77
configure:6185: result: no
configure:6155: checking for xlf
configure:6185: result: no
configure:6155: checking for f77
configure:6185: result: no
configure:6155: checking for frt
configure:6185: result: no
configure:6155: checking for pgf77
configure:6185: result: no
configure:6155: checking for cf77
configure:6185: result: no
configure:6155: checking for fort77
configure:6185: result: no
configure:6155: checking for fl32
configure:6185: result: no
configure:6155: checking for af77
configure:6185: result: no
configure:6155: checking for xlf90
configure:6185: result: no
configure:6155: checking for f90
configure:6185: result: no
configure:6155: checking for pgf90
configure:6185: result: no
configure:6155: checking for pghpf
configure:6185: result: no
configure:6155: checking for epcf90
configure:6185: result: no
configure:6155: checking for gfortran
configure:6185: result: no
configure:6155: checking for g95
configure:6185: result: no
configure:6155: checking for xlf95
configure:6185: result: no
configure:6155: checking for f95
configure:6185: result: no
configure:6155: checking for fort
configure:6185: result: no
configure:6155: checking for ifort
configure:6185: result: no
configure:6155: checking for ifc
configure:6185: result: no
configure:6155: checking for efc
configure:6185: result: no
configure:6155: checking for pgf95
configure:6185: result: no
configure:6155: checking for lf95
configure:6185: result: no
configure:6155: checking for ftn
configure:6185: result: no
configure:6208: checking for Fortran 77 compiler version
configure:6216:  --version >&5
./configure: line 6218: --version: command not found
configure:6220: $? = 127
configure:6227:  -v >&5
./configure: line 6229: -v: command not found
configure:6231: $? = 127
configure:6238:  -V >&5
./configure: line 6240: -V: command not found
configure:6242: $? = 127
configure:6250: checking whether we are using the GNU Fortran 77 compiler
configure:6269:  -c  conftest.F >&5
./configure: line 6271: -c: command not found
configure:6276: $? = 127
configure: failed program was:
|       program main
| #ifndef __GNUC__
|        choke me
| #endif
| 
|       end
configure:6293: result: no
configure:6299: checking whether  accepts -g
configure:6316:  -c -g conftest.f >&5
./configure: line 6318: -c: command not found
configure:6323: $? = 127
configure: failed program was:
|       program main
| 
|       end
configure:6339: result: no
configure:6372: checking the maximum length of command line arguments
configure:6484: result: 1572864
configure:6496: checking command to parse /usr/bin/nm -B output from gcc object
configure:6601: gcc -c -g -O2  conftest.c >&5
configure:6604: $? = 0
configure:6608: /usr/bin/nm -B conftest.o \| sed -n -e 's/^.*[ 	]\([ABCDGIRSTW][ABCDGIRSTW]*\)[ 	][ 	]*\([_A-Za-z][_A-Za-z0-9]*\)$/\1 \2 \2/p' \> conftest.nm
configure:6611: $? = 0
configure:6663: gcc -o conftest -g -O2   conftest.c conftstm.o >&5
configure:6666: $? = 0
configure:6704: result: ok
configure:6708: checking for objdir
configure:6723: result: .libs
configure:6815: checking for ar
configure:6831: found /usr/bin/ar
configure:6842: result: ar
configure:6907: checking for ranlib
configure:6923: found /usr/bin/ranlib
configure:6934: result: ranlib
configure:6999: checking for strip
configure:7015: found /usr/bin/strip
configure:7026: result: strip
configure:7616: checking if gcc supports -fno-rtti -fno-exceptions
configure:7634: gcc -c -g -O2  -fno-rtti -fno-exceptions conftest.c >&5
cc1: warning: command line option '-fno-rtti' is valid for C++/ObjC++ but not for C
configure:7638: $? = 0
configure:7651: result: no
configure:7666: checking for gcc option to produce PIC
configure:7898: result: -fPIC
configure:7906: checking if gcc PIC flag -fPIC works
configure:7924: gcc -c -g -O2  -fPIC -DPIC conftest.c >&5
configure:7928: $? = 0
configure:7941: result: yes
configure:7969: checking if gcc static flag -static works
configure:7997: result: no
configure:8007: checking if gcc supports -c -o file.o
configure:8028: gcc -c -g -O2  -o out/conftest2.o conftest.c >&5
configure:8032: $? = 0
configure:8054: result: yes
configure:8080: checking whether the gcc linker (/usr/bin/ld -m elf_x86_64) supports shared libraries
configure:9068: result: yes
configure:9089: checking whether -lc should be explicitly linked in
configure:9094: gcc -c -g -O2  conftest.c >&5
configure:9097: $? = 0
configure:9112: gcc -shared conftest.o  -v -Wl,-soname -Wl,conftest -o conftest 2\>\&1 \| grep  -lc  \>/dev/null 2\>\&1
configure:9115: $? = 0
configure:9127: result: no
configure:9135: checking dynamic linker characteristics
configure:9739: result: GNU/Linux ld.so
configure:9763: checking how to hardcode library paths into programs
configure:9788: result: immediate
configure:9802: checking whether stripping libraries is possible
configure:9807: result: yes
configure:10637: checking if libtool supports shared libraries
configure:10639: result: yes
configure:10642: checking whether to build shared libraries
configure:10663: result: yes
configure:10666: checking whether to build static libraries
configure:10670: result: yes
configure:10764: creating libtool
configure:11357: checking for ld used by g++
configure:11424: result: /usr/bin/ld -m elf_x86_64
configure:11433: checking if the linker (/usr/bin/ld -m elf_x86_64) is GNU ld
configure:11448: result: yes
configure:11499: checking whether the g++ linker (/usr/bin/ld -m elf_x86_64) supports shared libraries
configure:12453: result: yes
configure:12470: g++ -c -g -O2  conftest.cpp >&5
configure:12473: $? = 0
configure:12629: checking for g++ option to produce PIC
configure:12913: result: -fPIC
configure:12921: checking if g++ PIC flag -fPIC works
configure:12939: g++ -c -g -O2  -fPIC -DPIC conftest.cpp >&5
configure:12943: $? = 0
configure:12956: result: yes
configure:12984: checking if g++ static flag -static works
configure:13012: result: no
configure:13022: checking if g++ supports -c -o file.o
configure:13043: g++ -c -g -O2  -o out/conftest2.o conftest.cpp >&5
configure:13047: $? = 0
configure:13069: result: yes
configure:13095: checking whether the g++ linker (/usr/bin/ld -m elf_x86_64) supports shared libraries
configure:13121: result: yes
configure:13188: checking dynamic linker characteristics
configure:13740: result: GNU/Linux ld.so
configure:13764: checking how to hardcode library paths into programs
configure:13789: result: immediate
configure:20044: checking for a BSD-compatible install
configure:20112: result: /usr/bin/install -c
configure:20123: checking whether ln -s works
configure:20127: result: yes
configure:20134: checking whether make sets $(MAKE)
configure:20156: result: yes
configure:20166: checking for ISO C99 varargs macros in C
configure:20193: gcc -c -g -O2  conftest.c >&5
configure:20200: $? = 0
configure:20214: result: yes
configure:20217: checking for GNUC varargs macros
configure:20244: gcc -c -g -O2  conftest.c >&5
configure:20251: $? = 0
configure:20265: result: yes
configure:20284: checking for dlopen in -ldl
configure:20319: gcc -o conftest -g -O2   conftest.c -ldl   >&5
configure:20326: $? = 0
configure:20347: result: yes
configure:20367: checking for ANSI C header files
configure:20535: result: yes
configure:20563: checking stdio.h usability
configure:20580: gcc -c -g -O2 -D_LARGEFILE64_SOURCE -ansi -Wall  -Wno-implicit-function-declaration  conftest.c >&5
configure:20587: $? = 0
configure:20601: result: yes
configure:20605: checking stdio.h presence
configure:20620: gcc -E  conftest.c
configure:20627: $? = 0
configure:20641: result: yes
configure:20669: checking for stdio.h
configure:20678: result: yes
configure:20552: checking for stdlib.h
configure:20559: result: yes
configure:20552: checking for string.h
configure:20559: result: yes
configure:20700: checking path to use Axis2C . This is a compulsory to build Rampart-C
configure:20726: result: no
configure:20732: checking path to use openssl . This is a compulsory to build Rampart-C
configure:20762: result: no
configure:20909: creating ./config.status

## ---------------------- ##
## Running config.status. ##
## ---------------------- ##

This file was extended by rampartc-src config.status 1.3.0, which was
generated by GNU Autoconf 2.63.  Invocation command line was

  CONFIG_FILES    = 
  CONFIG_HEADERS  = 
  CONFIG_LINKS    = 
  CONFIG_COMMANDS = 
  $ ./config.status 

on localhost.localdomain

config.status:828: creating Makefile
config.status:828: creating src/Makefile
config.status:828: creating src/omxmlsec/Makefile
config.status:828: creating src/omxmlsec/tokens/Makefile
config.status:828: creating src/omxmlsec/openssl/Makefile
config.status:828: creating src/omxmlsec/c14n/Makefile
config.status:828: creating src/data/Makefile
config.status:828: creating src/handlers/Makefile
config.status:828: creating src/core/Makefile
config.status:828: creating src/trust/Makefile
config.status:828: creating src/util/Makefile
config.status:828: creating src/secconv/Makefile
config.status:828: creating src/rahas/Makefile
config.status:828: creating config.h
config.status:1050: config.h is unchanged
config.status:1102: executing depfiles commands

## ---------------- ##
## Cache variables. ##
## ---------------- ##

ac_cv_build=x86_64-unknown-linux-gnu
ac_cv_c_compiler_gnu=yes
ac_cv_cxx_compiler_gnu=yes
ac_cv_env_CCC_set=
ac_cv_env_CCC_value=
ac_cv_env_CC_set=
ac_cv_env_CC_value=
ac_cv_env_CFLAGS_set=
ac_cv_env_CFLAGS_value=
ac_cv_env_CPPFLAGS_set=
ac_cv_env_CPPFLAGS_value=
ac_cv_env_CPP_set=
ac_cv_env_CPP_value=
ac_cv_env_CXXCPP_set=
ac_cv_env_CXXCPP_value=
ac_cv_env_CXXFLAGS_set=
ac_cv_env_CXXFLAGS_value=
ac_cv_env_CXX_set=
ac_cv_env_CXX_value=
ac_cv_env_F77_set=
ac_cv_env_F77_value=
ac_cv_env_FFLAGS_set=
ac_cv_env_FFLAGS_value=
ac_cv_env_LDFLAGS_set=
ac_cv_env_LDFLAGS_value=
ac_cv_env_LIBS_set=
ac_cv_env_LIBS_value=
ac_cv_env_build_alias_set=
ac_cv_env_build_alias_value=
ac_cv_env_host_alias_set=
ac_cv_env_host_alias_value=
ac_cv_env_target_alias_set=
ac_cv_env_target_alias_value=
ac_cv_f77_compiler_gnu=no
ac_cv_header_dlfcn_h=yes
ac_cv_header_inttypes_h=yes
ac_cv_header_memory_h=yes
ac_cv_header_stdc=yes
ac_cv_header_stdint_h=yes
ac_cv_header_stdio_h=yes
ac_cv_header_stdlib_h=yes
ac_cv_header_string_h=yes
ac_cv_header_strings_h=yes
ac_cv_header_sys_stat_h=yes
ac_cv_header_sys_types_h=yes
ac_cv_header_unistd_h=yes
ac_cv_host=x86_64-unknown-linux-gnu
ac_cv_lib_dl_dlopen=yes
ac_cv_objext=o
ac_cv_path_EGREP='/usr/bin/grep -E'
ac_cv_path_GREP=/usr/bin/grep
ac_cv_path_install='/usr/bin/install -c'
ac_cv_path_mkdir=/usr/bin/mkdir
ac_cv_prog_AWK=gawk
ac_cv_prog_CPP='gcc -E'
ac_cv_prog_CXXCPP='g++ -E'
ac_cv_prog_ac_ct_AR=ar
ac_cv_prog_ac_ct_CC=gcc
ac_cv_prog_ac_ct_CXX=g++
ac_cv_prog_ac_ct_RANLIB=ranlib
ac_cv_prog_ac_ct_STRIP=strip
ac_cv_prog_cc_c89=
ac_cv_prog_cc_g=yes
ac_cv_prog_cxx_g=yes
ac_cv_prog_f77_g=no
ac_cv_prog_make_make_set=yes
ac_cv_target=x86_64-unknown-linux-gnu
am_cv_CC_dependencies_compiler_type=gcc3
am_cv_CXX_dependencies_compiler_type=gcc3
am_cv_prog_tar_ustar=gnutar
lt_cv_deplibs_check_method=pass_all
lt_cv_file_magic_cmd='$MAGIC_CMD'
lt_cv_file_magic_test_file=
lt_cv_ld_reload_flag=-r
lt_cv_objdir=.libs
lt_cv_path_LD=/usr/bin/ld
lt_cv_path_LDCXX='/usr/bin/ld -m elf_x86_64'
lt_cv_path_NM='/usr/bin/nm -B'
lt_cv_path_SED=/usr/bin/sed
lt_cv_prog_compiler_c_o=yes
lt_cv_prog_compiler_c_o_CXX=yes
lt_cv_prog_compiler_pic_works=yes
lt_cv_prog_compiler_pic_works_CXX=yes
lt_cv_prog_compiler_rtti_exceptions=no
lt_cv_prog_compiler_static_works=no
lt_cv_prog_compiler_static_works_CXX=no
lt_cv_prog_gnu_ld=yes
lt_cv_prog_gnu_ldcxx=yes
lt_cv_sys_global_symbol_pipe='sed -n -e '\''s/^.*[ 	]\([ABCDGIRSTW][ABCDGIRSTW]*\)[ 	][ 	]*\([_A-Za-z][_A-Za-z0-9]*\)$/\1 \2 \2/p'\'''
lt_cv_sys_global_symbol_to_c_name_address='sed -n -e '\''s/^: \([^ ]*\) $/  {\"\1\", (lt_ptr) 0},/p'\'' -e '\''s/^[BCDEGRST] \([^ ]*\) \([^ ]*\)$/  {"\2", (lt_ptr) \&\2},/p'\'''
lt_cv_sys_global_symbol_to_cdecl='sed -n -e '\''s/^. .* \(.*\)$/extern int \1;/p'\'''
lt_cv_sys_lib_dlsearch_path_spec='/usr/lib64 /lib64 /usr/lib64/atlas /usr/lib64/iscsi /usr/lib64/llvm /usr/lib64/mysql /usr/lib64/qt-3.3/lib '
lt_cv_sys_lib_search_path_spec='/usr/lib64 /lib64 /usr/local/lib64'
lt_cv_sys_max_cmd_len=1572864
lt_lt_cv_prog_compiler_c_o='"yes"'
lt_lt_cv_prog_compiler_c_o_CXX='"yes"'
lt_lt_cv_sys_global_symbol_pipe='"sed -n -e '\''s/^.*[ 	]\\([ABCDGIRSTW][ABCDGIRSTW]*\\)[ 	][ 	]*\\([_A-Za-z][_A-Za-z0-9]*\\)\$/\\1 \\2 \\2/p'\''"'
lt_lt_cv_sys_global_symbol_to_c_name_address='"sed -n -e '\''s/^: \\([^ ]*\\) \$/  {\\\"\\1\\\", (lt_ptr) 0},/p'\'' -e '\''s/^[BCDEGRST] \\([^ ]*\\) \\([^ ]*\\)\$/  {\"\\2\", (lt_ptr) \\&\\2},/p'\''"'
lt_lt_cv_sys_global_symbol_to_cdecl='"sed -n -e '\''s/^. .* \\(.*\\)\$/extern int \\1;/p'\''"'

## ----------------- ##
## Output variables. ##
## ----------------- ##

ACLOCAL='${SHELL} /home/josh/Downloads/wso2-wsf-php-src-2.1.0/wsf_c/rampartc/missing --run aclocal-1.10'
AMDEPBACKSLASH='\'
AMDEP_FALSE='#'
AMDEP_TRUE=''
AMTAR='${SHELL} /home/josh/Downloads/wso2-wsf-php-src-2.1.0/wsf_c/rampartc/missing --run tar'
AR='ar'
AUTOCONF='${SHELL} /home/josh/Downloads/wso2-wsf-php-src-2.1.0/wsf_c/rampartc/missing --run autoconf'
AUTOHEADER='${SHELL} /home/josh/Downloads/wso2-wsf-php-src-2.1.0/wsf_c/rampartc/missing --run autoheader'
AUTOMAKE='${SHELL} /home/josh/Downloads/wso2-wsf-php-src-2.1.0/wsf_c/rampartc/missing --run automake-1.10'
AWK='gawk'
AXIOMINC='-I/home/josh/Downloads/wso2-wsf-php-src-2.1.0/wsf_c/rampartc/../axis2c/axiom/include'
AXIS2INC='-I/home/josh/Downloads/wso2-wsf-php-src-2.1.0/wsf_c/rampartc/../axis2c/include'
CC='gcc'
CCDEPMODE='depmode=gcc3'
CFLAGS='-g -O2 -D_LARGEFILE64_SOURCE -ansi -Wall  -Wno-implicit-function-declaration'
CPP='gcc -E'
CPPFLAGS=''
CXX='g++'
CXXCPP='g++ -E'
CXXDEPMODE='depmode=gcc3'
CXXFLAGS='-g -O2'
CYGPATH_W='echo'
DEFS='-DHAVE_CONFIG_H'
DEPDIR='.deps'
DSYMUTIL=''
ECHO='echo'
ECHO_C=''
ECHO_N='-n'
ECHO_T=''
EGREP='/usr/bin/grep -E'
EXEEXT=''
F77=''
FFLAGS=''
GREP='/usr/bin/grep'
INSTALL_DATA='${INSTALL} -m 644'
INSTALL_PROGRAM='${INSTALL}'
INSTALL_SCRIPT='${INSTALL}'
INSTALL_STRIP_PROGRAM='$(install_sh) -c -s'
LDFLAGS=' -lpthread'
LIBOBJS=''
LIBS='-ldl '
LIBTOOL='$(SHELL) $(top_builddir)/libtool'
LN_S='ln -s'
LTLIBOBJS=''
MAKEINFO='${SHELL} /home/josh/Downloads/wso2-wsf-php-src-2.1.0/wsf_c/rampartc/missing --run makeinfo'
MKDIR_P='/usr/bin/mkdir -p'
NEETHIINC='-I/home/josh/Downloads/wso2-wsf-php-src-2.1.0/wsf_c/rampartc/../axis2c/neethi/include'
NMEDIT=''
OBJEXT='o'
OPENSSLINC=''
OPENSSLLIB=''
PACKAGE='rampartc-src'
PACKAGE_BUGREPORT=''
PACKAGE_NAME='rampartc-src'
PACKAGE_STRING='rampartc-src 1.3.0'
PACKAGE_TARNAME='rampartc-src'
PACKAGE_VERSION='1.3.0'
PATH_SEPARATOR=':'
RANLIB='ranlib'
SED='/usr/bin/sed'
SET_MAKE=''
SHELL='/bin/sh'
STRIP='strip'
UTILINC='-I/home/josh/Downloads/wso2-wsf-php-src-2.1.0/wsf_c/rampartc/../axis2c/util/include'
VERSION='1.3.0'
VERSION_NO='3:0:3'
XMLSCHEMAINC=''
abs_top_builddir='/home/josh/Downloads/wso2-wsf-php-src-2.1.0/wsf_c/rampartc'
ac_ct_CC='gcc'
ac_ct_CXX='g++'
ac_ct_F77=''
am__fastdepCC_FALSE='#'
am__fastdepCC_TRUE=''
am__fastdepCXX_FALSE='#'
am__fastdepCXX_TRUE=''
am__include='include'
am__isrc=''
am__leading_dot='.'
am__quote=''
am__tar='tar --format=ustar -chf - "$$tardir"'
am__untar='tar -xf -'
bindir='${exec_prefix}/bin'
build='x86_64-unknown-linux-gnu'
build_alias=''
build_cpu='x86_64'
build_os='linux-gnu'
build_vendor='unknown'
datadir='${datarootdir}'
datarootdir='${prefix}/share'
docdir='${datarootdir}/doc/${PACKAGE_TARNAME}'
dvidir='${docdir}'
exec_prefix='${prefix}'
host='x86_64-unknown-linux-gnu'
host_alias=''
host_cpu='x86_64'
host_os='linux-gnu'
host_vendor='unknown'
htmldir='${docdir}'
includedir='${prefix}/include'
infodir='${datarootdir}/info'
install_sh='$(SHELL) /home/josh/Downloads/wso2-wsf-php-src-2.1.0/wsf_c/rampartc/install-sh'
libdir='${exec_prefix}/lib'
libexecdir='${exec_prefix}/libexec'
localedir='${datarootdir}/locale'
localstatedir='${prefix}/var'
mandir='${datarootdir}/man'
mkdir_p='/usr/bin/mkdir -p'
oldincludedir='/usr/include'
pdfdir='${docdir}'
prefix='/usr/lib64/php/modules/wsf_c'
program_transform_name='s,x,x,'
psdir='${docdir}'
sbindir='${exec_prefix}/sbin'
sharedstatedir='${prefix}/com'
sysconfdir='${prefix}/etc'
target='x86_64-unknown-linux-gnu'
target_alias=''
target_cpu='x86_64'
target_os='linux-gnu'
target_vendor='unknown'

## ----------- ##
## confdefs.h. ##
## ----------- ##

#define PACKAGE_NAME "rampartc-src"
#define PACKAGE_TARNAME "rampartc-src"
#define PACKAGE_VERSION "1.3.0"
#define PACKAGE_STRING "rampartc-src 1.3.0"
#define PACKAGE_BUGREPORT ""
#define PACKAGE "rampartc-src"
#define VERSION "1.3.0"
#define STDC_HEADERS 1
#define HAVE_SYS_TYPES_H 1
#define HAVE_SYS_STAT_H 1
#define HAVE_STDLIB_H 1
#define HAVE_STRING_H 1
#define HAVE_MEMORY_H 1
#define HAVE_STRINGS_H 1
#define HAVE_INTTYPES_H 1
#define HAVE_STDINT_H 1
#define HAVE_UNISTD_H 1
#define HAVE_DLFCN_H 1
#define HAVE_ISO_VARARGS 1
#define HAVE_GNUC_VARARGS 1
#define HAVE_LIBDL 1
#define STDC_HEADERS 1
#define HAVE_STDIO_H 1
#define HAVE_STDLIB_H 1
#define HAVE_STRING_H 1

configure: exit 0
