This file contains any messages produced by compilers while
running configure, to aid debugging if configure makes a mistake.

It was created by wso2-wsf-c-src configure 2.0.0, which was
generated by GNU Autoconf 2.63.  Invocation command line was

  $ ./configure --disable-option-checking --prefix=/usr/lib64/php/modules/wsf_c --cache-file=/dev/null --srcdir=.

## --------- ##
## Platform. ##
## --------- ##

hostname = localhost.localdomain
uname -m = x86_64
uname -r = 3.19.3-200.fc21.x86_64
uname -s = Linux
uname -v = #1 SMP Thu Mar 26 21:39:42 UTC 2015

/usr/bin/uname -p = x86_64
/bin/uname -X     = unknown

/bin/arch              = x86_64
/usr/bin/arch -k       = unknown
/usr/convex/getsysinfo = unknown
/usr/bin/hostinfo      = unknown
/bin/machine           = unknown
/usr/bin/oslevel       = unknown
/bin/universe          = unknown

PATH: /usr/lib64/qt-3.3/bin
PATH: /usr/local/bin
PATH: /usr/local/sbin
PATH: /usr/bin
PATH: /usr/sbin
PATH: /bin
PATH: /sbin
PATH: /usr/local/jdk1.7.0_79/bin
PATH: /usr/local/maven/bin
PATH: /home/josh/projects/go/bin
PATH: /opt/PostgreSQL/9.4/bin
PATH: /usr/local/mybatis-migrations-3.2.0/bin
PATH: /home/josh/.local/bin
PATH: /home/josh/bin


## ----------- ##
## Core tests. ##
## ----------- ##

configure:2137: checking build system type
configure:2155: result: x86_64-unknown-linux-gnu
configure:2177: checking host system type
configure:2192: result: x86_64-unknown-linux-gnu
configure:2214: checking target system type
configure:2229: result: x86_64-unknown-linux-gnu
configure:2275: checking for a BSD-compatible install
configure:2343: result: /usr/bin/install -c
configure:2354: checking whether build environment is sane
configure:2397: result: yes
configure:2422: checking for a thread-safe mkdir -p
configure:2461: result: /usr/bin/mkdir -p
configure:2474: checking for gawk
configure:2490: found /usr/bin/gawk
configure:2501: result: gawk
configure:2512: checking whether make sets $(MAKE)
configure:2534: result: yes
configure:2713: checking how to create a ustar tar archive
configure:2726: tar --version
tar (GNU tar) 1.27.1
Copyright (C) 2013 Free Software Foundation, Inc.
License GPLv3+: GNU GPL version 3 or later <http://gnu.org/licenses/gpl.html>.
This is free software: you are free to change and redistribute it.
There is NO WARRANTY, to the extent permitted by law.

Written by John Gilmore and Jay Fenlason.
configure:2729: $? = 0
configure:2769: tardir=conftest.dir && eval tar --format=ustar -chf - "$tardir" >conftest.tar
configure:2772: $? = 0
configure:2776: tar -xf - <conftest.tar
configure:2779: $? = 0
configure:2792: result: gnutar
configure:2849: checking for gcc
configure:2865: found /usr/bin/gcc
configure:2876: result: gcc
configure:3108: checking for C compiler version
configure:3116: gcc --version >&5
gcc (GCC) 4.9.2 20150212 (Red Hat 4.9.2-6)
Copyright (C) 2014 Free Software Foundation, Inc.
This is free software; see the source for copying conditions.  There is NO
warranty; not even for MERCHANTABILITY or FITNESS FOR A PARTICULAR PURPOSE.

configure:3120: $? = 0
configure:3127: gcc -v >&5
Using built-in specs.
COLLECT_GCC=gcc
COLLECT_LTO_WRAPPER=/usr/libexec/gcc/x86_64-redhat-linux/4.9.2/lto-wrapper
Target: x86_64-redhat-linux
Configured with: ../configure --prefix=/usr --mandir=/usr/share/man --infodir=/usr/share/info --with-bugurl=http://bugzilla.redhat.com/bugzilla --enable-bootstrap --enable-shared --enable-threads=posix --enable-checking=release --enable-multilib --with-system-zlib --enable-__cxa_atexit --disable-libunwind-exceptions --enable-gnu-unique-object --enable-linker-build-id --with-linker-hash-style=gnu --enable-languages=c,c++,objc,obj-c++,fortran,ada,go,lto --enable-plugin --enable-initfini-array --disable-libgcj --with-isl=/builddir/build/BUILD/gcc-4.9.2-20150212/obj-x86_64-redhat-linux/isl-install --with-cloog=/builddir/build/BUILD/gcc-4.9.2-20150212/obj-x86_64-redhat-linux/cloog-install --enable-gnu-indirect-function --with-tune=generic --with-arch_32=i686 --build=x86_64-redhat-linux
Thread model: posix
gcc version 4.9.2 20150212 (Red Hat 4.9.2-6) (GCC) 
configure:3131: $? = 0
configure:3138: gcc -V >&5
gcc: error: unrecognized command line option '-V'
gcc: fatal error: no input files
compilation terminated.
configure:3142: $? = 4
configure:3165: checking for C compiler default output file name
configure:3187: gcc    conftest.c  >&5
configure:3191: $? = 0
configure:3229: result: a.out
configure:3248: checking whether the C compiler works
configure:3258: ./a.out
configure:3262: $? = 0
configure:3281: result: yes
configure:3288: checking whether we are cross compiling
configure:3290: result: no
configure:3293: checking for suffix of executables
configure:3300: gcc -o conftest    conftest.c  >&5
configure:3304: $? = 0
configure:3330: result: 
configure:3336: checking for suffix of object files
configure:3362: gcc -c   conftest.c >&5
configure:3366: $? = 0
configure:3391: result: o
configure:3395: checking whether we are using the GNU C compiler
configure:3424: gcc -c   conftest.c >&5
configure:3431: $? = 0
configure:3448: result: yes
configure:3457: checking whether gcc accepts -g
configure:3487: gcc -c -g  conftest.c >&5
configure:3494: $? = 0
configure:3595: result: yes
configure:3612: checking for gcc option to accept ISO C89
configure:3686: gcc  -c -g -O2  conftest.c >&5
configure:3693: $? = 0
configure:3716: result: none needed
configure:3745: checking for style of include used by make
configure:3773: result: GNU
configure:3798: checking dependency style of gcc
configure:3889: result: gcc3
configure:3962: checking for g++
configure:3978: found /usr/bin/g++
configure:3989: result: g++
configure:4016: checking for C++ compiler version
configure:4024: g++ --version >&5
g++ (GCC) 4.9.2 20150212 (Red Hat 4.9.2-6)
Copyright (C) 2014 Free Software Foundation, Inc.
This is free software; see the source for copying conditions.  There is NO
warranty; not even for MERCHANTABILITY or FITNESS FOR A PARTICULAR PURPOSE.

configure:4028: $? = 0
configure:4035: g++ -v >&5
Using built-in specs.
COLLECT_GCC=g++
COLLECT_LTO_WRAPPER=/usr/libexec/gcc/x86_64-redhat-linux/4.9.2/lto-wrapper
Target: x86_64-redhat-linux
Configured with: ../configure --prefix=/usr --mandir=/usr/share/man --infodir=/usr/share/info --with-bugurl=http://bugzilla.redhat.com/bugzilla --enable-bootstrap --enable-shared --enable-threads=posix --enable-checking=release --enable-multilib --with-system-zlib --enable-__cxa_atexit --disable-libunwind-exceptions --enable-gnu-unique-object --enable-linker-build-id --with-linker-hash-style=gnu --enable-languages=c,c++,objc,obj-c++,fortran,ada,go,lto --enable-plugin --enable-initfini-array --disable-libgcj --with-isl=/builddir/build/BUILD/gcc-4.9.2-20150212/obj-x86_64-redhat-linux/isl-install --with-cloog=/builddir/build/BUILD/gcc-4.9.2-20150212/obj-x86_64-redhat-linux/cloog-install --enable-gnu-indirect-function --with-tune=generic --with-arch_32=i686 --build=x86_64-redhat-linux
Thread model: posix
gcc version 4.9.2 20150212 (Red Hat 4.9.2-6) (GCC) 
configure:4039: $? = 0
configure:4046: g++ -V >&5
g++: error: unrecognized command line option '-V'
g++: fatal error: no input files
compilation terminated.
configure:4050: $? = 4
configure:4053: checking whether we are using the GNU C++ compiler
configure:4082: g++ -c   conftest.cpp >&5
configure:4089: $? = 0
configure:4106: result: yes
configure:4115: checking whether g++ accepts -g
configure:4145: g++ -c -g  conftest.cpp >&5
configure:4152: $? = 0
configure:4253: result: yes
configure:4278: checking dependency style of g++
configure:4369: result: gcc3
configure:4389: checking how to run the C preprocessor
configure:4429: gcc -E  conftest.c
configure:4436: $? = 0
configure:4467: gcc -E  conftest.c
conftest.c:10:28: fatal error: ac_nonexistent.h: No such file or directory
 #include <ac_nonexistent.h>
                            ^
compilation terminated.
configure:4474: $? = 1
configure: failed program was:
| /* confdefs.h.  */
| #define PACKAGE_NAME "wso2-wsf-c-src"
| #define PACKAGE_TARNAME "wso2-wsf-c-src"
| #define PACKAGE_VERSION "2.0.0"
| #define PACKAGE_STRING "wso2-wsf-c-src 2.0.0"
| #define PACKAGE_BUGREPORT ""
| #define PACKAGE "wso2-wsf-c-src"
| #define VERSION "2.0.0"
| /* end confdefs.h.  */
| #include <ac_nonexistent.h>
configure:4507: result: gcc -E
configure:4536: gcc -E  conftest.c
configure:4543: $? = 0
configure:4574: gcc -E  conftest.c
conftest.c:10:28: fatal error: ac_nonexistent.h: No such file or directory
 #include <ac_nonexistent.h>
                            ^
compilation terminated.
configure:4581: $? = 1
configure: failed program was:
| /* confdefs.h.  */
| #define PACKAGE_NAME "wso2-wsf-c-src"
| #define PACKAGE_TARNAME "wso2-wsf-c-src"
| #define PACKAGE_VERSION "2.0.0"
| #define PACKAGE_STRING "wso2-wsf-c-src 2.0.0"
| #define PACKAGE_BUGREPORT ""
| #define PACKAGE "wso2-wsf-c-src"
| #define VERSION "2.0.0"
| /* end confdefs.h.  */
| #include <ac_nonexistent.h>
configure:4692: checking for a sed that does not truncate output
configure:4748: result: /usr/bin/sed
configure:4751: checking for grep that handles long lines and -e
configure:4811: result: /usr/bin/grep
configure:4816: checking for egrep
configure:4880: result: /usr/bin/grep -E
configure:4896: checking for ld used by gcc
configure:4963: result: /usr/bin/ld
configure:4972: checking if the linker (/usr/bin/ld) is GNU ld
configure:4987: result: yes
configure:4992: checking for /usr/bin/ld option to reload object files
configure:4999: result: -r
configure:5017: checking for BSD-compatible nm
configure:5066: result: /usr/bin/nm -B
configure:5070: checking whether ln -s works
configure:5074: result: yes
configure:5081: checking how to recognize dependent libraries
configure:5267: result: pass_all
configure:5356: gcc -c -g -O2  conftest.c >&5
configure:5359: $? = 0
configure:5513: checking for ANSI C header files
configure:5543: gcc -c -g -O2  conftest.c >&5
configure:5550: $? = 0
configure:5649: gcc -o conftest -g -O2   conftest.c  >&5
configure:5653: $? = 0
configure:5659: ./conftest
configure:5663: $? = 0
configure:5681: result: yes
configure:5705: checking for sys/types.h
configure:5726: gcc -c -g -O2  conftest.c >&5
configure:5733: $? = 0
configure:5750: result: yes
configure:5705: checking for sys/stat.h
configure:5726: gcc -c -g -O2  conftest.c >&5
configure:5733: $? = 0
configure:5750: result: yes
configure:5705: checking for stdlib.h
configure:5726: gcc -c -g -O2  conftest.c >&5
configure:5733: $? = 0
configure:5750: result: yes
configure:5705: checking for string.h
configure:5726: gcc -c -g -O2  conftest.c >&5
configure:5733: $? = 0
configure:5750: result: yes
configure:5705: checking for memory.h
configure:5726: gcc -c -g -O2  conftest.c >&5
configure:5733: $? = 0
configure:5750: result: yes
configure:5705: checking for strings.h
configure:5726: gcc -c -g -O2  conftest.c >&5
configure:5733: $? = 0
configure:5750: result: yes
configure:5705: checking for inttypes.h
configure:5726: gcc -c -g -O2  conftest.c >&5
configure:5733: $? = 0
configure:5750: result: yes
configure:5705: checking for stdint.h
configure:5726: gcc -c -g -O2  conftest.c >&5
configure:5733: $? = 0
configure:5750: result: yes
configure:5705: checking for unistd.h
configure:5726: gcc -c -g -O2  conftest.c >&5
configure:5733: $? = 0
configure:5750: result: yes
configure:5780: checking dlfcn.h usability
configure:5797: gcc -c -g -O2  conftest.c >&5
configure:5804: $? = 0
configure:5818: result: yes
configure:5822: checking dlfcn.h presence
configure:5837: gcc -E  conftest.c
configure:5844: $? = 0
configure:5858: result: yes
configure:5886: checking for dlfcn.h
configure:5895: result: yes
configure:5920: checking how to run the C++ preprocessor
configure:5956: g++ -E  conftest.cpp
configure:5963: $? = 0
configure:5994: g++ -E  conftest.cpp
conftest.cpp:21:28: fatal error: ac_nonexistent.h: No such file or directory
 #include <ac_nonexistent.h>
                            ^
compilation terminated.
configure:6001: $? = 1
configure: failed program was:
| /* confdefs.h.  */
| #define PACKAGE_NAME "wso2-wsf-c-src"
| #define PACKAGE_TARNAME "wso2-wsf-c-src"
| #define PACKAGE_VERSION "2.0.0"
| #define PACKAGE_STRING "wso2-wsf-c-src 2.0.0"
| #define PACKAGE_BUGREPORT ""
| #define PACKAGE "wso2-wsf-c-src"
| #define VERSION "2.0.0"
| #define STDC_HEADERS 1
| #define HAVE_SYS_TYPES_H 1
| #define HAVE_SYS_STAT_H 1
| #define HAVE_STDLIB_H 1
| #define HAVE_STRING_H 1
| #define HAVE_MEMORY_H 1
| #define HAVE_STRINGS_H 1
| #define HAVE_INTTYPES_H 1
| #define HAVE_STDINT_H 1
| #define HAVE_UNISTD_H 1
| #define HAVE_DLFCN_H 1
| /* end confdefs.h.  */
| #include <ac_nonexistent.h>
configure:6034: result: g++ -E
configure:6063: g++ -E  conftest.cpp
configure:6070: $? = 0
configure:6101: g++ -E  conftest.cpp
conftest.cpp:21:28: fatal error: ac_nonexistent.h: No such file or directory
 #include <ac_nonexistent.h>
                            ^
compilation terminated.
configure:6108: $? = 1
configure: failed program was:
| /* confdefs.h.  */
| #define PACKAGE_NAME "wso2-wsf-c-src"
| #define PACKAGE_TARNAME "wso2-wsf-c-src"
| #define PACKAGE_VERSION "2.0.0"
| #define PACKAGE_STRING "wso2-wsf-c-src 2.0.0"
| #define PACKAGE_BUGREPORT ""
| #define PACKAGE "wso2-wsf-c-src"
| #define VERSION "2.0.0"
| #define STDC_HEADERS 1
| #define HAVE_SYS_TYPES_H 1
| #define HAVE_SYS_STAT_H 1
| #define HAVE_STDLIB_H 1
| #define HAVE_STRING_H 1
| #define HAVE_MEMORY_H 1
| #define HAVE_STRINGS_H 1
| #define HAVE_INTTYPES_H 1
| #define HAVE_STDINT_H 1
| #define HAVE_UNISTD_H 1
| #define HAVE_DLFCN_H 1
| /* end confdefs.h.  */
| #include <ac_nonexistent.h>
configure:6203: checking for g77
configure:6233: result: no
configure:6203: checking for xlf
configure:6233: result: no
configure:6203: checking for f77
configure:6233: result: no
configure:6203: checking for frt
configure:6233: result: no
configure:6203: checking for pgf77
configure:6233: result: no
configure:6203: checking for cf77
configure:6233: result: no
configure:6203: checking for fort77
configure:6233: result: no
configure:6203: checking for fl32
configure:6233: result: no
configure:6203: checking for af77
configure:6233: result: no
configure:6203: checking for xlf90
configure:6233: result: no
configure:6203: checking for f90
configure:6233: result: no
configure:6203: checking for pgf90
configure:6233: result: no
configure:6203: checking for pghpf
configure:6233: result: no
configure:6203: checking for epcf90
configure:6233: result: no
configure:6203: checking for gfortran
configure:6233: result: no
configure:6203: checking for g95
configure:6233: result: no
configure:6203: checking for xlf95
configure:6233: result: no
configure:6203: checking for f95
configure:6233: result: no
configure:6203: checking for fort
configure:6233: result: no
configure:6203: checking for ifort
configure:6233: result: no
configure:6203: checking for ifc
configure:6233: result: no
configure:6203: checking for efc
configure:6233: result: no
configure:6203: checking for pgf95
configure:6233: result: no
configure:6203: checking for lf95
configure:6233: result: no
configure:6203: checking for ftn
configure:6233: result: no
configure:6256: checking for Fortran 77 compiler version
configure:6264:  --version >&5
./configure: line 6266: --version: command not found
configure:6268: $? = 127
configure:6275:  -v >&5
./configure: line 6277: -v: command not found
configure:6279: $? = 127
configure:6286:  -V >&5
./configure: line 6288: -V: command not found
configure:6290: $? = 127
configure:6298: checking whether we are using the GNU Fortran 77 compiler
configure:6317:  -c  conftest.F >&5
./configure: line 6319: -c: command not found
configure:6324: $? = 127
configure: failed program was:
|       program main
| #ifndef __GNUC__
|        choke me
| #endif
| 
|       end
configure:6341: result: no
configure:6347: checking whether  accepts -g
configure:6364:  -c -g conftest.f >&5
./configure: line 6366: -c: command not found
configure:6371: $? = 127
configure: failed program was:
|       program main
| 
|       end
configure:6387: result: no
configure:6420: checking the maximum length of command line arguments
configure:6532: result: 1572864
configure:6544: checking command to parse /usr/bin/nm -B output from gcc object
configure:6649: gcc -c -g -O2  conftest.c >&5
configure:6652: $? = 0
configure:6656: /usr/bin/nm -B conftest.o \| sed -n -e 's/^.*[ 	]\([ABCDGIRSTW][ABCDGIRSTW]*\)[ 	][ 	]*\([_A-Za-z][_A-Za-z0-9]*\)$/\1 \2 \2/p' \> conftest.nm
configure:6659: $? = 0
configure:6711: gcc -o conftest -g -O2   conftest.c conftstm.o >&5
configure:6714: $? = 0
configure:6752: result: ok
configure:6756: checking for objdir
configure:6771: result: .libs
configure:6863: checking for ar
configure:6879: found /usr/bin/ar
configure:6890: result: ar
configure:6955: checking for ranlib
configure:6971: found /usr/bin/ranlib
configure:6982: result: ranlib
configure:7047: checking for strip
configure:7063: found /usr/bin/strip
configure:7074: result: strip
configure:7664: checking if gcc supports -fno-rtti -fno-exceptions
configure:7682: gcc -c -g -O2  -fno-rtti -fno-exceptions conftest.c >&5
cc1: warning: command line option '-fno-rtti' is valid for C++/ObjC++ but not for C
configure:7686: $? = 0
configure:7699: result: no
configure:7714: checking for gcc option to produce PIC
configure:7946: result: -fPIC
configure:7954: checking if gcc PIC flag -fPIC works
configure:7972: gcc -c -g -O2  -fPIC -DPIC conftest.c >&5
configure:7976: $? = 0
configure:7989: result: yes
configure:8017: checking if gcc static flag -static works
configure:8045: result: no
configure:8055: checking if gcc supports -c -o file.o
configure:8076: gcc -c -g -O2  -o out/conftest2.o conftest.c >&5
configure:8080: $? = 0
configure:8102: result: yes
configure:8128: checking whether the gcc linker (/usr/bin/ld -m elf_x86_64) supports shared libraries
configure:9116: result: yes
configure:9137: checking whether -lc should be explicitly linked in
configure:9142: gcc -c -g -O2  conftest.c >&5
configure:9145: $? = 0
configure:9160: gcc -shared conftest.o  -v -Wl,-soname -Wl,conftest -o conftest 2\>\&1 \| grep  -lc  \>/dev/null 2\>\&1
configure:9163: $? = 0
configure:9175: result: no
configure:9183: checking dynamic linker characteristics
configure:9787: result: GNU/Linux ld.so
configure:9811: checking how to hardcode library paths into programs
configure:9836: result: immediate
configure:9850: checking whether stripping libraries is possible
configure:9855: result: yes
configure:10685: checking if libtool supports shared libraries
configure:10687: result: yes
configure:10690: checking whether to build shared libraries
configure:10711: result: yes
configure:10714: checking whether to build static libraries
configure:10718: result: yes
configure:10812: creating libtool
configure:11405: checking for ld used by g++
configure:11472: result: /usr/bin/ld -m elf_x86_64
configure:11481: checking if the linker (/usr/bin/ld -m elf_x86_64) is GNU ld
configure:11496: result: yes
configure:11547: checking whether the g++ linker (/usr/bin/ld -m elf_x86_64) supports shared libraries
configure:12501: result: yes
configure:12518: g++ -c -g -O2  conftest.cpp >&5
configure:12521: $? = 0
configure:12677: checking for g++ option to produce PIC
configure:12961: result: -fPIC
configure:12969: checking if g++ PIC flag -fPIC works
configure:12987: g++ -c -g -O2  -fPIC -DPIC conftest.cpp >&5
configure:12991: $? = 0
configure:13004: result: yes
configure:13032: checking if g++ static flag -static works
configure:13060: result: no
configure:13070: checking if g++ supports -c -o file.o
configure:13091: g++ -c -g -O2  -o out/conftest2.o conftest.cpp >&5
configure:13095: $? = 0
configure:13117: result: yes
configure:13143: checking whether the g++ linker (/usr/bin/ld -m elf_x86_64) supports shared libraries
configure:13169: result: yes
configure:13236: checking dynamic linker characteristics
configure:13788: result: GNU/Linux ld.so
configure:13812: checking how to hardcode library paths into programs
configure:13837: result: immediate
configure:20092: checking for a BSD-compatible install
configure:20160: result: /usr/bin/install -c
configure:20171: checking whether ln -s works
configure:20175: result: yes
configure:20182: checking whether make sets $(MAKE)
configure:20204: result: yes
configure:20215: checking for dlopen in -ldl
configure:20250: gcc -o conftest -g -O2   conftest.c -ldl   >&5
configure:20257: $? = 0
configure:20278: result: yes
configure:20290: checking for inflate in -lz
configure:20325: gcc -o conftest -g -O2   conftest.c -lz  -ldl  >&5
configure:20332: $? = 0
configure:20353: result: yes
configure:20385: checking whether to use apache2 as server transport
configure:20412: result: no
configure:20418: checking path to use sqlite storage .
configure:20447: result: yes
configure:20457: checking whether to use openssl
configure:20476: result: no
configure:20483: checking whether to use xmpp as a transport
configure:20514: result: no
configure:20520: checking whether to build udp transport
configure:20537: result: no
configure:20543: checking whether to use libcurl
configure:20562: result: no
configure:20569: checking whether to build rampart
configure:20589: result: yes
configure:20602: checking whether to build wsclient
configure:20620: result: yes
configure:20632: checking whether to build sandesha
configure:20650: result: yes
configure:20663: checking whether to build savan
configure:20681: result: yes
configure:20694: checking whether to build guththila xml parser library
configure:20718: result: yes
configure:20725: checking whether to build libxml2 xml parser library
configure:20776: checking for pkg-config
configure:20794: found /usr/bin/pkg-config
configure:20806: result: /usr/bin/pkg-config
configure:20831: checking pkg-config is at least version 0.9.0
configure:20834: result: yes
configure:20969: result: no
configure:20975: checking path to use openssl . This is a compulsory to build Rampart-C
configure:21006: result: no
configure:21023: checking for ANSI C header files
configure:21191: result: yes
configure:21219: checking stdio.h usability
configure:21236: gcc -c -g -O2 -D_LARGEFILE64_SOURCE -ansi -Wall -Wno-implicit-function-declaration -Wall -D_GNU_SOURCE  conftest.c >&5
configure:21243: $? = 0
configure:21257: result: yes
configure:21261: checking stdio.h presence
configure:21276: gcc -E  conftest.c
configure:21283: $? = 0
configure:21297: result: yes
configure:21325: checking for stdio.h
configure:21334: result: yes
configure:21208: checking for stdlib.h
configure:21215: result: yes
configure:21208: checking for string.h
configure:21215: result: yes
configure:21353: checking for linux/if.h
configure:21376: gcc -c -g -O2 -D_LARGEFILE64_SOURCE -ansi -Wall -Wno-implicit-function-declaration -Wall -D_GNU_SOURCE  conftest.c >&5
configure:21383: $? = 0
configure:21400: result: yes
configure:21544: creating ./config.status

## ---------------------- ##
## Running config.status. ##
## ---------------------- ##

This file was extended by wso2-wsf-c-src config.status 2.0.0, which was
generated by GNU Autoconf 2.63.  Invocation command line was

  CONFIG_FILES    = 
  CONFIG_HEADERS  = 
  CONFIG_LINKS    = 
  CONFIG_COMMANDS = 
  $ ./config.status 

on localhost.localdomain

config.status:821: creating Makefile
config.status:821: creating config.h
config.status:1043: config.h is unchanged
config.status:1095: executing depfiles commands
configure:22935: === configuring in axis2c (/home/josh/Downloads/wso2-wsf-php-src-2.1.0/wsf_c/axis2c)
configure:23038: running /bin/sh ./configure --disable-option-checking '--prefix=/usr/lib64/php/modules/wsf_c'  --cache-file=/dev/null --srcdir=.
configure:22935: === configuring in axis2c/tools/tcpmon (/home/josh/Downloads/wso2-wsf-php-src-2.1.0/wsf_c/axis2c/tools/tcpmon)
configure:23038: running /bin/sh ./configure --disable-option-checking '--prefix=/usr/lib64/php/modules/wsf_c'  --cache-file=/dev/null --srcdir=.
configure:22935: === configuring in rampartc (/home/josh/Downloads/wso2-wsf-php-src-2.1.0/wsf_c/rampartc)
configure:23038: running /bin/sh ./configure --disable-option-checking '--prefix=/usr/lib64/php/modules/wsf_c'  --cache-file=/dev/null --srcdir=.
configure:22935: === configuring in wsclient (/home/josh/Downloads/wso2-wsf-php-src-2.1.0/wsf_c/wsclient)
configure:23038: running /bin/sh ./configure --disable-option-checking '--prefix=/usr/lib64/php/modules/wsf_c'  --cache-file=/dev/null --srcdir=.
configure:22935: === configuring in sandesha2c (/home/josh/Downloads/wso2-wsf-php-src-2.1.0/wsf_c/sandesha2c)
configure:23038: running /bin/sh ./configure --disable-option-checking '--prefix=/usr/lib64/php/modules/wsf_c'  --cache-file=/dev/null --srcdir=.

## ---------------- ##
## Cache variables. ##
## ---------------- ##

ac_cv_build=x86_64-unknown-linux-gnu
ac_cv_c_compiler_gnu=yes
ac_cv_cxx_compiler_gnu=yes
ac_cv_env_CCC_set=
ac_cv_env_CCC_value=
ac_cv_env_CC_set=
ac_cv_env_CC_value=
ac_cv_env_CFLAGS_set=
ac_cv_env_CFLAGS_value=
ac_cv_env_CPPFLAGS_set=
ac_cv_env_CPPFLAGS_value=
ac_cv_env_CPP_set=
ac_cv_env_CPP_value=
ac_cv_env_CXXCPP_set=
ac_cv_env_CXXCPP_value=
ac_cv_env_CXXFLAGS_set=
ac_cv_env_CXXFLAGS_value=
ac_cv_env_CXX_set=
ac_cv_env_CXX_value=
ac_cv_env_F77_set=
ac_cv_env_F77_value=
ac_cv_env_FFLAGS_set=
ac_cv_env_FFLAGS_value=
ac_cv_env_LDFLAGS_set=
ac_cv_env_LDFLAGS_value=
ac_cv_env_LIBS_set=
ac_cv_env_LIBS_value=
ac_cv_env_PARSER_CFLAGS_set=
ac_cv_env_PARSER_CFLAGS_value=
ac_cv_env_PARSER_LIBS_set=
ac_cv_env_PARSER_LIBS_value=
ac_cv_env_PKG_CONFIG_set=
ac_cv_env_PKG_CONFIG_value=
ac_cv_env_build_alias_set=
ac_cv_env_build_alias_value=
ac_cv_env_host_alias_set=
ac_cv_env_host_alias_value=
ac_cv_env_target_alias_set=
ac_cv_env_target_alias_value=
ac_cv_f77_compiler_gnu=no
ac_cv_header_dlfcn_h=yes
ac_cv_header_inttypes_h=yes
ac_cv_header_linux_if_h=yes
ac_cv_header_memory_h=yes
ac_cv_header_stdc=yes
ac_cv_header_stdint_h=yes
ac_cv_header_stdio_h=yes
ac_cv_header_stdlib_h=yes
ac_cv_header_string_h=yes
ac_cv_header_strings_h=yes
ac_cv_header_sys_stat_h=yes
ac_cv_header_sys_types_h=yes
ac_cv_header_unistd_h=yes
ac_cv_host=x86_64-unknown-linux-gnu
ac_cv_lib_dl_dlopen=yes
ac_cv_lib_z_inflate=yes
ac_cv_objext=o
ac_cv_path_EGREP='/usr/bin/grep -E'
ac_cv_path_GREP=/usr/bin/grep
ac_cv_path_ac_pt_PKG_CONFIG=/usr/bin/pkg-config
ac_cv_path_install='/usr/bin/install -c'
ac_cv_path_mkdir=/usr/bin/mkdir
ac_cv_prog_AWK=gawk
ac_cv_prog_CPP='gcc -E'
ac_cv_prog_CXXCPP='g++ -E'
ac_cv_prog_ac_ct_AR=ar
ac_cv_prog_ac_ct_CC=gcc
ac_cv_prog_ac_ct_CXX=g++
ac_cv_prog_ac_ct_RANLIB=ranlib
ac_cv_prog_ac_ct_STRIP=strip
ac_cv_prog_cc_c89=
ac_cv_prog_cc_g=yes
ac_cv_prog_cxx_g=yes
ac_cv_prog_f77_g=no
ac_cv_prog_make_make_set=yes
ac_cv_target=x86_64-unknown-linux-gnu
am_cv_CC_dependencies_compiler_type=gcc3
am_cv_CXX_dependencies_compiler_type=gcc3
am_cv_prog_tar_ustar=gnutar
lt_cv_deplibs_check_method=pass_all
lt_cv_file_magic_cmd='$MAGIC_CMD'
lt_cv_file_magic_test_file=
lt_cv_ld_reload_flag=-r
lt_cv_objdir=.libs
lt_cv_path_LD=/usr/bin/ld
lt_cv_path_LDCXX='/usr/bin/ld -m elf_x86_64'
lt_cv_path_NM='/usr/bin/nm -B'
lt_cv_path_SED=/usr/bin/sed
lt_cv_prog_compiler_c_o=yes
lt_cv_prog_compiler_c_o_CXX=yes
lt_cv_prog_compiler_pic_works=yes
lt_cv_prog_compiler_pic_works_CXX=yes
lt_cv_prog_compiler_rtti_exceptions=no
lt_cv_prog_compiler_static_works=no
lt_cv_prog_compiler_static_works_CXX=no
lt_cv_prog_gnu_ld=yes
lt_cv_prog_gnu_ldcxx=yes
lt_cv_sys_global_symbol_pipe='sed -n -e '\''s/^.*[ 	]\([ABCDGIRSTW][ABCDGIRSTW]*\)[ 	][ 	]*\([_A-Za-z][_A-Za-z0-9]*\)$/\1 \2 \2/p'\'''
lt_cv_sys_global_symbol_to_c_name_address='sed -n -e '\''s/^: \([^ ]*\) $/  {\"\1\", (lt_ptr) 0},/p'\'' -e '\''s/^[BCDEGRST] \([^ ]*\) \([^ ]*\)$/  {"\2", (lt_ptr) \&\2},/p'\'''
lt_cv_sys_global_symbol_to_cdecl='sed -n -e '\''s/^. .* \(.*\)$/extern int \1;/p'\'''
lt_cv_sys_lib_dlsearch_path_spec='/usr/lib64 /lib64 /usr/lib64/atlas /usr/lib64/iscsi /usr/lib64/llvm /usr/lib64/mysql /usr/lib64/qt-3.3/lib '
lt_cv_sys_lib_search_path_spec='/usr/lib64 /lib64 /usr/local/lib64'
lt_cv_sys_max_cmd_len=1572864
lt_lt_cv_prog_compiler_c_o='"yes"'
lt_lt_cv_prog_compiler_c_o_CXX='"yes"'
lt_lt_cv_sys_global_symbol_pipe='"sed -n -e '\''s/^.*[ 	]\\([ABCDGIRSTW][ABCDGIRSTW]*\\)[ 	][ 	]*\\([_A-Za-z][_A-Za-z0-9]*\\)\$/\\1 \\2 \\2/p'\''"'
lt_lt_cv_sys_global_symbol_to_c_name_address='"sed -n -e '\''s/^: \\([^ ]*\\) \$/  {\\\"\\1\\\", (lt_ptr) 0},/p'\'' -e '\''s/^[BCDEGRST] \\([^ ]*\\) \\([^ ]*\\)\$/  {\"\\2\", (lt_ptr) \\&\\2},/p'\''"'
lt_lt_cv_sys_global_symbol_to_cdecl='"sed -n -e '\''s/^. .* \\(.*\\)\$/extern int \\1;/p'\''"'

## ----------------- ##
## Output variables. ##
## ----------------- ##

ACLOCAL='${SHELL} /home/josh/Downloads/wso2-wsf-php-src-2.1.0/wsf_c/missing --run aclocal-1.10'
AMDEPBACKSLASH='\'
AMDEP_FALSE='#'
AMDEP_TRUE=''
AMTAR='${SHELL} /home/josh/Downloads/wso2-wsf-php-src-2.1.0/wsf_c/missing --run tar'
AR='ar'
AUTOCONF='${SHELL} /home/josh/Downloads/wso2-wsf-php-src-2.1.0/wsf_c/missing --run autoconf'
AUTOHEADER='${SHELL} /home/josh/Downloads/wso2-wsf-php-src-2.1.0/wsf_c/missing --run autoheader'
AUTOMAKE='${SHELL} /home/josh/Downloads/wso2-wsf-php-src-2.1.0/wsf_c/missing --run automake-1.10'
AWK='gawk'
CC='gcc'
CCDEPMODE='depmode=gcc3'
CFLAGS='-g -O2 -D_LARGEFILE64_SOURCE -ansi -Wall -Wno-implicit-function-declaration -Wall -D_GNU_SOURCE'
CPP='gcc -E'
CPPFLAGS=''
CXX='g++'
CXXCPP='g++ -E'
CXXDEPMODE='depmode=gcc3'
CXXFLAGS='-g -O2'
CYGPATH_W='echo'
DEFS='-DHAVE_CONFIG_H'
DEPDIR='.deps'
DSYMUTIL=''
ECHO='echo'
ECHO_C=''
ECHO_N='-n'
ECHO_T=''
EGREP='/usr/bin/grep -E'
EXEEXT=''
F77=''
FFLAGS=''
GREP='/usr/bin/grep'
IKSEMELINC=''
IKSEMELLIB=''
INSTALL_DATA='${INSTALL} -m 644'
INSTALL_PROGRAM='${INSTALL}'
INSTALL_SCRIPT='${INSTALL}'
INSTALL_STRIP_PROGRAM='$(install_sh) -c -s'
LDFLAGS='-lpthread -lsqlite3'
LIBOBJS=''
LIBS='-lz -ldl '
LIBTOOL='$(SHELL) $(top_builddir)/libtool'
LN_S='ln -s'
LTLIBOBJS=''
MAKEINFO='${SHELL} /home/josh/Downloads/wso2-wsf-php-src-2.1.0/wsf_c/missing --run makeinfo'
MKDIR_P='/usr/bin/mkdir -p'
NMEDIT=''
OBJEXT='o'
OMXMLSEC_LIBS=''
OPENSSLINC=''
OPENSSLLIB=''
PACKAGE='wso2-wsf-c-src'
PACKAGE_BUGREPORT=''
PACKAGE_NAME='wso2-wsf-c-src'
PACKAGE_STRING='wso2-wsf-c-src 2.0.0'
PACKAGE_TARNAME='wso2-wsf-c-src'
PACKAGE_VERSION='2.0.0'
PARSER_CFLAGS=''
PARSER_LIBS=''
PATH_SEPARATOR=':'
PKG_CONFIG='/usr/bin/pkg-config'
RAMPART_DIR='rampartc'
RAMPART_LIBS=''
RANLIB='ranlib'
SANDESHA_DIR='sandesha2c'
SAVAN_DIR=''
SED='/usr/bin/sed'
SET_MAKE=''
SHELL='/bin/sh'
STRIP='strip'
VERSION='2.0.0'
WSCLIENT_DIR='wsclient'
ac_ct_CC='gcc'
ac_ct_CXX='g++'
ac_ct_F77=''
am__fastdepCC_FALSE='#'
am__fastdepCC_TRUE=''
am__fastdepCXX_FALSE='#'
am__fastdepCXX_TRUE=''
am__include='include'
am__isrc=''
am__leading_dot='.'
am__quote=''
am__tar='tar --format=ustar -chf - "$$tardir"'
am__untar='tar -xf -'
bindir='${exec_prefix}/bin'
build='x86_64-unknown-linux-gnu'
build_alias=''
build_cpu='x86_64'
build_os='linux-gnu'
build_vendor='unknown'
datadir='${datarootdir}'
datarootdir='${prefix}/share'
docdir='${datarootdir}/doc/${PACKAGE_TARNAME}'
dvidir='${docdir}'
exec_prefix='${prefix}'
host='x86_64-unknown-linux-gnu'
host_alias=''
host_cpu='x86_64'
host_os='linux-gnu'
host_vendor='unknown'
htmldir='${docdir}'
includedir='${prefix}/include'
infodir='${datarootdir}/info'
install_sh='$(SHELL) /home/josh/Downloads/wso2-wsf-php-src-2.1.0/wsf_c/install-sh'
libdir='${exec_prefix}/lib'
libexecdir='${exec_prefix}/libexec'
localedir='${datarootdir}/locale'
localstatedir='${prefix}/var'
mandir='${datarootdir}/man'
mkdir_p='/usr/bin/mkdir -p'
oldincludedir='/usr/include'
pdfdir='${docdir}'
prefix='/usr/lib64/php/modules/wsf_c'
program_transform_name='s,x,x,'
psdir='${docdir}'
sbindir='${exec_prefix}/sbin'
sharedstatedir='${prefix}/com'
subdirs=' axis2c axis2c/tools/tcpmon rampartc wsclient sandesha2c'
sysconfdir='${prefix}/etc'
target='x86_64-unknown-linux-gnu'
target_alias=''
target_cpu='x86_64'
target_os='linux-gnu'
target_vendor='unknown'

## ----------- ##
## confdefs.h. ##
## ----------- ##

#define PACKAGE_NAME "wso2-wsf-c-src"
#define PACKAGE_TARNAME "wso2-wsf-c-src"
#define PACKAGE_VERSION "2.0.0"
#define PACKAGE_STRING "wso2-wsf-c-src 2.0.0"
#define PACKAGE_BUGREPORT ""
#define PACKAGE "wso2-wsf-c-src"
#define VERSION "2.0.0"
#define STDC_HEADERS 1
#define HAVE_SYS_TYPES_H 1
#define HAVE_SYS_STAT_H 1
#define HAVE_STDLIB_H 1
#define HAVE_STRING_H 1
#define HAVE_MEMORY_H 1
#define HAVE_STRINGS_H 1
#define HAVE_INTTYPES_H 1
#define HAVE_STDINT_H 1
#define HAVE_UNISTD_H 1
#define HAVE_DLFCN_H 1
#define HAVE_LIBDL 1
#define HAVE_LIBZ 1
#define STDC_HEADERS 1
#define HAVE_STDIO_H 1
#define HAVE_STDLIB_H 1
#define HAVE_STRING_H 1
#define HAVE_LINUX_IF_H 1

configure: exit 0
